[r040c04s02:38506] procdir: /scratch_local/slurm_job.845611/openmpi-sessions-29530@r040c04s02_0/60738/0/0
[r040c04s02:38506] jobdir: /scratch_local/slurm_job.845611/openmpi-sessions-29530@r040c04s02_0/60738/0
[r040c04s02:38506] top: openmpi-sessions-29530@r040c04s02_0
[r040c04s02:38506] tmp: /scratch_local/slurm_job.845611
[r040c04s02:38506] sess_dir_cleanup: job session dir does not exist
[r040c04s02:38506] procdir: /scratch_local/slurm_job.845611/openmpi-sessions-29530@r040c04s02_0/60738/0/0
[r040c04s02:38506] jobdir: /scratch_local/slurm_job.845611/openmpi-sessions-29530@r040c04s02_0/60738/0
[r040c04s02:38506] top: openmpi-sessions-29530@r040c04s02_0
[r040c04s02:38506] tmp: /scratch_local/slurm_job.845611
[r040c04s02:38506] mpirun: reset PATH: /cineca/prod/opt/compilers/openmpi/2.1.1/gnu--7.3.0/bin:/cineca/prod/opt/applications/orca/4.0.1/binary/bin:/cineca/prod/opt/compilers/openmpi/2.1.1/gnu--7.3.0/bin:/cineca/prod/opt/compilers/gnu/7.3.0/none/bin:/marconi/home/userexternal/fcappel1/.pyenv/shims:/marconi/home/userexternal/fcappel1/.pyenv/bin:/marconi_work/Pra14_3574/Francesco/bin/orca_4_0_0_linux_x86-64/:/marconi/home/userexternal/fcappel1/ase/bin:/marconi_work/Pra14_3574/LAMMPS/Francesco/lammps/exe:/marconi/home/userexternal/fcappel1/cp2k/exe/Linux-x86-64-gfortran:marconi/home/userexternal/fcappel1/bin:/marconi_work/Pra14_3574/Francesco/bin:/cineca/bin:/usr/lib64/qt-3.3/bin:/cineca/sysprod/pbs/default/bin:/usr/local/bin:/usr/bin:/usr/local/sbin:/usr/sbin:/marconi/home/userexternal/fcappel1/.local/bin:/marconi/home/userexternal/fcappel1/bin
[r040c04s02:38506] mpirun: reset LD_LIBRARY_PATH: /cineca/prod/opt/compilers/openmpi/2.1.1/gnu--7.3.0/lib:/cineca/prod/opt/compilers/openmpi/2.1.1/gnu--7.3.0/lib:/cineca/prod/opt/compilers/gnu/7.3.0/none/lib64
[r040c04s02:38506] [[60738,0],0] Releasing job data for [INVALID]
[r040c04s02:38539] procdir: /scratch_local/slurm_job.845611/openmpi-sessions-29530@r040c04s02_0/60738/1/6
[r040c04s02:38539] jobdir: /scratch_local/slurm_job.845611/openmpi-sessions-29530@r040c04s02_0/60738/1
[r040c04s02:38539] top: openmpi-sessions-29530@r040c04s02_0
[r040c04s02:38539] tmp: /scratch_local/slurm_job.845611
[r040c04s02:38545] procdir: /scratch_local/slurm_job.845611/openmpi-sessions-29530@r040c04s02_0/60738/1/8
[r040c04s02:38545] jobdir: /scratch_local/slurm_job.845611/openmpi-sessions-29530@r040c04s02_0/60738/1
[r040c04s02:38545] top: openmpi-sessions-29530@r040c04s02_0
[r040c04s02:38545] tmp: /scratch_local/slurm_job.845611
[r040c04s02:38524] procdir: /scratch_local/slurm_job.845611/openmpi-sessions-29530@r040c04s02_0/60738/1/1
[r040c04s02:38524] jobdir: /scratch_local/slurm_job.845611/openmpi-sessions-29530@r040c04s02_0/60738/1
[r040c04s02:38524] top: openmpi-sessions-29530@r040c04s02_0
[r040c04s02:38524] tmp: /scratch_local/slurm_job.845611
[r040c04s02:38530] procdir: /scratch_local/slurm_job.845611/openmpi-sessions-29530@r040c04s02_0/60738/1/3
[r040c04s02:38530] jobdir: /scratch_local/slurm_job.845611/openmpi-sessions-29530@r040c04s02_0/60738/1
[r040c04s02:38530] top: openmpi-sessions-29530@r040c04s02_0
[r040c04s02:38530] tmp: /scratch_local/slurm_job.845611
[r040c04s02:38536] procdir: /scratch_local/slurm_job.845611/openmpi-sessions-29530@r040c04s02_0/60738/1/5
[r040c04s02:38536] jobdir: /scratch_local/slurm_job.845611/openmpi-sessions-29530@r040c04s02_0/60738/1
[r040c04s02:38536] top: openmpi-sessions-29530@r040c04s02_0
[r040c04s02:38536] tmp: /scratch_local/slurm_job.845611
[r040c04s02:38548] procdir: /scratch_local/slurm_job.845611/openmpi-sessions-29530@r040c04s02_0/60738/1/9
[r040c04s02:38548] jobdir: /scratch_local/slurm_job.845611/openmpi-sessions-29530@r040c04s02_0/60738/1
[r040c04s02:38548] top: openmpi-sessions-29530@r040c04s02_0
[r040c04s02:38548] tmp: /scratch_local/slurm_job.845611
[r040c04s02:38522] procdir: /scratch_local/slurm_job.845611/openmpi-sessions-29530@r040c04s02_0/60738/1/0
[r040c04s02:38522] jobdir: /scratch_local/slurm_job.845611/openmpi-sessions-29530@r040c04s02_0/60738/1
[r040c04s02:38522] top: openmpi-sessions-29530@r040c04s02_0
[r040c04s02:38522] tmp: /scratch_local/slurm_job.845611
[r040c04s02:38527] procdir: /scratch_local/slurm_job.845611/openmpi-sessions-29530@r040c04s02_0/60738/1/2
[r040c04s02:38527] jobdir: /scratch_local/slurm_job.845611/openmpi-sessions-29530@r040c04s02_0/60738/1
[r040c04s02:38527] top: openmpi-sessions-29530@r040c04s02_0
[r040c04s02:38527] tmp: /scratch_local/slurm_job.845611
[r040c04s02:38553] procdir: /scratch_local/slurm_job.845611/openmpi-sessions-29530@r040c04s02_0/60738/1/11
[r040c04s02:38553] jobdir: /scratch_local/slurm_job.845611/openmpi-sessions-29530@r040c04s02_0/60738/1
[r040c04s02:38553] top: openmpi-sessions-29530@r040c04s02_0
[r040c04s02:38553] tmp: /scratch_local/slurm_job.845611
[r040c04s02:38550] procdir: /scratch_local/slurm_job.845611/openmpi-sessions-29530@r040c04s02_0/60738/1/10
[r040c04s02:38550] jobdir: /scratch_local/slurm_job.845611/openmpi-sessions-29530@r040c04s02_0/60738/1
[r040c04s02:38550] top: openmpi-sessions-29530@r040c04s02_0
[r040c04s02:38550] tmp: /scratch_local/slurm_job.845611
  MPIR_being_debugged = 0
  MPIR_debug_state = 1
  MPIR_partial_attach_ok = 1
  MPIR_i_am_starter = 0
  MPIR_forward_output = 0
  MPIR_proctable_size = 12
  MPIR_proctable:
    (i, host, exe, pid) = (0, r040c04s02, /cineca/prod/opt/applications/orca/4.0.1/binary/bin/orca_gtoint_mpi, 38522)
    (i, host, exe, pid) = (1, r040c04s02, /cineca/prod/opt/applications/orca/4.0.1/binary/bin/orca_gtoint_mpi, 38524)
    (i, host, exe, pid) = (2, r040c04s02, /cineca/prod/opt/applications/orca/4.0.1/binary/bin/orca_gtoint_mpi, 38527)
    (i, host, exe, pid) = (3, r040c04s02, /cineca/prod/opt/applications/orca/4.0.1/binary/bin/orca_gtoint_mpi, 38530)
    (i, host, exe, pid) = (4, r040c04s02, /cineca/prod/opt/applications/orca/4.0.1/binary/bin/orca_gtoint_mpi, 38533)
    (i, host, exe, pid) = (5, r040c04s02, /cineca/prod/opt/applications/orca/4.0.1/binary/bin/orca_gtoint_mpi, 38536)
    (i, host, exe, pid) = (6, r040c04s02, /cineca/prod/opt/applications/orca/4.0.1/binary/bin/orca_gtoint_mpi, 38539)
    (i, host, exe, pid) = (7, r040c04s02, /cineca/prod/opt/applications/orca/4.0.1/binary/bin/orca_gtoint_mpi, 38542)
    (i, host, exe, pid) = (8, r040c04s02, /cineca/prod/opt/applications/orca/4.0.1/binary/bin/orca_gtoint_mpi, 38545)
    (i, host, exe, pid) = (9, r040c04s02, /cineca/prod/opt/applications/orca/4.0.1/binary/bin/orca_gtoint_mpi, 38548)
    (i, host, exe, pid) = (10, r040c04s02, /cineca/prod/opt/applications/orca/4.0.1/binary/bin/orca_gtoint_mpi, 38550)
    (i, host, exe, pid) = (11, r040c04s02, /cineca/prod/opt/applications/orca/4.0.1/binary/bin/orca_gtoint_mpi, 38553)
MPIR_executable_path: NULL
MPIR_server_arguments: NULL
[r040c04s02:38542] procdir: /scratch_local/slurm_job.845611/openmpi-sessions-29530@r040c04s02_0/60738/1/7
[r040c04s02:38542] jobdir: /scratch_local/slurm_job.845611/openmpi-sessions-29530@r040c04s02_0/60738/1
[r040c04s02:38542] top: openmpi-sessions-29530@r040c04s02_0
[r040c04s02:38542] tmp: /scratch_local/slurm_job.845611
[r040c04s02:38533] procdir: /scratch_local/slurm_job.845611/openmpi-sessions-29530@r040c04s02_0/60738/1/4
[r040c04s02:38533] jobdir: /scratch_local/slurm_job.845611/openmpi-sessions-29530@r040c04s02_0/60738/1
[r040c04s02:38533] top: openmpi-sessions-29530@r040c04s02_0
[r040c04s02:38533] tmp: /scratch_local/slurm_job.845611
[r040c04s02:38548] sess_dir_finalize: proc session dir does not exist
[r040c04s02:38533] sess_dir_finalize: proc session dir does not exist
[r040c04s02:38506] sess_dir_finalize: proc session dir does not exist
[r040c04s02:38506] sess_dir_finalize: proc session dir does not exist
[r040c04s02:38553] sess_dir_finalize: proc session dir does not exist
[r040c04s02:38530] sess_dir_finalize: proc session dir does not exist
[r040c04s02:38527] sess_dir_finalize: proc session dir does not exist
[r040c04s02:38539] sess_dir_finalize: proc session dir does not exist
[r040c04s02:38506] sess_dir_finalize: proc session dir does not exist
[r040c04s02:38506] sess_dir_finalize: proc session dir does not exist
[r040c04s02:38506] sess_dir_finalize: proc session dir does not exist
[r040c04s02:38506] sess_dir_finalize: proc session dir does not exist
[r040c04s02:38522] sess_dir_finalize: proc session dir does not exist
[r040c04s02:38506] sess_dir_finalize: proc session dir does not exist
[r040c04s02:38524] sess_dir_finalize: proc session dir does not exist
[r040c04s02:38506] sess_dir_finalize: proc session dir does not exist
[r040c04s02:38550] sess_dir_finalize: proc session dir does not exist
[r040c04s02:38506] sess_dir_finalize: proc session dir does not exist
[r040c04s02:38545] sess_dir_finalize: proc session dir does not exist
[r040c04s02:38506] sess_dir_finalize: proc session dir does not exist
[r040c04s02:38542] sess_dir_finalize: proc session dir does not exist
[r040c04s02:38536] sess_dir_finalize: proc session dir does not exist
[r040c04s02:38506] sess_dir_finalize: proc session dir does not exist
[r040c04s02:38506] sess_dir_finalize: proc session dir does not exist
[r040c04s02:38506] sess_dir_finalize: proc session dir does not exist
[r040c04s02:38506] sess_dir_cleanup: job session dir does not exist
exiting with status 0
[r040c04s02:38634] procdir: /scratch_local/slurm_job.845611/openmpi-sessions-29530@r040c04s02_0/60866/0/0
[r040c04s02:38634] jobdir: /scratch_local/slurm_job.845611/openmpi-sessions-29530@r040c04s02_0/60866/0
[r040c04s02:38634] top: openmpi-sessions-29530@r040c04s02_0
[r040c04s02:38634] tmp: /scratch_local/slurm_job.845611
[r040c04s02:38634] sess_dir_cleanup: job session dir does not exist
[r040c04s02:38634] procdir: /scratch_local/slurm_job.845611/openmpi-sessions-29530@r040c04s02_0/60866/0/0
[r040c04s02:38634] jobdir: /scratch_local/slurm_job.845611/openmpi-sessions-29530@r040c04s02_0/60866/0
[r040c04s02:38634] top: openmpi-sessions-29530@r040c04s02_0
[r040c04s02:38634] tmp: /scratch_local/slurm_job.845611
[r040c04s02:38634] mpirun: reset PATH: /cineca/prod/opt/compilers/openmpi/2.1.1/gnu--7.3.0/bin:/cineca/prod/opt/applications/orca/4.0.1/binary/bin:/cineca/prod/opt/compilers/openmpi/2.1.1/gnu--7.3.0/bin:/cineca/prod/opt/compilers/gnu/7.3.0/none/bin:/marconi/home/userexternal/fcappel1/.pyenv/shims:/marconi/home/userexternal/fcappel1/.pyenv/bin:/marconi_work/Pra14_3574/Francesco/bin/orca_4_0_0_linux_x86-64/:/marconi/home/userexternal/fcappel1/ase/bin:/marconi_work/Pra14_3574/LAMMPS/Francesco/lammps/exe:/marconi/home/userexternal/fcappel1/cp2k/exe/Linux-x86-64-gfortran:marconi/home/userexternal/fcappel1/bin:/marconi_work/Pra14_3574/Francesco/bin:/cineca/bin:/usr/lib64/qt-3.3/bin:/cineca/sysprod/pbs/default/bin:/usr/local/bin:/usr/bin:/usr/local/sbin:/usr/sbin:/marconi/home/userexternal/fcappel1/.local/bin:/marconi/home/userexternal/fcappel1/bin
[r040c04s02:38634] mpirun: reset LD_LIBRARY_PATH: /cineca/prod/opt/compilers/openmpi/2.1.1/gnu--7.3.0/lib:/cineca/prod/opt/compilers/openmpi/2.1.1/gnu--7.3.0/lib:/cineca/prod/opt/compilers/gnu/7.3.0/none/lib64
[r040c04s02:38634] [[60866,0],0] Releasing job data for [INVALID]
[r040c04s02:38651] procdir: /scratch_local/slurm_job.845611/openmpi-sessions-29530@r040c04s02_0/60866/1/2
[r040c04s02:38651] jobdir: /scratch_local/slurm_job.845611/openmpi-sessions-29530@r040c04s02_0/60866/1
[r040c04s02:38651] top: openmpi-sessions-29530@r040c04s02_0
[r040c04s02:38651] tmp: /scratch_local/slurm_job.845611
[r040c04s02:38673] procdir: /scratch_local/slurm_job.845611/openmpi-sessions-29530@r040c04s02_0/60866/1/11
[r040c04s02:38673] jobdir: /scratch_local/slurm_job.845611/openmpi-sessions-29530@r040c04s02_0/60866/1
[r040c04s02:38673] top: openmpi-sessions-29530@r040c04s02_0
[r040c04s02:38673] tmp: /scratch_local/slurm_job.845611
[r040c04s02:38649] procdir: /scratch_local/slurm_job.845611/openmpi-sessions-29530@r040c04s02_0/60866/1/1
[r040c04s02:38649] jobdir: /scratch_local/slurm_job.845611/openmpi-sessions-29530@r040c04s02_0/60866/1
[r040c04s02:38649] top: openmpi-sessions-29530@r040c04s02_0
[r040c04s02:38649] tmp: /scratch_local/slurm_job.845611
[r040c04s02:38658] procdir: /scratch_local/slurm_job.845611/openmpi-sessions-29530@r040c04s02_0/60866/1/4
[r040c04s02:38658] jobdir: /scratch_local/slurm_job.845611/openmpi-sessions-29530@r040c04s02_0/60866/1
[r040c04s02:38658] top: openmpi-sessions-29530@r040c04s02_0
[r040c04s02:38658] tmp: /scratch_local/slurm_job.845611
[r040c04s02:38660] procdir: /scratch_local/slurm_job.845611/openmpi-sessions-29530@r040c04s02_0/60866/1/5
[r040c04s02:38660] jobdir: /scratch_local/slurm_job.845611/openmpi-sessions-29530@r040c04s02_0/60866/1
[r040c04s02:38660] top: openmpi-sessions-29530@r040c04s02_0
[r040c04s02:38660] tmp: /scratch_local/slurm_job.845611
[r040c04s02:38668] procdir: /scratch_local/slurm_job.845611/openmpi-sessions-29530@r040c04s02_0/60866/1/9
[r040c04s02:38668] jobdir: /scratch_local/slurm_job.845611/openmpi-sessions-29530@r040c04s02_0/60866/1
[r040c04s02:38668] top: openmpi-sessions-29530@r040c04s02_0
[r040c04s02:38668] tmp: /scratch_local/slurm_job.845611
[r040c04s02:38647] procdir: /scratch_local/slurm_job.845611/openmpi-sessions-29530@r040c04s02_0/60866/1/0
[r040c04s02:38647] jobdir: /scratch_local/slurm_job.845611/openmpi-sessions-29530@r040c04s02_0/60866/1
[r040c04s02:38647] top: openmpi-sessions-29530@r040c04s02_0
[r040c04s02:38647] tmp: /scratch_local/slurm_job.845611
[r040c04s02:38656] procdir: /scratch_local/slurm_job.845611/openmpi-sessions-29530@r040c04s02_0/60866/1/3
[r040c04s02:38656] jobdir: /scratch_local/slurm_job.845611/openmpi-sessions-29530@r040c04s02_0/60866/1
[r040c04s02:38656] top: openmpi-sessions-29530@r040c04s02_0
[r040c04s02:38656] tmp: /scratch_local/slurm_job.845611
[r040c04s02:38666] procdir: /scratch_local/slurm_job.845611/openmpi-sessions-29530@r040c04s02_0/60866/1/8
[r040c04s02:38666] jobdir: /scratch_local/slurm_job.845611/openmpi-sessions-29530@r040c04s02_0/60866/1
[r040c04s02:38666] top: openmpi-sessions-29530@r040c04s02_0
[r040c04s02:38666] tmp: /scratch_local/slurm_job.845611
[r040c04s02:38670] procdir: /scratch_local/slurm_job.845611/openmpi-sessions-29530@r040c04s02_0/60866/1/10
[r040c04s02:38670] jobdir: /scratch_local/slurm_job.845611/openmpi-sessions-29530@r040c04s02_0/60866/1
[r040c04s02:38670] top: openmpi-sessions-29530@r040c04s02_0
[r040c04s02:38670] tmp: /scratch_local/slurm_job.845611
  MPIR_being_debugged = 0
  MPIR_debug_state = 1
  MPIR_partial_attach_ok = 1
  MPIR_i_am_starter = 0
  MPIR_forward_output = 0
  MPIR_proctable_size = 12
  MPIR_proctable:
    (i, host, exe, pid) = (0, r040c04s02, /cineca/prod/opt/applications/orca/4.0.1/binary/bin/orca_scf_mpi, 38647)
    (i, host, exe, pid) = (1, r040c04s02, /cineca/prod/opt/applications/orca/4.0.1/binary/bin/orca_scf_mpi, 38649)
    (i, host, exe, pid) = (2, r040c04s02, /cineca/prod/opt/applications/orca/4.0.1/binary/bin/orca_scf_mpi, 38651)
    (i, host, exe, pid) = (3, r040c04s02, /cineca/prod/opt/applications/orca/4.0.1/binary/bin/orca_scf_mpi, 38656)
    (i, host, exe, pid) = (4, r040c04s02, /cineca/prod/opt/applications/orca/4.0.1/binary/bin/orca_scf_mpi, 38658)
    (i, host, exe, pid) = (5, r040c04s02, /cineca/prod/opt/applications/orca/4.0.1/binary/bin/orca_scf_mpi, 38660)
    (i, host, exe, pid) = (6, r040c04s02, /cineca/prod/opt/applications/orca/4.0.1/binary/bin/orca_scf_mpi, 38662)
    (i, host, exe, pid) = (7, r040c04s02, /cineca/prod/opt/applications/orca/4.0.1/binary/bin/orca_scf_mpi, 38664)
    (i, host, exe, pid) = (8, r040c04s02, /cineca/prod/opt/applications/orca/4.0.1/binary/bin/orca_scf_mpi, 38666)
    (i, host, exe, pid) = (9, r040c04s02, /cineca/prod/opt/applications/orca/4.0.1/binary/bin/orca_scf_mpi, 38668)
    (i, host, exe, pid) = (10, r040c04s02, /cineca/prod/opt/applications/orca/4.0.1/binary/bin/orca_scf_mpi, 38670)
    (i, host, exe, pid) = (11, r040c04s02, /cineca/prod/opt/applications/orca/4.0.1/binary/bin/orca_scf_mpi, 38673)
MPIR_executable_path: NULL
MPIR_server_arguments: NULL
[r040c04s02:38664] procdir: /scratch_local/slurm_job.845611/openmpi-sessions-29530@r040c04s02_0/60866/1/7
[r040c04s02:38664] jobdir: /scratch_local/slurm_job.845611/openmpi-sessions-29530@r040c04s02_0/60866/1
[r040c04s02:38664] top: openmpi-sessions-29530@r040c04s02_0
[r040c04s02:38664] tmp: /scratch_local/slurm_job.845611
[r040c04s02:38662] procdir: /scratch_local/slurm_job.845611/openmpi-sessions-29530@r040c04s02_0/60866/1/6
[r040c04s02:38662] jobdir: /scratch_local/slurm_job.845611/openmpi-sessions-29530@r040c04s02_0/60866/1
[r040c04s02:38662] top: openmpi-sessions-29530@r040c04s02_0
[r040c04s02:38662] tmp: /scratch_local/slurm_job.845611
[r040c04s02:38666] sess_dir_finalize: proc session dir does not exist
[r040c04s02:38662] sess_dir_finalize: proc session dir does not exist
[r040c04s02:38673] sess_dir_finalize: proc session dir does not exist
[r040c04s02:38670] sess_dir_finalize: proc session dir does not exist
[r040c04s02:38658] sess_dir_finalize: proc session dir does not exist
[r040c04s02:38634] sess_dir_finalize: proc session dir does not exist
[r040c04s02:38634] sess_dir_finalize: proc session dir does not exist
[r040c04s02:38634] sess_dir_finalize: proc session dir does not exist
[r040c04s02:38634] sess_dir_finalize: proc session dir does not exist
[r040c04s02:38634] sess_dir_finalize: proc session dir does not exist
[r040c04s02:38660] sess_dir_finalize: proc session dir does not exist
[r040c04s02:38647] sess_dir_finalize: proc session dir does not exist
[r040c04s02:38656] sess_dir_finalize: proc session dir does not exist
[r040c04s02:38634] sess_dir_finalize: proc session dir does not exist
[r040c04s02:38634] sess_dir_finalize: proc session dir does not exist
[r040c04s02:38649] sess_dir_finalize: proc session dir does not exist
[r040c04s02:38634] sess_dir_finalize: proc session dir does not exist
[r040c04s02:38634] sess_dir_finalize: proc session dir does not exist
[r040c04s02:38651] sess_dir_finalize: proc session dir does not exist
[r040c04s02:38634] sess_dir_finalize: proc session dir does not exist
[r040c04s02:38668] sess_dir_finalize: proc session dir does not exist
[r040c04s02:38634] sess_dir_finalize: proc session dir does not exist
[r040c04s02:38664] sess_dir_finalize: proc session dir does not exist
[r040c04s02:38634] sess_dir_finalize: proc session dir does not exist
[r040c04s02:38634] sess_dir_finalize: proc session dir does not exist
[r040c04s02:38634] sess_dir_cleanup: job session dir does not exist
exiting with status 0
[r040c04s02:43693] procdir: /scratch_local/slurm_job.845611/openmpi-sessions-29530@r040c04s02_0/53637/0/0
[r040c04s02:43693] jobdir: /scratch_local/slurm_job.845611/openmpi-sessions-29530@r040c04s02_0/53637/0
[r040c04s02:43693] top: openmpi-sessions-29530@r040c04s02_0
[r040c04s02:43693] tmp: /scratch_local/slurm_job.845611
[r040c04s02:43693] sess_dir_cleanup: job session dir does not exist
[r040c04s02:43693] procdir: /scratch_local/slurm_job.845611/openmpi-sessions-29530@r040c04s02_0/53637/0/0
[r040c04s02:43693] jobdir: /scratch_local/slurm_job.845611/openmpi-sessions-29530@r040c04s02_0/53637/0
[r040c04s02:43693] top: openmpi-sessions-29530@r040c04s02_0
[r040c04s02:43693] tmp: /scratch_local/slurm_job.845611
[r040c04s02:43693] mpirun: reset PATH: /cineca/prod/opt/compilers/openmpi/2.1.1/gnu--7.3.0/bin:/cineca/prod/opt/applications/orca/4.0.1/binary/bin:/cineca/prod/opt/compilers/openmpi/2.1.1/gnu--7.3.0/bin:/cineca/prod/opt/compilers/gnu/7.3.0/none/bin:/marconi/home/userexternal/fcappel1/.pyenv/shims:/marconi/home/userexternal/fcappel1/.pyenv/bin:/marconi_work/Pra14_3574/Francesco/bin/orca_4_0_0_linux_x86-64/:/marconi/home/userexternal/fcappel1/ase/bin:/marconi_work/Pra14_3574/LAMMPS/Francesco/lammps/exe:/marconi/home/userexternal/fcappel1/cp2k/exe/Linux-x86-64-gfortran:marconi/home/userexternal/fcappel1/bin:/marconi_work/Pra14_3574/Francesco/bin:/cineca/bin:/usr/lib64/qt-3.3/bin:/cineca/sysprod/pbs/default/bin:/usr/local/bin:/usr/bin:/usr/local/sbin:/usr/sbin:/marconi/home/userexternal/fcappel1/.local/bin:/marconi/home/userexternal/fcappel1/bin
[r040c04s02:43693] mpirun: reset LD_LIBRARY_PATH: /cineca/prod/opt/compilers/openmpi/2.1.1/gnu--7.3.0/lib:/cineca/prod/opt/compilers/openmpi/2.1.1/gnu--7.3.0/lib:/cineca/prod/opt/compilers/gnu/7.3.0/none/lib64
[r040c04s02:43693] [[53637,0],0] Releasing job data for [INVALID]
  MPIR_being_debugged = 0
  MPIR_debug_state = 1
  MPIR_partial_attach_ok = 1
  MPIR_i_am_starter = 0
  MPIR_forward_output = 0
  MPIR_proctable_size = 12
  MPIR_proctable:
    (i, host, exe, pid) = (0, r040c04s02, /cineca/prod/opt/applications/orca/4.0.1/binary/bin/orca_scfgrad_mpi, 43698)
    (i, host, exe, pid) = (1, r040c04s02, /cineca/prod/opt/applications/orca/4.0.1/binary/bin/orca_scfgrad_mpi, 43699)
    (i, host, exe, pid) = (2, r040c04s02, /cineca/prod/opt/applications/orca/4.0.1/binary/bin/orca_scfgrad_mpi, 43700)
    (i, host, exe, pid) = (3, r040c04s02, /cineca/prod/opt/applications/orca/4.0.1/binary/bin/orca_scfgrad_mpi, 43701)
    (i, host, exe, pid) = (4, r040c04s02, /cineca/prod/opt/applications/orca/4.0.1/binary/bin/orca_scfgrad_mpi, 43702)
    (i, host, exe, pid) = (5, r040c04s02, /cineca/prod/opt/applications/orca/4.0.1/binary/bin/orca_scfgrad_mpi, 43703)
    (i, host, exe, pid) = (6, r040c04s02, /cineca/prod/opt/applications/orca/4.0.1/binary/bin/orca_scfgrad_mpi, 43704)
    (i, host, exe, pid) = (7, r040c04s02, /cineca/prod/opt/applications/orca/4.0.1/binary/bin/orca_scfgrad_mpi, 43705)
    (i, host, exe, pid) = (8, r040c04s02, /cineca/prod/opt/applications/orca/4.0.1/binary/bin/orca_scfgrad_mpi, 43706)
    (i, host, exe, pid) = (9, r040c04s02, /cineca/prod/opt/applications/orca/4.0.1/binary/bin/orca_scfgrad_mpi, 43707)
    (i, host, exe, pid) = (10, r040c04s02, /cineca/prod/opt/applications/orca/4.0.1/binary/bin/orca_scfgrad_mpi, 43708)
    (i, host, exe, pid) = (11, r040c04s02, /cineca/prod/opt/applications/orca/4.0.1/binary/bin/orca_scfgrad_mpi, 43709)
MPIR_executable_path: NULL
MPIR_server_arguments: NULL
[r040c04s02:43700] procdir: /scratch_local/slurm_job.845611/openmpi-sessions-29530@r040c04s02_0/53637/1/2
[r040c04s02:43700] jobdir: /scratch_local/slurm_job.845611/openmpi-sessions-29530@r040c04s02_0/53637/1
[r040c04s02:43700] top: openmpi-sessions-29530@r040c04s02_0
[r040c04s02:43700] tmp: /scratch_local/slurm_job.845611
[r040c04s02:43708] procdir: /scratch_local/slurm_job.845611/openmpi-sessions-29530@r040c04s02_0/53637/1/10
[r040c04s02:43708] jobdir: /scratch_local/slurm_job.845611/openmpi-sessions-29530@r040c04s02_0/53637/1
[r040c04s02:43708] top: openmpi-sessions-29530@r040c04s02_0
[r040c04s02:43708] tmp: /scratch_local/slurm_job.845611
[r040c04s02:43699] procdir: /scratch_local/slurm_job.845611/openmpi-sessions-29530@r040c04s02_0/53637/1/1
[r040c04s02:43699] jobdir: /scratch_local/slurm_job.845611/openmpi-sessions-29530@r040c04s02_0/53637/1
[r040c04s02:43699] top: openmpi-sessions-29530@r040c04s02_0
[r040c04s02:43699] tmp: /scratch_local/slurm_job.845611
[r040c04s02:43702] procdir: /scratch_local/slurm_job.845611/openmpi-sessions-29530@r040c04s02_0/53637/1/4
[r040c04s02:43702] jobdir: /scratch_local/slurm_job.845611/openmpi-sessions-29530@r040c04s02_0/53637/1
[r040c04s02:43702] top: openmpi-sessions-29530@r040c04s02_0
[r040c04s02:43702] tmp: /scratch_local/slurm_job.845611
[r040c04s02:43705] procdir: /scratch_local/slurm_job.845611/openmpi-sessions-29530@r040c04s02_0/53637/1/7
[r040c04s02:43705] jobdir: /scratch_local/slurm_job.845611/openmpi-sessions-29530@r040c04s02_0/53637/1
[r040c04s02:43705] top: openmpi-sessions-29530@r040c04s02_0
[r040c04s02:43705] tmp: /scratch_local/slurm_job.845611
[r040c04s02:43709] procdir: /scratch_local/slurm_job.845611/openmpi-sessions-29530@r040c04s02_0/53637/1/11
[r040c04s02:43709] jobdir: /scratch_local/slurm_job.845611/openmpi-sessions-29530@r040c04s02_0/53637/1
[r040c04s02:43709] top: openmpi-sessions-29530@r040c04s02_0
[r040c04s02:43709] tmp: /scratch_local/slurm_job.845611
[r040c04s02:43706] procdir: /scratch_local/slurm_job.845611/openmpi-sessions-29530@r040c04s02_0/53637/1/8
[r040c04s02:43706] jobdir: /scratch_local/slurm_job.845611/openmpi-sessions-29530@r040c04s02_0/53637/1
[r040c04s02:43706] top: openmpi-sessions-29530@r040c04s02_0
[r040c04s02:43706] tmp: /scratch_local/slurm_job.845611
[r040c04s02:43701] procdir: /scratch_local/slurm_job.845611/openmpi-sessions-29530@r040c04s02_0/53637/1/3
[r040c04s02:43701] jobdir: /scratch_local/slurm_job.845611/openmpi-sessions-29530@r040c04s02_0/53637/1
[r040c04s02:43701] top: openmpi-sessions-29530@r040c04s02_0
[r040c04s02:43701] tmp: /scratch_local/slurm_job.845611
[r040c04s02:43698] procdir: /scratch_local/slurm_job.845611/openmpi-sessions-29530@r040c04s02_0/53637/1/0
[r040c04s02:43698] jobdir: /scratch_local/slurm_job.845611/openmpi-sessions-29530@r040c04s02_0/53637/1
[r040c04s02:43698] top: openmpi-sessions-29530@r040c04s02_0
[r040c04s02:43698] tmp: /scratch_local/slurm_job.845611
[r040c04s02:43703] procdir: /scratch_local/slurm_job.845611/openmpi-sessions-29530@r040c04s02_0/53637/1/5
[r040c04s02:43703] jobdir: /scratch_local/slurm_job.845611/openmpi-sessions-29530@r040c04s02_0/53637/1
[r040c04s02:43703] top: openmpi-sessions-29530@r040c04s02_0
[r040c04s02:43703] tmp: /scratch_local/slurm_job.845611
[r040c04s02:43704] procdir: /scratch_local/slurm_job.845611/openmpi-sessions-29530@r040c04s02_0/53637/1/6
[r040c04s02:43704] jobdir: /scratch_local/slurm_job.845611/openmpi-sessions-29530@r040c04s02_0/53637/1
[r040c04s02:43704] top: openmpi-sessions-29530@r040c04s02_0
[r040c04s02:43704] tmp: /scratch_local/slurm_job.845611
[r040c04s02:43707] procdir: /scratch_local/slurm_job.845611/openmpi-sessions-29530@r040c04s02_0/53637/1/9
[r040c04s02:43707] jobdir: /scratch_local/slurm_job.845611/openmpi-sessions-29530@r040c04s02_0/53637/1
[r040c04s02:43707] top: openmpi-sessions-29530@r040c04s02_0
[r040c04s02:43707] tmp: /scratch_local/slurm_job.845611
[r040c04s02:43708] sess_dir_finalize: proc session dir does not exist
[r040c04s02:43693] sess_dir_finalize: proc session dir does not exist
[r040c04s02:43707] sess_dir_finalize: proc session dir does not exist
[r040c04s02:43705] sess_dir_finalize: proc session dir does not exist
[r040c04s02:43700] sess_dir_finalize: proc session dir does not exist
[r040c04s02:43693] sess_dir_finalize: proc session dir does not exist
[r040c04s02:43693] sess_dir_finalize: proc session dir does not exist
[r040c04s02:43693] sess_dir_finalize: proc session dir does not exist
[r040c04s02:43702] sess_dir_finalize: proc session dir does not exist
[r040c04s02:43693] sess_dir_finalize: proc session dir does not exist
[r040c04s02:43706] sess_dir_finalize: proc session dir does not exist
[r040c04s02:43693] sess_dir_finalize: proc session dir does not exist
[r040c04s02:43698] sess_dir_finalize: proc session dir does not exist
[r040c04s02:43704] sess_dir_finalize: proc session dir does not exist
[r040c04s02:43693] sess_dir_finalize: proc session dir does not exist
[r040c04s02:43693] sess_dir_finalize: proc session dir does not exist
[r040c04s02:43701] sess_dir_finalize: proc session dir does not exist
[r040c04s02:43709] sess_dir_finalize: proc session dir does not exist
[r040c04s02:43693] sess_dir_finalize: proc session dir does not exist
[r040c04s02:43693] sess_dir_finalize: proc session dir does not exist
[r040c04s02:43703] sess_dir_finalize: proc session dir does not exist
[r040c04s02:43693] sess_dir_finalize: proc session dir does not exist
[r040c04s02:43699] sess_dir_finalize: proc session dir does not exist
[r040c04s02:43693] sess_dir_finalize: proc session dir does not exist
[r040c04s02:43693] sess_dir_finalize: proc session dir does not exist
[r040c04s02:43693] sess_dir_cleanup: job session dir does not exist
exiting with status 0
[r040c04s02:43826] procdir: /scratch_local/slurm_job.845611/openmpi-sessions-29530@r040c04s02_0/53274/0/0
[r040c04s02:43826] jobdir: /scratch_local/slurm_job.845611/openmpi-sessions-29530@r040c04s02_0/53274/0
[r040c04s02:43826] top: openmpi-sessions-29530@r040c04s02_0
[r040c04s02:43826] tmp: /scratch_local/slurm_job.845611
[r040c04s02:43826] sess_dir_cleanup: job session dir does not exist
[r040c04s02:43826] procdir: /scratch_local/slurm_job.845611/openmpi-sessions-29530@r040c04s02_0/53274/0/0
[r040c04s02:43826] jobdir: /scratch_local/slurm_job.845611/openmpi-sessions-29530@r040c04s02_0/53274/0
[r040c04s02:43826] top: openmpi-sessions-29530@r040c04s02_0
[r040c04s02:43826] tmp: /scratch_local/slurm_job.845611
[r040c04s02:43826] mpirun: reset PATH: /cineca/prod/opt/compilers/openmpi/2.1.1/gnu--7.3.0/bin:/cineca/prod/opt/applications/orca/4.0.1/binary/bin:/cineca/prod/opt/compilers/openmpi/2.1.1/gnu--7.3.0/bin:/cineca/prod/opt/compilers/gnu/7.3.0/none/bin:/marconi/home/userexternal/fcappel1/.pyenv/shims:/marconi/home/userexternal/fcappel1/.pyenv/bin:/marconi_work/Pra14_3574/Francesco/bin/orca_4_0_0_linux_x86-64/:/marconi/home/userexternal/fcappel1/ase/bin:/marconi_work/Pra14_3574/LAMMPS/Francesco/lammps/exe:/marconi/home/userexternal/fcappel1/cp2k/exe/Linux-x86-64-gfortran:marconi/home/userexternal/fcappel1/bin:/marconi_work/Pra14_3574/Francesco/bin:/cineca/bin:/usr/lib64/qt-3.3/bin:/cineca/sysprod/pbs/default/bin:/usr/local/bin:/usr/bin:/usr/local/sbin:/usr/sbin:/marconi/home/userexternal/fcappel1/.local/bin:/marconi/home/userexternal/fcappel1/bin
[r040c04s02:43826] mpirun: reset LD_LIBRARY_PATH: /cineca/prod/opt/compilers/openmpi/2.1.1/gnu--7.3.0/lib:/cineca/prod/opt/compilers/openmpi/2.1.1/gnu--7.3.0/lib:/cineca/prod/opt/compilers/gnu/7.3.0/none/lib64
[r040c04s02:43826] [[53274,0],0] Releasing job data for [INVALID]
  MPIR_being_debugged = 0
  MPIR_debug_state = 1
  MPIR_partial_attach_ok = 1
  MPIR_i_am_starter = 0
  MPIR_forward_output = 0
  MPIR_proctable_size = 12
  MPIR_proctable:
    (i, host, exe, pid) = (0, r040c04s02, /cineca/prod/opt/applications/orca/4.0.1/binary/bin/orca_cleanup_mpi, 43831)
    (i, host, exe, pid) = (1, r040c04s02, /cineca/prod/opt/applications/orca/4.0.1/binary/bin/orca_cleanup_mpi, 43832)
    (i, host, exe, pid) = (2, r040c04s02, /cineca/prod/opt/applications/orca/4.0.1/binary/bin/orca_cleanup_mpi, 43833)
    (i, host, exe, pid) = (3, r040c04s02, /cineca/prod/opt/applications/orca/4.0.1/binary/bin/orca_cleanup_mpi, 43834)
    (i, host, exe, pid) = (4, r040c04s02, /cineca/prod/opt/applications/orca/4.0.1/binary/bin/orca_cleanup_mpi, 43835)
    (i, host, exe, pid) = (5, r040c04s02, /cineca/prod/opt/applications/orca/4.0.1/binary/bin/orca_cleanup_mpi, 43836)
    (i, host, exe, pid) = (6, r040c04s02, /cineca/prod/opt/applications/orca/4.0.1/binary/bin/orca_cleanup_mpi, 43837)
    (i, host, exe, pid) = (7, r040c04s02, /cineca/prod/opt/applications/orca/4.0.1/binary/bin/orca_cleanup_mpi, 43838)
    (i, host, exe, pid) = (8, r040c04s02, /cineca/prod/opt/applications/orca/4.0.1/binary/bin/orca_cleanup_mpi, 43839)
    (i, host, exe, pid) = (9, r040c04s02, /cineca/prod/opt/applications/orca/4.0.1/binary/bin/orca_cleanup_mpi, 43840)
    (i, host, exe, pid) = (10, r040c04s02, /cineca/prod/opt/applications/orca/4.0.1/binary/bin/orca_cleanup_mpi, 43841)
    (i, host, exe, pid) = (11, r040c04s02, /cineca/prod/opt/applications/orca/4.0.1/binary/bin/orca_cleanup_mpi, 43842)
MPIR_executable_path: NULL
MPIR_server_arguments: NULL
[r040c04s02:43833] procdir: /scratch_local/slurm_job.845611/openmpi-sessions-29530@r040c04s02_0/53274/1/2
[r040c04s02:43833] jobdir: /scratch_local/slurm_job.845611/openmpi-sessions-29530@r040c04s02_0/53274/1
[r040c04s02:43833] top: openmpi-sessions-29530@r040c04s02_0
[r040c04s02:43833] tmp: /scratch_local/slurm_job.845611
[r040c04s02:43832] procdir: /scratch_local/slurm_job.845611/openmpi-sessions-29530@r040c04s02_0/53274/1/1
[r040c04s02:43832] jobdir: /scratch_local/slurm_job.845611/openmpi-sessions-29530@r040c04s02_0/53274/1
[r040c04s02:43832] top: openmpi-sessions-29530@r040c04s02_0
[r040c04s02:43832] tmp: /scratch_local/slurm_job.845611
[r040c04s02:43841] procdir: /scratch_local/slurm_job.845611/openmpi-sessions-29530@r040c04s02_0/53274/1/10
[r040c04s02:43841] jobdir: /scratch_local/slurm_job.845611/openmpi-sessions-29530@r040c04s02_0/53274/1
[r040c04s02:43841] top: openmpi-sessions-29530@r040c04s02_0
[r040c04s02:43841] tmp: /scratch_local/slurm_job.845611
[r040c04s02:43837] procdir: /scratch_local/slurm_job.845611/openmpi-sessions-29530@r040c04s02_0/53274/1/6
[r040c04s02:43837] jobdir: /scratch_local/slurm_job.845611/openmpi-sessions-29530@r040c04s02_0/53274/1
[r040c04s02:43837] top: openmpi-sessions-29530@r040c04s02_0
[r040c04s02:43837] tmp: /scratch_local/slurm_job.845611
[r040c04s02:43831] procdir: /scratch_local/slurm_job.845611/openmpi-sessions-29530@r040c04s02_0/53274/1/0
[r040c04s02:43831] jobdir: /scratch_local/slurm_job.845611/openmpi-sessions-29530@r040c04s02_0/53274/1
[r040c04s02:43831] top: openmpi-sessions-29530@r040c04s02_0
[r040c04s02:43831] tmp: /scratch_local/slurm_job.845611
[r040c04s02:43834] procdir: /scratch_local/slurm_job.845611/openmpi-sessions-29530@r040c04s02_0/53274/1/3
[r040c04s02:43834] jobdir: /scratch_local/slurm_job.845611/openmpi-sessions-29530@r040c04s02_0/53274/1
[r040c04s02:43834] top: openmpi-sessions-29530@r040c04s02_0
[r040c04s02:43834] tmp: /scratch_local/slurm_job.845611
[r040c04s02:43835] procdir: /scratch_local/slurm_job.845611/openmpi-sessions-29530@r040c04s02_0/53274/1/4
[r040c04s02:43835] jobdir: /scratch_local/slurm_job.845611/openmpi-sessions-29530@r040c04s02_0/53274/1
[r040c04s02:43835] top: openmpi-sessions-29530@r040c04s02_0
[r040c04s02:43835] tmp: /scratch_local/slurm_job.845611
[r040c04s02:43836] procdir: /scratch_local/slurm_job.845611/openmpi-sessions-29530@r040c04s02_0/53274/1/5
[r040c04s02:43836] jobdir: /scratch_local/slurm_job.845611/openmpi-sessions-29530@r040c04s02_0/53274/1
[r040c04s02:43836] top: openmpi-sessions-29530@r040c04s02_0
[r040c04s02:43836] tmp: /scratch_local/slurm_job.845611
[r040c04s02:43838] procdir: /scratch_local/slurm_job.845611/openmpi-sessions-29530@r040c04s02_0/53274/1/7
[r040c04s02:43838] jobdir: /scratch_local/slurm_job.845611/openmpi-sessions-29530@r040c04s02_0/53274/1
[r040c04s02:43838] top: openmpi-sessions-29530@r040c04s02_0
[r040c04s02:43838] tmp: /scratch_local/slurm_job.845611
[r040c04s02:43842] procdir: /scratch_local/slurm_job.845611/openmpi-sessions-29530@r040c04s02_0/53274/1/11
[r040c04s02:43842] jobdir: /scratch_local/slurm_job.845611/openmpi-sessions-29530@r040c04s02_0/53274/1
[r040c04s02:43842] top: openmpi-sessions-29530@r040c04s02_0
[r040c04s02:43842] tmp: /scratch_local/slurm_job.845611
[r040c04s02:43839] procdir: /scratch_local/slurm_job.845611/openmpi-sessions-29530@r040c04s02_0/53274/1/8
[r040c04s02:43839] jobdir: /scratch_local/slurm_job.845611/openmpi-sessions-29530@r040c04s02_0/53274/1
[r040c04s02:43839] top: openmpi-sessions-29530@r040c04s02_0
[r040c04s02:43839] tmp: /scratch_local/slurm_job.845611
[r040c04s02:43840] procdir: /scratch_local/slurm_job.845611/openmpi-sessions-29530@r040c04s02_0/53274/1/9
[r040c04s02:43840] jobdir: /scratch_local/slurm_job.845611/openmpi-sessions-29530@r040c04s02_0/53274/1
[r040c04s02:43840] top: openmpi-sessions-29530@r040c04s02_0
[r040c04s02:43840] tmp: /scratch_local/slurm_job.845611
[r040c04s02:43842] sess_dir_finalize: proc session dir does not exist
[r040c04s02:43826] sess_dir_finalize: proc session dir does not exist
[r040c04s02:43836] sess_dir_finalize: proc session dir does not exist
[r040c04s02:43833] sess_dir_finalize: proc session dir does not exist
[r040c04s02:43826] sess_dir_finalize: proc session dir does not exist
[r040c04s02:43826] sess_dir_finalize: proc session dir does not exist
[r040c04s02:43841] sess_dir_finalize: proc session dir does not exist
[r040c04s02:43826] sess_dir_finalize: proc session dir does not exist
[r040c04s02:43832] sess_dir_finalize: proc session dir does not exist
[r040c04s02:43826] sess_dir_finalize: proc session dir does not exist
[r040c04s02:43840] sess_dir_finalize: proc session dir does not exist
[r040c04s02:43826] sess_dir_finalize: proc session dir does not exist
[r040c04s02:43839] sess_dir_finalize: proc session dir does not exist
[r040c04s02:43835] sess_dir_finalize: proc session dir does not exist
[r040c04s02:43826] sess_dir_finalize: proc session dir does not exist
[r040c04s02:43826] sess_dir_finalize: proc session dir does not exist
[r040c04s02:43834] sess_dir_finalize: proc session dir does not exist
[r040c04s02:43838] sess_dir_finalize: proc session dir does not exist
[r040c04s02:43826] sess_dir_finalize: proc session dir does not exist
[r040c04s02:43826] sess_dir_finalize: proc session dir does not exist
[r040c04s02:43831] sess_dir_finalize: proc session dir does not exist
[r040c04s02:43837] sess_dir_finalize: proc session dir does not exist
[r040c04s02:43826] sess_dir_finalize: proc session dir does not exist
[r040c04s02:43826] sess_dir_finalize: proc session dir does not exist
[r040c04s02:43826] sess_dir_finalize: proc session dir does not exist
[r040c04s02:43826] sess_dir_cleanup: job session dir does not exist
exiting with status 0
