#       Basis Set including: Spin Array + Spin State
 
       1:   2.50  2.50  2.50  2.50 -2.50 -2.50 -2.50 -2.50
       2:   2.50  2.50  2.50  2.50 -2.50 -2.50 -2.50 -1.50
       3:   2.50  2.50  2.50  2.50 -2.50 -2.50 -2.50 -0.50
       4:   2.50  2.50  2.50  2.50 -2.50 -2.50 -2.50  0.50
       5:   2.50  2.50  2.50  2.50 -2.50 -2.50 -2.50  1.50
       6:   2.50  2.50  2.50  2.50 -2.50 -2.50 -2.50  2.50
       7:   2.50  2.50  2.50  2.50 -2.50 -2.50 -1.50 -2.50
       8:   2.50  2.50  2.50  2.50 -2.50 -2.50 -1.50 -1.50
       9:   2.50  2.50  2.50  2.50 -2.50 -2.50 -1.50 -0.50
      10:   2.50  2.50  2.50  2.50 -2.50 -2.50 -1.50  0.50
      11:   2.50  2.50  2.50  2.50 -2.50 -2.50 -1.50  1.50
      12:   2.50  2.50  2.50  2.50 -2.50 -2.50 -1.50  2.50
      13:   2.50  2.50  2.50  2.50 -2.50 -2.50 -0.50 -2.50
      14:   2.50  2.50  2.50  2.50 -2.50 -2.50 -0.50 -1.50
      15:   2.50  2.50  2.50  2.50 -2.50 -2.50 -0.50 -0.50
      16:   2.50  2.50  2.50  2.50 -2.50 -2.50 -0.50  0.50
      17:   2.50  2.50  2.50  2.50 -2.50 -2.50 -0.50  1.50
      18:   2.50  2.50  2.50  2.50 -2.50 -2.50 -0.50  2.50
      19:   2.50  2.50  2.50  2.50 -2.50 -2.50  0.50 -2.50
      20:   2.50  2.50  2.50  2.50 -2.50 -2.50  0.50 -1.50
      21:   2.50  2.50  2.50  2.50 -2.50 -2.50  0.50 -0.50
      22:   2.50  2.50  2.50  2.50 -2.50 -2.50  0.50  0.50
      23:   2.50  2.50  2.50  2.50 -2.50 -2.50  0.50  1.50
      24:   2.50  2.50  2.50  2.50 -2.50 -2.50  0.50  2.50
      25:   2.50  2.50  2.50  2.50 -2.50 -2.50  1.50 -2.50
      26:   2.50  2.50  2.50  2.50 -2.50 -2.50  1.50 -1.50
      27:   2.50  2.50  2.50  2.50 -2.50 -2.50  1.50 -0.50
      28:   2.50  2.50  2.50  2.50 -2.50 -2.50  1.50  0.50
      29:   2.50  2.50  2.50  2.50 -2.50 -2.50  1.50  1.50
      30:   2.50  2.50  2.50  2.50 -2.50 -2.50  1.50  2.50
      31:   2.50  2.50  2.50  2.50 -2.50 -2.50  2.50 -2.50
      32:   2.50  2.50  2.50  2.50 -2.50 -2.50  2.50 -1.50
      33:   2.50  2.50  2.50  2.50 -2.50 -2.50  2.50 -0.50
      34:   2.50  2.50  2.50  2.50 -2.50 -2.50  2.50  0.50
      35:   2.50  2.50  2.50  2.50 -2.50 -2.50  2.50  1.50
      36:   2.50  2.50  2.50  2.50 -2.50 -2.50  2.50  2.50
      37:   2.50  2.50  2.50  2.50 -2.50 -1.50 -2.50 -2.50
      38:   2.50  2.50  2.50  2.50 -2.50 -1.50 -2.50 -1.50
      39:   2.50  2.50  2.50  2.50 -2.50 -1.50 -2.50 -0.50
      40:   2.50  2.50  2.50  2.50 -2.50 -1.50 -2.50  0.50
      41:   2.50  2.50  2.50  2.50 -2.50 -1.50 -2.50  1.50
      42:   2.50  2.50  2.50  2.50 -2.50 -1.50 -2.50  2.50
      43:   2.50  2.50  2.50  2.50 -2.50 -1.50 -1.50 -2.50
      44:   2.50  2.50  2.50  2.50 -2.50 -1.50 -1.50 -1.50
      45:   2.50  2.50  2.50  2.50 -2.50 -1.50 -1.50 -0.50
      46:   2.50  2.50  2.50  2.50 -2.50 -1.50 -1.50  0.50
      47:   2.50  2.50  2.50  2.50 -2.50 -1.50 -1.50  1.50
      48:   2.50  2.50  2.50  2.50 -2.50 -1.50 -1.50  2.50
      49:   2.50  2.50  2.50  2.50 -2.50 -1.50 -0.50 -2.50
      50:   2.50  2.50  2.50  2.50 -2.50 -1.50 -0.50 -1.50
      51:   2.50  2.50  2.50  2.50 -2.50 -1.50 -0.50 -0.50
      52:   2.50  2.50  2.50  2.50 -2.50 -1.50 -0.50  0.50
      53:   2.50  2.50  2.50  2.50 -2.50 -1.50 -0.50  1.50
      54:   2.50  2.50  2.50  2.50 -2.50 -1.50 -0.50  2.50
      55:   2.50  2.50  2.50  2.50 -2.50 -1.50  0.50 -2.50
      56:   2.50  2.50  2.50  2.50 -2.50 -1.50  0.50 -1.50
      57:   2.50  2.50  2.50  2.50 -2.50 -1.50  0.50 -0.50
      58:   2.50  2.50  2.50  2.50 -2.50 -1.50  0.50  0.50
      59:   2.50  2.50  2.50  2.50 -2.50 -1.50  0.50  1.50
      60:   2.50  2.50  2.50  2.50 -2.50 -1.50  0.50  2.50
      61:   2.50  2.50  2.50  2.50 -2.50 -1.50  1.50 -2.50
      62:   2.50  2.50  2.50  2.50 -2.50 -1.50  1.50 -1.50
      63:   2.50  2.50  2.50  2.50 -2.50 -1.50  1.50 -0.50
      64:   2.50  2.50  2.50  2.50 -2.50 -1.50  1.50  0.50
      65:   2.50  2.50  2.50  2.50 -2.50 -1.50  1.50  1.50
      66:   2.50  2.50  2.50  2.50 -2.50 -1.50  1.50  2.50
      67:   2.50  2.50  2.50  2.50 -2.50 -1.50  2.50 -2.50
      68:   2.50  2.50  2.50  2.50 -2.50 -1.50  2.50 -1.50
      69:   2.50  2.50  2.50  2.50 -2.50 -1.50  2.50 -0.50
      70:   2.50  2.50  2.50  2.50 -2.50 -1.50  2.50  0.50
      71:   2.50  2.50  2.50  2.50 -2.50 -1.50  2.50  1.50
      72:   2.50  2.50  2.50  2.50 -2.50 -1.50  2.50  2.50
      73:   2.50  2.50  2.50  2.50 -2.50 -0.50 -2.50 -2.50
      74:   2.50  2.50  2.50  2.50 -2.50 -0.50 -2.50 -1.50
      75:   2.50  2.50  2.50  2.50 -2.50 -0.50 -2.50 -0.50
      76:   2.50  2.50  2.50  2.50 -2.50 -0.50 -2.50  0.50
      77:   2.50  2.50  2.50  2.50 -2.50 -0.50 -2.50  1.50
      78:   2.50  2.50  2.50  2.50 -2.50 -0.50 -2.50  2.50
      79:   2.50  2.50  2.50  2.50 -2.50 -0.50 -1.50 -2.50
      80:   2.50  2.50  2.50  2.50 -2.50 -0.50 -1.50 -1.50
      81:   2.50  2.50  2.50  2.50 -2.50 -0.50 -1.50 -0.50
      82:   2.50  2.50  2.50  2.50 -2.50 -0.50 -1.50  0.50
      83:   2.50  2.50  2.50  2.50 -2.50 -0.50 -1.50  1.50
      84:   2.50  2.50  2.50  2.50 -2.50 -0.50 -1.50  2.50
      85:   2.50  2.50  2.50  2.50 -2.50 -0.50 -0.50 -2.50
      86:   2.50  2.50  2.50  2.50 -2.50 -0.50 -0.50 -1.50
      87:   2.50  2.50  2.50  2.50 -2.50 -0.50 -0.50 -0.50
      88:   2.50  2.50  2.50  2.50 -2.50 -0.50 -0.50  0.50
      89:   2.50  2.50  2.50  2.50 -2.50 -0.50 -0.50  1.50
      90:   2.50  2.50  2.50  2.50 -2.50 -0.50 -0.50  2.50
      91:   2.50  2.50  2.50  2.50 -2.50 -0.50  0.50 -2.50
      92:   2.50  2.50  2.50  2.50 -2.50 -0.50  0.50 -1.50
      93:   2.50  2.50  2.50  2.50 -2.50 -0.50  0.50 -0.50
      94:   2.50  2.50  2.50  2.50 -2.50 -0.50  0.50  0.50
      95:   2.50  2.50  2.50  2.50 -2.50 -0.50  0.50  1.50
      96:   2.50  2.50  2.50  2.50 -2.50 -0.50  0.50  2.50
      97:   2.50  2.50  2.50  2.50 -2.50 -0.50  1.50 -2.50
      98:   2.50  2.50  2.50  2.50 -2.50 -0.50  1.50 -1.50
      99:   2.50  2.50  2.50  2.50 -2.50 -0.50  1.50 -0.50
     100:   2.50  2.50  2.50  2.50 -2.50 -0.50  1.50  0.50
     101:   2.50  2.50  2.50  2.50 -2.50 -0.50  1.50  1.50
     102:   2.50  2.50  2.50  2.50 -2.50 -0.50  1.50  2.50
     103:   2.50  2.50  2.50  2.50 -2.50 -0.50  2.50 -2.50
     104:   2.50  2.50  2.50  2.50 -2.50 -0.50  2.50 -1.50
     105:   2.50  2.50  2.50  2.50 -2.50 -0.50  2.50 -0.50
     106:   2.50  2.50  2.50  2.50 -2.50 -0.50  2.50  0.50
     107:   2.50  2.50  2.50  2.50 -2.50 -0.50  2.50  1.50
     108:   2.50  2.50  2.50  2.50 -2.50 -0.50  2.50  2.50
     109:   2.50  2.50  2.50  2.50 -2.50  0.50 -2.50 -2.50
     110:   2.50  2.50  2.50  2.50 -2.50  0.50 -2.50 -1.50
     111:   2.50  2.50  2.50  2.50 -2.50  0.50 -2.50 -0.50
     112:   2.50  2.50  2.50  2.50 -2.50  0.50 -2.50  0.50
     113:   2.50  2.50  2.50  2.50 -2.50  0.50 -2.50  1.50
     114:   2.50  2.50  2.50  2.50 -2.50  0.50 -2.50  2.50
     115:   2.50  2.50  2.50  2.50 -2.50  0.50 -1.50 -2.50
     116:   2.50  2.50  2.50  2.50 -2.50  0.50 -1.50 -1.50
     117:   2.50  2.50  2.50  2.50 -2.50  0.50 -1.50 -0.50
     118:   2.50  2.50  2.50  2.50 -2.50  0.50 -1.50  0.50
     119:   2.50  2.50  2.50  2.50 -2.50  0.50 -1.50  1.50
     120:   2.50  2.50  2.50  2.50 -2.50  0.50 -1.50  2.50
     121:   2.50  2.50  2.50  2.50 -2.50  0.50 -0.50 -2.50
     122:   2.50  2.50  2.50  2.50 -2.50  0.50 -0.50 -1.50
     123:   2.50  2.50  2.50  2.50 -2.50  0.50 -0.50 -0.50
     124:   2.50  2.50  2.50  2.50 -2.50  0.50 -0.50  0.50
     125:   2.50  2.50  2.50  2.50 -2.50  0.50 -0.50  1.50
     126:   2.50  2.50  2.50  2.50 -2.50  0.50 -0.50  2.50
     127:   2.50  2.50  2.50  2.50 -2.50  0.50  0.50 -2.50
     128:   2.50  2.50  2.50  2.50 -2.50  0.50  0.50 -1.50
     129:   2.50  2.50  2.50  2.50 -2.50  0.50  0.50 -0.50
     130:   2.50  2.50  2.50  2.50 -2.50  0.50  0.50  0.50
     131:   2.50  2.50  2.50  2.50 -2.50  0.50  0.50  1.50
     132:   2.50  2.50  2.50  2.50 -2.50  0.50  0.50  2.50
     133:   2.50  2.50  2.50  2.50 -2.50  0.50  1.50 -2.50
     134:   2.50  2.50  2.50  2.50 -2.50  0.50  1.50 -1.50
     135:   2.50  2.50  2.50  2.50 -2.50  0.50  1.50 -0.50
     136:   2.50  2.50  2.50  2.50 -2.50  0.50  1.50  0.50
     137:   2.50  2.50  2.50  2.50 -2.50  0.50  1.50  1.50
     138:   2.50  2.50  2.50  2.50 -2.50  0.50  1.50  2.50
     139:   2.50  2.50  2.50  2.50 -2.50  0.50  2.50 -2.50
     140:   2.50  2.50  2.50  2.50 -2.50  0.50  2.50 -1.50
     141:   2.50  2.50  2.50  2.50 -2.50  0.50  2.50 -0.50
     142:   2.50  2.50  2.50  2.50 -2.50  0.50  2.50  0.50
     143:   2.50  2.50  2.50  2.50 -2.50  0.50  2.50  1.50
     144:   2.50  2.50  2.50  2.50 -2.50  0.50  2.50  2.50
     145:   2.50  2.50  2.50  2.50 -2.50  1.50 -2.50 -2.50
     146:   2.50  2.50  2.50  2.50 -2.50  1.50 -2.50 -1.50
     147:   2.50  2.50  2.50  2.50 -2.50  1.50 -2.50 -0.50
     148:   2.50  2.50  2.50  2.50 -2.50  1.50 -2.50  0.50
     149:   2.50  2.50  2.50  2.50 -2.50  1.50 -2.50  1.50
     150:   2.50  2.50  2.50  2.50 -2.50  1.50 -2.50  2.50
     151:   2.50  2.50  2.50  2.50 -2.50  1.50 -1.50 -2.50
     152:   2.50  2.50  2.50  2.50 -2.50  1.50 -1.50 -1.50
     153:   2.50  2.50  2.50  2.50 -2.50  1.50 -1.50 -0.50
     154:   2.50  2.50  2.50  2.50 -2.50  1.50 -1.50  0.50
     155:   2.50  2.50  2.50  2.50 -2.50  1.50 -1.50  1.50
     156:   2.50  2.50  2.50  2.50 -2.50  1.50 -1.50  2.50
     157:   2.50  2.50  2.50  2.50 -2.50  1.50 -0.50 -2.50
     158:   2.50  2.50  2.50  2.50 -2.50  1.50 -0.50 -1.50
     159:   2.50  2.50  2.50  2.50 -2.50  1.50 -0.50 -0.50
     160:   2.50  2.50  2.50  2.50 -2.50  1.50 -0.50  0.50
     161:   2.50  2.50  2.50  2.50 -2.50  1.50 -0.50  1.50
     162:   2.50  2.50  2.50  2.50 -2.50  1.50 -0.50  2.50
     163:   2.50  2.50  2.50  2.50 -2.50  1.50  0.50 -2.50
     164:   2.50  2.50  2.50  2.50 -2.50  1.50  0.50 -1.50
     165:   2.50  2.50  2.50  2.50 -2.50  1.50  0.50 -0.50
     166:   2.50  2.50  2.50  2.50 -2.50  1.50  0.50  0.50
     167:   2.50  2.50  2.50  2.50 -2.50  1.50  0.50  1.50
     168:   2.50  2.50  2.50  2.50 -2.50  1.50  0.50  2.50
     169:   2.50  2.50  2.50  2.50 -2.50  1.50  1.50 -2.50
     170:   2.50  2.50  2.50  2.50 -2.50  1.50  1.50 -1.50
     171:   2.50  2.50  2.50  2.50 -2.50  1.50  1.50 -0.50
     172:   2.50  2.50  2.50  2.50 -2.50  1.50  1.50  0.50
     173:   2.50  2.50  2.50  2.50 -2.50  1.50  1.50  1.50
     174:   2.50  2.50  2.50  2.50 -2.50  1.50  1.50  2.50
     175:   2.50  2.50  2.50  2.50 -2.50  1.50  2.50 -2.50
     176:   2.50  2.50  2.50  2.50 -2.50  1.50  2.50 -1.50
     177:   2.50  2.50  2.50  2.50 -2.50  1.50  2.50 -0.50
     178:   2.50  2.50  2.50  2.50 -2.50  1.50  2.50  0.50
     179:   2.50  2.50  2.50  2.50 -2.50  1.50  2.50  1.50
     180:   2.50  2.50  2.50  2.50 -2.50  1.50  2.50  2.50
     181:   2.50  2.50  2.50  2.50 -2.50  2.50 -2.50 -2.50
     182:   2.50  2.50  2.50  2.50 -2.50  2.50 -2.50 -1.50
     183:   2.50  2.50  2.50  2.50 -2.50  2.50 -2.50 -0.50
     184:   2.50  2.50  2.50  2.50 -2.50  2.50 -2.50  0.50
     185:   2.50  2.50  2.50  2.50 -2.50  2.50 -2.50  1.50
     186:   2.50  2.50  2.50  2.50 -2.50  2.50 -2.50  2.50
     187:   2.50  2.50  2.50  2.50 -2.50  2.50 -1.50 -2.50
     188:   2.50  2.50  2.50  2.50 -2.50  2.50 -1.50 -1.50
     189:   2.50  2.50  2.50  2.50 -2.50  2.50 -1.50 -0.50
     190:   2.50  2.50  2.50  2.50 -2.50  2.50 -1.50  0.50
     191:   2.50  2.50  2.50  2.50 -2.50  2.50 -1.50  1.50
     192:   2.50  2.50  2.50  2.50 -2.50  2.50 -1.50  2.50
     193:   2.50  2.50  2.50  2.50 -2.50  2.50 -0.50 -2.50
     194:   2.50  2.50  2.50  2.50 -2.50  2.50 -0.50 -1.50
     195:   2.50  2.50  2.50  2.50 -2.50  2.50 -0.50 -0.50
     196:   2.50  2.50  2.50  2.50 -2.50  2.50 -0.50  0.50
     197:   2.50  2.50  2.50  2.50 -2.50  2.50 -0.50  1.50
     198:   2.50  2.50  2.50  2.50 -2.50  2.50 -0.50  2.50
     199:   2.50  2.50  2.50  2.50 -2.50  2.50  0.50 -2.50
     200:   2.50  2.50  2.50  2.50 -2.50  2.50  0.50 -1.50
     201:   2.50  2.50  2.50  2.50 -2.50  2.50  0.50 -0.50
     202:   2.50  2.50  2.50  2.50 -2.50  2.50  0.50  0.50
     203:   2.50  2.50  2.50  2.50 -2.50  2.50  0.50  1.50
     204:   2.50  2.50  2.50  2.50 -2.50  2.50  0.50  2.50
     205:   2.50  2.50  2.50  2.50 -2.50  2.50  1.50 -2.50
     206:   2.50  2.50  2.50  2.50 -2.50  2.50  1.50 -1.50
     207:   2.50  2.50  2.50  2.50 -2.50  2.50  1.50 -0.50
     208:   2.50  2.50  2.50  2.50 -2.50  2.50  1.50  0.50
     209:   2.50  2.50  2.50  2.50 -2.50  2.50  1.50  1.50
     210:   2.50  2.50  2.50  2.50 -2.50  2.50  1.50  2.50
     211:   2.50  2.50  2.50  2.50 -2.50  2.50  2.50 -2.50
     212:   2.50  2.50  2.50  2.50 -2.50  2.50  2.50 -1.50
     213:   2.50  2.50  2.50  2.50 -2.50  2.50  2.50 -0.50
     214:   2.50  2.50  2.50  2.50 -2.50  2.50  2.50  0.50
     215:   2.50  2.50  2.50  2.50 -2.50  2.50  2.50  1.50
     216:   2.50  2.50  2.50  2.50 -2.50  2.50  2.50  2.50
     217:   2.50  2.50  2.50  2.50 -1.50 -2.50 -2.50 -2.50
     218:   2.50  2.50  2.50  2.50 -1.50 -2.50 -2.50 -1.50
     219:   2.50  2.50  2.50  2.50 -1.50 -2.50 -2.50 -0.50
     220:   2.50  2.50  2.50  2.50 -1.50 -2.50 -2.50  0.50
     221:   2.50  2.50  2.50  2.50 -1.50 -2.50 -2.50  1.50
     222:   2.50  2.50  2.50  2.50 -1.50 -2.50 -2.50  2.50
     223:   2.50  2.50  2.50  2.50 -1.50 -2.50 -1.50 -2.50
     224:   2.50  2.50  2.50  2.50 -1.50 -2.50 -1.50 -1.50
     225:   2.50  2.50  2.50  2.50 -1.50 -2.50 -1.50 -0.50
     226:   2.50  2.50  2.50  2.50 -1.50 -2.50 -1.50  0.50
     227:   2.50  2.50  2.50  2.50 -1.50 -2.50 -1.50  1.50
     228:   2.50  2.50  2.50  2.50 -1.50 -2.50 -1.50  2.50
     229:   2.50  2.50  2.50  2.50 -1.50 -2.50 -0.50 -2.50
     230:   2.50  2.50  2.50  2.50 -1.50 -2.50 -0.50 -1.50
     231:   2.50  2.50  2.50  2.50 -1.50 -2.50 -0.50 -0.50
     232:   2.50  2.50  2.50  2.50 -1.50 -2.50 -0.50  0.50
     233:   2.50  2.50  2.50  2.50 -1.50 -2.50 -0.50  1.50
     234:   2.50  2.50  2.50  2.50 -1.50 -2.50 -0.50  2.50
     235:   2.50  2.50  2.50  2.50 -1.50 -2.50  0.50 -2.50
     236:   2.50  2.50  2.50  2.50 -1.50 -2.50  0.50 -1.50
     237:   2.50  2.50  2.50  2.50 -1.50 -2.50  0.50 -0.50
     238:   2.50  2.50  2.50  2.50 -1.50 -2.50  0.50  0.50
     239:   2.50  2.50  2.50  2.50 -1.50 -2.50  0.50  1.50
     240:   2.50  2.50  2.50  2.50 -1.50 -2.50  0.50  2.50
     241:   2.50  2.50  2.50  2.50 -1.50 -2.50  1.50 -2.50
     242:   2.50  2.50  2.50  2.50 -1.50 -2.50  1.50 -1.50
     243:   2.50  2.50  2.50  2.50 -1.50 -2.50  1.50 -0.50
     244:   2.50  2.50  2.50  2.50 -1.50 -2.50  1.50  0.50
     245:   2.50  2.50  2.50  2.50 -1.50 -2.50  1.50  1.50
     246:   2.50  2.50  2.50  2.50 -1.50 -2.50  1.50  2.50
     247:   2.50  2.50  2.50  2.50 -1.50 -2.50  2.50 -2.50
     248:   2.50  2.50  2.50  2.50 -1.50 -2.50  2.50 -1.50
     249:   2.50  2.50  2.50  2.50 -1.50 -2.50  2.50 -0.50
     250:   2.50  2.50  2.50  2.50 -1.50 -2.50  2.50  0.50
     251:   2.50  2.50  2.50  2.50 -1.50 -2.50  2.50  1.50
     252:   2.50  2.50  2.50  2.50 -1.50 -2.50  2.50  2.50
     253:   2.50  2.50  2.50  2.50 -1.50 -1.50 -2.50 -2.50
     254:   2.50  2.50  2.50  2.50 -1.50 -1.50 -2.50 -1.50
     255:   2.50  2.50  2.50  2.50 -1.50 -1.50 -2.50 -0.50
     256:   2.50  2.50  2.50  2.50 -1.50 -1.50 -2.50  0.50
     257:   2.50  2.50  2.50  2.50 -1.50 -1.50 -2.50  1.50
     258:   2.50  2.50  2.50  2.50 -1.50 -1.50 -2.50  2.50
     259:   2.50  2.50  2.50  2.50 -1.50 -1.50 -1.50 -2.50
     260:   2.50  2.50  2.50  2.50 -1.50 -1.50 -1.50 -1.50
     261:   2.50  2.50  2.50  2.50 -1.50 -1.50 -1.50 -0.50
     262:   2.50  2.50  2.50  2.50 -1.50 -1.50 -1.50  0.50
     263:   2.50  2.50  2.50  2.50 -1.50 -1.50 -1.50  1.50
     264:   2.50  2.50  2.50  2.50 -1.50 -1.50 -1.50  2.50
     265:   2.50  2.50  2.50  2.50 -1.50 -1.50 -0.50 -2.50
     266:   2.50  2.50  2.50  2.50 -1.50 -1.50 -0.50 -1.50
     267:   2.50  2.50  2.50  2.50 -1.50 -1.50 -0.50 -0.50
     268:   2.50  2.50  2.50  2.50 -1.50 -1.50 -0.50  0.50
     269:   2.50  2.50  2.50  2.50 -1.50 -1.50 -0.50  1.50
     270:   2.50  2.50  2.50  2.50 -1.50 -1.50 -0.50  2.50
     271:   2.50  2.50  2.50  2.50 -1.50 -1.50  0.50 -2.50
     272:   2.50  2.50  2.50  2.50 -1.50 -1.50  0.50 -1.50
     273:   2.50  2.50  2.50  2.50 -1.50 -1.50  0.50 -0.50
     274:   2.50  2.50  2.50  2.50 -1.50 -1.50  0.50  0.50
     275:   2.50  2.50  2.50  2.50 -1.50 -1.50  0.50  1.50
     276:   2.50  2.50  2.50  2.50 -1.50 -1.50  0.50  2.50
     277:   2.50  2.50  2.50  2.50 -1.50 -1.50  1.50 -2.50
     278:   2.50  2.50  2.50  2.50 -1.50 -1.50  1.50 -1.50
     279:   2.50  2.50  2.50  2.50 -1.50 -1.50  1.50 -0.50
     280:   2.50  2.50  2.50  2.50 -1.50 -1.50  1.50  0.50
     281:   2.50  2.50  2.50  2.50 -1.50 -1.50  1.50  1.50
     282:   2.50  2.50  2.50  2.50 -1.50 -1.50  1.50  2.50
     283:   2.50  2.50  2.50  2.50 -1.50 -1.50  2.50 -2.50
     284:   2.50  2.50  2.50  2.50 -1.50 -1.50  2.50 -1.50
     285:   2.50  2.50  2.50  2.50 -1.50 -1.50  2.50 -0.50
     286:   2.50  2.50  2.50  2.50 -1.50 -1.50  2.50  0.50
     287:   2.50  2.50  2.50  2.50 -1.50 -1.50  2.50  1.50
     288:   2.50  2.50  2.50  2.50 -1.50 -1.50  2.50  2.50
     289:   2.50  2.50  2.50  2.50 -1.50 -0.50 -2.50 -2.50
     290:   2.50  2.50  2.50  2.50 -1.50 -0.50 -2.50 -1.50
     291:   2.50  2.50  2.50  2.50 -1.50 -0.50 -2.50 -0.50
     292:   2.50  2.50  2.50  2.50 -1.50 -0.50 -2.50  0.50
     293:   2.50  2.50  2.50  2.50 -1.50 -0.50 -2.50  1.50
     294:   2.50  2.50  2.50  2.50 -1.50 -0.50 -2.50  2.50
     295:   2.50  2.50  2.50  2.50 -1.50 -0.50 -1.50 -2.50
     296:   2.50  2.50  2.50  2.50 -1.50 -0.50 -1.50 -1.50
     297:   2.50  2.50  2.50  2.50 -1.50 -0.50 -1.50 -0.50
     298:   2.50  2.50  2.50  2.50 -1.50 -0.50 -1.50  0.50
     299:   2.50  2.50  2.50  2.50 -1.50 -0.50 -1.50  1.50
     300:   2.50  2.50  2.50  2.50 -1.50 -0.50 -1.50  2.50
     301:   2.50  2.50  2.50  2.50 -1.50 -0.50 -0.50 -2.50
     302:   2.50  2.50  2.50  2.50 -1.50 -0.50 -0.50 -1.50
     303:   2.50  2.50  2.50  2.50 -1.50 -0.50 -0.50 -0.50
     304:   2.50  2.50  2.50  2.50 -1.50 -0.50 -0.50  0.50
     305:   2.50  2.50  2.50  2.50 -1.50 -0.50 -0.50  1.50
     306:   2.50  2.50  2.50  2.50 -1.50 -0.50 -0.50  2.50
     307:   2.50  2.50  2.50  2.50 -1.50 -0.50  0.50 -2.50
     308:   2.50  2.50  2.50  2.50 -1.50 -0.50  0.50 -1.50
     309:   2.50  2.50  2.50  2.50 -1.50 -0.50  0.50 -0.50
     310:   2.50  2.50  2.50  2.50 -1.50 -0.50  0.50  0.50
     311:   2.50  2.50  2.50  2.50 -1.50 -0.50  0.50  1.50
     312:   2.50  2.50  2.50  2.50 -1.50 -0.50  0.50  2.50
     313:   2.50  2.50  2.50  2.50 -1.50 -0.50  1.50 -2.50
     314:   2.50  2.50  2.50  2.50 -1.50 -0.50  1.50 -1.50
     315:   2.50  2.50  2.50  2.50 -1.50 -0.50  1.50 -0.50
     316:   2.50  2.50  2.50  2.50 -1.50 -0.50  1.50  0.50
     317:   2.50  2.50  2.50  2.50 -1.50 -0.50  1.50  1.50
     318:   2.50  2.50  2.50  2.50 -1.50 -0.50  1.50  2.50
     319:   2.50  2.50  2.50  2.50 -1.50 -0.50  2.50 -2.50
     320:   2.50  2.50  2.50  2.50 -1.50 -0.50  2.50 -1.50
     321:   2.50  2.50  2.50  2.50 -1.50 -0.50  2.50 -0.50
     322:   2.50  2.50  2.50  2.50 -1.50 -0.50  2.50  0.50
     323:   2.50  2.50  2.50  2.50 -1.50 -0.50  2.50  1.50
     324:   2.50  2.50  2.50  2.50 -1.50 -0.50  2.50  2.50
     325:   2.50  2.50  2.50  2.50 -1.50  0.50 -2.50 -2.50
     326:   2.50  2.50  2.50  2.50 -1.50  0.50 -2.50 -1.50
     327:   2.50  2.50  2.50  2.50 -1.50  0.50 -2.50 -0.50
     328:   2.50  2.50  2.50  2.50 -1.50  0.50 -2.50  0.50
     329:   2.50  2.50  2.50  2.50 -1.50  0.50 -2.50  1.50
     330:   2.50  2.50  2.50  2.50 -1.50  0.50 -2.50  2.50
     331:   2.50  2.50  2.50  2.50 -1.50  0.50 -1.50 -2.50
     332:   2.50  2.50  2.50  2.50 -1.50  0.50 -1.50 -1.50
     333:   2.50  2.50  2.50  2.50 -1.50  0.50 -1.50 -0.50
     334:   2.50  2.50  2.50  2.50 -1.50  0.50 -1.50  0.50
     335:   2.50  2.50  2.50  2.50 -1.50  0.50 -1.50  1.50
     336:   2.50  2.50  2.50  2.50 -1.50  0.50 -1.50  2.50
     337:   2.50  2.50  2.50  2.50 -1.50  0.50 -0.50 -2.50
     338:   2.50  2.50  2.50  2.50 -1.50  0.50 -0.50 -1.50
     339:   2.50  2.50  2.50  2.50 -1.50  0.50 -0.50 -0.50
     340:   2.50  2.50  2.50  2.50 -1.50  0.50 -0.50  0.50
     341:   2.50  2.50  2.50  2.50 -1.50  0.50 -0.50  1.50
     342:   2.50  2.50  2.50  2.50 -1.50  0.50 -0.50  2.50
     343:   2.50  2.50  2.50  2.50 -1.50  0.50  0.50 -2.50
     344:   2.50  2.50  2.50  2.50 -1.50  0.50  0.50 -1.50
     345:   2.50  2.50  2.50  2.50 -1.50  0.50  0.50 -0.50
     346:   2.50  2.50  2.50  2.50 -1.50  0.50  0.50  0.50
     347:   2.50  2.50  2.50  2.50 -1.50  0.50  0.50  1.50
     348:   2.50  2.50  2.50  2.50 -1.50  0.50  0.50  2.50
     349:   2.50  2.50  2.50  2.50 -1.50  0.50  1.50 -2.50
     350:   2.50  2.50  2.50  2.50 -1.50  0.50  1.50 -1.50
     351:   2.50  2.50  2.50  2.50 -1.50  0.50  1.50 -0.50
     352:   2.50  2.50  2.50  2.50 -1.50  0.50  1.50  0.50
     353:   2.50  2.50  2.50  2.50 -1.50  0.50  1.50  1.50
     354:   2.50  2.50  2.50  2.50 -1.50  0.50  1.50  2.50
     355:   2.50  2.50  2.50  2.50 -1.50  0.50  2.50 -2.50
     356:   2.50  2.50  2.50  2.50 -1.50  0.50  2.50 -1.50
     357:   2.50  2.50  2.50  2.50 -1.50  0.50  2.50 -0.50
     358:   2.50  2.50  2.50  2.50 -1.50  0.50  2.50  0.50
     359:   2.50  2.50  2.50  2.50 -1.50  0.50  2.50  1.50
     360:   2.50  2.50  2.50  2.50 -1.50  0.50  2.50  2.50
     361:   2.50  2.50  2.50  2.50 -1.50  1.50 -2.50 -2.50
     362:   2.50  2.50  2.50  2.50 -1.50  1.50 -2.50 -1.50
     363:   2.50  2.50  2.50  2.50 -1.50  1.50 -2.50 -0.50
     364:   2.50  2.50  2.50  2.50 -1.50  1.50 -2.50  0.50
     365:   2.50  2.50  2.50  2.50 -1.50  1.50 -2.50  1.50
     366:   2.50  2.50  2.50  2.50 -1.50  1.50 -2.50  2.50
     367:   2.50  2.50  2.50  2.50 -1.50  1.50 -1.50 -2.50
     368:   2.50  2.50  2.50  2.50 -1.50  1.50 -1.50 -1.50
     369:   2.50  2.50  2.50  2.50 -1.50  1.50 -1.50 -0.50
     370:   2.50  2.50  2.50  2.50 -1.50  1.50 -1.50  0.50
     371:   2.50  2.50  2.50  2.50 -1.50  1.50 -1.50  1.50
     372:   2.50  2.50  2.50  2.50 -1.50  1.50 -1.50  2.50
     373:   2.50  2.50  2.50  2.50 -1.50  1.50 -0.50 -2.50
     374:   2.50  2.50  2.50  2.50 -1.50  1.50 -0.50 -1.50
     375:   2.50  2.50  2.50  2.50 -1.50  1.50 -0.50 -0.50
     376:   2.50  2.50  2.50  2.50 -1.50  1.50 -0.50  0.50
     377:   2.50  2.50  2.50  2.50 -1.50  1.50 -0.50  1.50
     378:   2.50  2.50  2.50  2.50 -1.50  1.50 -0.50  2.50
     379:   2.50  2.50  2.50  2.50 -1.50  1.50  0.50 -2.50
     380:   2.50  2.50  2.50  2.50 -1.50  1.50  0.50 -1.50
     381:   2.50  2.50  2.50  2.50 -1.50  1.50  0.50 -0.50
     382:   2.50  2.50  2.50  2.50 -1.50  1.50  0.50  0.50
     383:   2.50  2.50  2.50  2.50 -1.50  1.50  0.50  1.50
     384:   2.50  2.50  2.50  2.50 -1.50  1.50  0.50  2.50
     385:   2.50  2.50  2.50  2.50 -1.50  1.50  1.50 -2.50
     386:   2.50  2.50  2.50  2.50 -1.50  1.50  1.50 -1.50
     387:   2.50  2.50  2.50  2.50 -1.50  1.50  1.50 -0.50
     388:   2.50  2.50  2.50  2.50 -1.50  1.50  1.50  0.50
     389:   2.50  2.50  2.50  2.50 -1.50  1.50  1.50  1.50
     390:   2.50  2.50  2.50  2.50 -1.50  1.50  1.50  2.50
     391:   2.50  2.50  2.50  2.50 -1.50  1.50  2.50 -2.50
     392:   2.50  2.50  2.50  2.50 -1.50  1.50  2.50 -1.50
     393:   2.50  2.50  2.50  2.50 -1.50  1.50  2.50 -0.50
     394:   2.50  2.50  2.50  2.50 -1.50  1.50  2.50  0.50
     395:   2.50  2.50  2.50  2.50 -1.50  1.50  2.50  1.50
     396:   2.50  2.50  2.50  2.50 -1.50  1.50  2.50  2.50
     397:   2.50  2.50  2.50  2.50 -1.50  2.50 -2.50 -2.50
     398:   2.50  2.50  2.50  2.50 -1.50  2.50 -2.50 -1.50
     399:   2.50  2.50  2.50  2.50 -1.50  2.50 -2.50 -0.50
     400:   2.50  2.50  2.50  2.50 -1.50  2.50 -2.50  0.50
     401:   2.50  2.50  2.50  2.50 -1.50  2.50 -2.50  1.50
     402:   2.50  2.50  2.50  2.50 -1.50  2.50 -2.50  2.50
     403:   2.50  2.50  2.50  2.50 -1.50  2.50 -1.50 -2.50
     404:   2.50  2.50  2.50  2.50 -1.50  2.50 -1.50 -1.50
     405:   2.50  2.50  2.50  2.50 -1.50  2.50 -1.50 -0.50
     406:   2.50  2.50  2.50  2.50 -1.50  2.50 -1.50  0.50
     407:   2.50  2.50  2.50  2.50 -1.50  2.50 -1.50  1.50
     408:   2.50  2.50  2.50  2.50 -1.50  2.50 -1.50  2.50
     409:   2.50  2.50  2.50  2.50 -1.50  2.50 -0.50 -2.50
     410:   2.50  2.50  2.50  2.50 -1.50  2.50 -0.50 -1.50
     411:   2.50  2.50  2.50  2.50 -1.50  2.50 -0.50 -0.50
     412:   2.50  2.50  2.50  2.50 -1.50  2.50 -0.50  0.50
     413:   2.50  2.50  2.50  2.50 -1.50  2.50 -0.50  1.50
     414:   2.50  2.50  2.50  2.50 -1.50  2.50 -0.50  2.50
     415:   2.50  2.50  2.50  2.50 -1.50  2.50  0.50 -2.50
     416:   2.50  2.50  2.50  2.50 -1.50  2.50  0.50 -1.50
     417:   2.50  2.50  2.50  2.50 -1.50  2.50  0.50 -0.50
     418:   2.50  2.50  2.50  2.50 -1.50  2.50  0.50  0.50
     419:   2.50  2.50  2.50  2.50 -1.50  2.50  0.50  1.50
     420:   2.50  2.50  2.50  2.50 -1.50  2.50  0.50  2.50
     421:   2.50  2.50  2.50  2.50 -1.50  2.50  1.50 -2.50
     422:   2.50  2.50  2.50  2.50 -1.50  2.50  1.50 -1.50
     423:   2.50  2.50  2.50  2.50 -1.50  2.50  1.50 -0.50
     424:   2.50  2.50  2.50  2.50 -1.50  2.50  1.50  0.50
     425:   2.50  2.50  2.50  2.50 -1.50  2.50  1.50  1.50
     426:   2.50  2.50  2.50  2.50 -1.50  2.50  1.50  2.50
     427:   2.50  2.50  2.50  2.50 -1.50  2.50  2.50 -2.50
     428:   2.50  2.50  2.50  2.50 -1.50  2.50  2.50 -1.50
     429:   2.50  2.50  2.50  2.50 -1.50  2.50  2.50 -0.50
     430:   2.50  2.50  2.50  2.50 -1.50  2.50  2.50  0.50
     431:   2.50  2.50  2.50  2.50 -1.50  2.50  2.50  1.50
     432:   2.50  2.50  2.50  2.50 -1.50  2.50  2.50  2.50
     433:   2.50  2.50  2.50  2.50 -0.50 -2.50 -2.50 -2.50
     434:   2.50  2.50  2.50  2.50 -0.50 -2.50 -2.50 -1.50
     435:   2.50  2.50  2.50  2.50 -0.50 -2.50 -2.50 -0.50
     436:   2.50  2.50  2.50  2.50 -0.50 -2.50 -2.50  0.50
     437:   2.50  2.50  2.50  2.50 -0.50 -2.50 -2.50  1.50
     438:   2.50  2.50  2.50  2.50 -0.50 -2.50 -2.50  2.50
     439:   2.50  2.50  2.50  2.50 -0.50 -2.50 -1.50 -2.50
     440:   2.50  2.50  2.50  2.50 -0.50 -2.50 -1.50 -1.50
     441:   2.50  2.50  2.50  2.50 -0.50 -2.50 -1.50 -0.50
     442:   2.50  2.50  2.50  2.50 -0.50 -2.50 -1.50  0.50
     443:   2.50  2.50  2.50  2.50 -0.50 -2.50 -1.50  1.50
     444:   2.50  2.50  2.50  2.50 -0.50 -2.50 -1.50  2.50
     445:   2.50  2.50  2.50  2.50 -0.50 -2.50 -0.50 -2.50
     446:   2.50  2.50  2.50  2.50 -0.50 -2.50 -0.50 -1.50
     447:   2.50  2.50  2.50  2.50 -0.50 -2.50 -0.50 -0.50
     448:   2.50  2.50  2.50  2.50 -0.50 -2.50 -0.50  0.50
     449:   2.50  2.50  2.50  2.50 -0.50 -2.50 -0.50  1.50
     450:   2.50  2.50  2.50  2.50 -0.50 -2.50 -0.50  2.50
     451:   2.50  2.50  2.50  2.50 -0.50 -2.50  0.50 -2.50
     452:   2.50  2.50  2.50  2.50 -0.50 -2.50  0.50 -1.50
     453:   2.50  2.50  2.50  2.50 -0.50 -2.50  0.50 -0.50
     454:   2.50  2.50  2.50  2.50 -0.50 -2.50  0.50  0.50
     455:   2.50  2.50  2.50  2.50 -0.50 -2.50  0.50  1.50
     456:   2.50  2.50  2.50  2.50 -0.50 -2.50  0.50  2.50
     457:   2.50  2.50  2.50  2.50 -0.50 -2.50  1.50 -2.50
     458:   2.50  2.50  2.50  2.50 -0.50 -2.50  1.50 -1.50
     459:   2.50  2.50  2.50  2.50 -0.50 -2.50  1.50 -0.50
     460:   2.50  2.50  2.50  2.50 -0.50 -2.50  1.50  0.50
     461:   2.50  2.50  2.50  2.50 -0.50 -2.50  1.50  1.50
     462:   2.50  2.50  2.50  2.50 -0.50 -2.50  1.50  2.50
     463:   2.50  2.50  2.50  2.50 -0.50 -2.50  2.50 -2.50
     464:   2.50  2.50  2.50  2.50 -0.50 -2.50  2.50 -1.50
     465:   2.50  2.50  2.50  2.50 -0.50 -2.50  2.50 -0.50
     466:   2.50  2.50  2.50  2.50 -0.50 -2.50  2.50  0.50
     467:   2.50  2.50  2.50  2.50 -0.50 -2.50  2.50  1.50
     468:   2.50  2.50  2.50  2.50 -0.50 -2.50  2.50  2.50
     469:   2.50  2.50  2.50  2.50 -0.50 -1.50 -2.50 -2.50
     470:   2.50  2.50  2.50  2.50 -0.50 -1.50 -2.50 -1.50
     471:   2.50  2.50  2.50  2.50 -0.50 -1.50 -2.50 -0.50
     472:   2.50  2.50  2.50  2.50 -0.50 -1.50 -2.50  0.50
     473:   2.50  2.50  2.50  2.50 -0.50 -1.50 -2.50  1.50
     474:   2.50  2.50  2.50  2.50 -0.50 -1.50 -2.50  2.50
     475:   2.50  2.50  2.50  2.50 -0.50 -1.50 -1.50 -2.50
     476:   2.50  2.50  2.50  2.50 -0.50 -1.50 -1.50 -1.50
     477:   2.50  2.50  2.50  2.50 -0.50 -1.50 -1.50 -0.50
     478:   2.50  2.50  2.50  2.50 -0.50 -1.50 -1.50  0.50
     479:   2.50  2.50  2.50  2.50 -0.50 -1.50 -1.50  1.50
     480:   2.50  2.50  2.50  2.50 -0.50 -1.50 -1.50  2.50
     481:   2.50  2.50  2.50  2.50 -0.50 -1.50 -0.50 -2.50
     482:   2.50  2.50  2.50  2.50 -0.50 -1.50 -0.50 -1.50
     483:   2.50  2.50  2.50  2.50 -0.50 -1.50 -0.50 -0.50
     484:   2.50  2.50  2.50  2.50 -0.50 -1.50 -0.50  0.50
     485:   2.50  2.50  2.50  2.50 -0.50 -1.50 -0.50  1.50
     486:   2.50  2.50  2.50  2.50 -0.50 -1.50 -0.50  2.50
     487:   2.50  2.50  2.50  2.50 -0.50 -1.50  0.50 -2.50
     488:   2.50  2.50  2.50  2.50 -0.50 -1.50  0.50 -1.50
     489:   2.50  2.50  2.50  2.50 -0.50 -1.50  0.50 -0.50
     490:   2.50  2.50  2.50  2.50 -0.50 -1.50  0.50  0.50
     491:   2.50  2.50  2.50  2.50 -0.50 -1.50  0.50  1.50
     492:   2.50  2.50  2.50  2.50 -0.50 -1.50  0.50  2.50
     493:   2.50  2.50  2.50  2.50 -0.50 -1.50  1.50 -2.50
     494:   2.50  2.50  2.50  2.50 -0.50 -1.50  1.50 -1.50
     495:   2.50  2.50  2.50  2.50 -0.50 -1.50  1.50 -0.50
     496:   2.50  2.50  2.50  2.50 -0.50 -1.50  1.50  0.50
     497:   2.50  2.50  2.50  2.50 -0.50 -1.50  1.50  1.50
     498:   2.50  2.50  2.50  2.50 -0.50 -1.50  1.50  2.50
     499:   2.50  2.50  2.50  2.50 -0.50 -1.50  2.50 -2.50
     500:   2.50  2.50  2.50  2.50 -0.50 -1.50  2.50 -1.50
     501:   2.50  2.50  2.50  2.50 -0.50 -1.50  2.50 -0.50
     502:   2.50  2.50  2.50  2.50 -0.50 -1.50  2.50  0.50
     503:   2.50  2.50  2.50  2.50 -0.50 -1.50  2.50  1.50
     504:   2.50  2.50  2.50  2.50 -0.50 -1.50  2.50  2.50
     505:   2.50  2.50  2.50  2.50 -0.50 -0.50 -2.50 -2.50
     506:   2.50  2.50  2.50  2.50 -0.50 -0.50 -2.50 -1.50
     507:   2.50  2.50  2.50  2.50 -0.50 -0.50 -2.50 -0.50
     508:   2.50  2.50  2.50  2.50 -0.50 -0.50 -2.50  0.50
     509:   2.50  2.50  2.50  2.50 -0.50 -0.50 -2.50  1.50
     510:   2.50  2.50  2.50  2.50 -0.50 -0.50 -2.50  2.50
     511:   2.50  2.50  2.50  2.50 -0.50 -0.50 -1.50 -2.50
     512:   2.50  2.50  2.50  2.50 -0.50 -0.50 -1.50 -1.50
     513:   2.50  2.50  2.50  2.50 -0.50 -0.50 -1.50 -0.50
     514:   2.50  2.50  2.50  2.50 -0.50 -0.50 -1.50  0.50
     515:   2.50  2.50  2.50  2.50 -0.50 -0.50 -1.50  1.50
     516:   2.50  2.50  2.50  2.50 -0.50 -0.50 -1.50  2.50
     517:   2.50  2.50  2.50  2.50 -0.50 -0.50 -0.50 -2.50
     518:   2.50  2.50  2.50  2.50 -0.50 -0.50 -0.50 -1.50
     519:   2.50  2.50  2.50  2.50 -0.50 -0.50 -0.50 -0.50
     520:   2.50  2.50  2.50  2.50 -0.50 -0.50 -0.50  0.50
     521:   2.50  2.50  2.50  2.50 -0.50 -0.50 -0.50  1.50
     522:   2.50  2.50  2.50  2.50 -0.50 -0.50 -0.50  2.50
     523:   2.50  2.50  2.50  2.50 -0.50 -0.50  0.50 -2.50
     524:   2.50  2.50  2.50  2.50 -0.50 -0.50  0.50 -1.50
     525:   2.50  2.50  2.50  2.50 -0.50 -0.50  0.50 -0.50
     526:   2.50  2.50  2.50  2.50 -0.50 -0.50  0.50  0.50
     527:   2.50  2.50  2.50  2.50 -0.50 -0.50  0.50  1.50
     528:   2.50  2.50  2.50  2.50 -0.50 -0.50  0.50  2.50
     529:   2.50  2.50  2.50  2.50 -0.50 -0.50  1.50 -2.50
     530:   2.50  2.50  2.50  2.50 -0.50 -0.50  1.50 -1.50
     531:   2.50  2.50  2.50  2.50 -0.50 -0.50  1.50 -0.50
     532:   2.50  2.50  2.50  2.50 -0.50 -0.50  1.50  0.50
     533:   2.50  2.50  2.50  2.50 -0.50 -0.50  1.50  1.50
     534:   2.50  2.50  2.50  2.50 -0.50 -0.50  1.50  2.50
     535:   2.50  2.50  2.50  2.50 -0.50 -0.50  2.50 -2.50
     536:   2.50  2.50  2.50  2.50 -0.50 -0.50  2.50 -1.50
     537:   2.50  2.50  2.50  2.50 -0.50 -0.50  2.50 -0.50
     538:   2.50  2.50  2.50  2.50 -0.50 -0.50  2.50  0.50
     539:   2.50  2.50  2.50  2.50 -0.50 -0.50  2.50  1.50
     540:   2.50  2.50  2.50  2.50 -0.50 -0.50  2.50  2.50
     541:   2.50  2.50  2.50  2.50 -0.50  0.50 -2.50 -2.50
     542:   2.50  2.50  2.50  2.50 -0.50  0.50 -2.50 -1.50
     543:   2.50  2.50  2.50  2.50 -0.50  0.50 -2.50 -0.50
     544:   2.50  2.50  2.50  2.50 -0.50  0.50 -2.50  0.50
     545:   2.50  2.50  2.50  2.50 -0.50  0.50 -2.50  1.50
     546:   2.50  2.50  2.50  2.50 -0.50  0.50 -2.50  2.50
     547:   2.50  2.50  2.50  2.50 -0.50  0.50 -1.50 -2.50
     548:   2.50  2.50  2.50  2.50 -0.50  0.50 -1.50 -1.50
     549:   2.50  2.50  2.50  2.50 -0.50  0.50 -1.50 -0.50
     550:   2.50  2.50  2.50  2.50 -0.50  0.50 -1.50  0.50
     551:   2.50  2.50  2.50  2.50 -0.50  0.50 -1.50  1.50
     552:   2.50  2.50  2.50  2.50 -0.50  0.50 -1.50  2.50
     553:   2.50  2.50  2.50  2.50 -0.50  0.50 -0.50 -2.50
     554:   2.50  2.50  2.50  2.50 -0.50  0.50 -0.50 -1.50
     555:   2.50  2.50  2.50  2.50 -0.50  0.50 -0.50 -0.50
     556:   2.50  2.50  2.50  2.50 -0.50  0.50 -0.50  0.50
     557:   2.50  2.50  2.50  2.50 -0.50  0.50 -0.50  1.50
     558:   2.50  2.50  2.50  2.50 -0.50  0.50 -0.50  2.50
     559:   2.50  2.50  2.50  2.50 -0.50  0.50  0.50 -2.50
     560:   2.50  2.50  2.50  2.50 -0.50  0.50  0.50 -1.50
     561:   2.50  2.50  2.50  2.50 -0.50  0.50  0.50 -0.50
     562:   2.50  2.50  2.50  2.50 -0.50  0.50  0.50  0.50
     563:   2.50  2.50  2.50  2.50 -0.50  0.50  0.50  1.50
     564:   2.50  2.50  2.50  2.50 -0.50  0.50  0.50  2.50
     565:   2.50  2.50  2.50  2.50 -0.50  0.50  1.50 -2.50
     566:   2.50  2.50  2.50  2.50 -0.50  0.50  1.50 -1.50
     567:   2.50  2.50  2.50  2.50 -0.50  0.50  1.50 -0.50
     568:   2.50  2.50  2.50  2.50 -0.50  0.50  1.50  0.50
     569:   2.50  2.50  2.50  2.50 -0.50  0.50  1.50  1.50
     570:   2.50  2.50  2.50  2.50 -0.50  0.50  1.50  2.50
     571:   2.50  2.50  2.50  2.50 -0.50  0.50  2.50 -2.50
     572:   2.50  2.50  2.50  2.50 -0.50  0.50  2.50 -1.50
     573:   2.50  2.50  2.50  2.50 -0.50  0.50  2.50 -0.50
     574:   2.50  2.50  2.50  2.50 -0.50  0.50  2.50  0.50
     575:   2.50  2.50  2.50  2.50 -0.50  0.50  2.50  1.50
     576:   2.50  2.50  2.50  2.50 -0.50  0.50  2.50  2.50
     577:   2.50  2.50  2.50  2.50 -0.50  1.50 -2.50 -2.50
     578:   2.50  2.50  2.50  2.50 -0.50  1.50 -2.50 -1.50
     579:   2.50  2.50  2.50  2.50 -0.50  1.50 -2.50 -0.50
     580:   2.50  2.50  2.50  2.50 -0.50  1.50 -2.50  0.50
     581:   2.50  2.50  2.50  2.50 -0.50  1.50 -2.50  1.50
     582:   2.50  2.50  2.50  2.50 -0.50  1.50 -2.50  2.50
     583:   2.50  2.50  2.50  2.50 -0.50  1.50 -1.50 -2.50
     584:   2.50  2.50  2.50  2.50 -0.50  1.50 -1.50 -1.50
     585:   2.50  2.50  2.50  2.50 -0.50  1.50 -1.50 -0.50
     586:   2.50  2.50  2.50  2.50 -0.50  1.50 -1.50  0.50
     587:   2.50  2.50  2.50  2.50 -0.50  1.50 -1.50  1.50
     588:   2.50  2.50  2.50  2.50 -0.50  1.50 -1.50  2.50
     589:   2.50  2.50  2.50  2.50 -0.50  1.50 -0.50 -2.50
     590:   2.50  2.50  2.50  2.50 -0.50  1.50 -0.50 -1.50
     591:   2.50  2.50  2.50  2.50 -0.50  1.50 -0.50 -0.50
     592:   2.50  2.50  2.50  2.50 -0.50  1.50 -0.50  0.50
     593:   2.50  2.50  2.50  2.50 -0.50  1.50 -0.50  1.50
     594:   2.50  2.50  2.50  2.50 -0.50  1.50 -0.50  2.50
     595:   2.50  2.50  2.50  2.50 -0.50  1.50  0.50 -2.50
     596:   2.50  2.50  2.50  2.50 -0.50  1.50  0.50 -1.50
     597:   2.50  2.50  2.50  2.50 -0.50  1.50  0.50 -0.50
     598:   2.50  2.50  2.50  2.50 -0.50  1.50  0.50  0.50
     599:   2.50  2.50  2.50  2.50 -0.50  1.50  0.50  1.50
     600:   2.50  2.50  2.50  2.50 -0.50  1.50  0.50  2.50
     601:   2.50  2.50  2.50  2.50 -0.50  1.50  1.50 -2.50
     602:   2.50  2.50  2.50  2.50 -0.50  1.50  1.50 -1.50
     603:   2.50  2.50  2.50  2.50 -0.50  1.50  1.50 -0.50
     604:   2.50  2.50  2.50  2.50 -0.50  1.50  1.50  0.50
     605:   2.50  2.50  2.50  2.50 -0.50  1.50  1.50  1.50
     606:   2.50  2.50  2.50  2.50 -0.50  1.50  1.50  2.50
     607:   2.50  2.50  2.50  2.50 -0.50  1.50  2.50 -2.50
     608:   2.50  2.50  2.50  2.50 -0.50  1.50  2.50 -1.50
     609:   2.50  2.50  2.50  2.50 -0.50  1.50  2.50 -0.50
     610:   2.50  2.50  2.50  2.50 -0.50  1.50  2.50  0.50
     611:   2.50  2.50  2.50  2.50 -0.50  1.50  2.50  1.50
     612:   2.50  2.50  2.50  2.50 -0.50  1.50  2.50  2.50
     613:   2.50  2.50  2.50  2.50 -0.50  2.50 -2.50 -2.50
     614:   2.50  2.50  2.50  2.50 -0.50  2.50 -2.50 -1.50
     615:   2.50  2.50  2.50  2.50 -0.50  2.50 -2.50 -0.50
     616:   2.50  2.50  2.50  2.50 -0.50  2.50 -2.50  0.50
     617:   2.50  2.50  2.50  2.50 -0.50  2.50 -2.50  1.50
     618:   2.50  2.50  2.50  2.50 -0.50  2.50 -2.50  2.50
     619:   2.50  2.50  2.50  2.50 -0.50  2.50 -1.50 -2.50
     620:   2.50  2.50  2.50  2.50 -0.50  2.50 -1.50 -1.50
     621:   2.50  2.50  2.50  2.50 -0.50  2.50 -1.50 -0.50
     622:   2.50  2.50  2.50  2.50 -0.50  2.50 -1.50  0.50
     623:   2.50  2.50  2.50  2.50 -0.50  2.50 -1.50  1.50
     624:   2.50  2.50  2.50  2.50 -0.50  2.50 -1.50  2.50
     625:   2.50  2.50  2.50  2.50 -0.50  2.50 -0.50 -2.50
     626:   2.50  2.50  2.50  2.50 -0.50  2.50 -0.50 -1.50
     627:   2.50  2.50  2.50  2.50 -0.50  2.50 -0.50 -0.50
     628:   2.50  2.50  2.50  2.50 -0.50  2.50 -0.50  0.50
     629:   2.50  2.50  2.50  2.50 -0.50  2.50 -0.50  1.50
     630:   2.50  2.50  2.50  2.50 -0.50  2.50 -0.50  2.50
     631:   2.50  2.50  2.50  2.50 -0.50  2.50  0.50 -2.50
     632:   2.50  2.50  2.50  2.50 -0.50  2.50  0.50 -1.50
     633:   2.50  2.50  2.50  2.50 -0.50  2.50  0.50 -0.50
     634:   2.50  2.50  2.50  2.50 -0.50  2.50  0.50  0.50
     635:   2.50  2.50  2.50  2.50 -0.50  2.50  0.50  1.50
     636:   2.50  2.50  2.50  2.50 -0.50  2.50  0.50  2.50
     637:   2.50  2.50  2.50  2.50 -0.50  2.50  1.50 -2.50
     638:   2.50  2.50  2.50  2.50 -0.50  2.50  1.50 -1.50
     639:   2.50  2.50  2.50  2.50 -0.50  2.50  1.50 -0.50
     640:   2.50  2.50  2.50  2.50 -0.50  2.50  1.50  0.50
     641:   2.50  2.50  2.50  2.50 -0.50  2.50  1.50  1.50
     642:   2.50  2.50  2.50  2.50 -0.50  2.50  1.50  2.50
     643:   2.50  2.50  2.50  2.50 -0.50  2.50  2.50 -2.50
     644:   2.50  2.50  2.50  2.50 -0.50  2.50  2.50 -1.50
     645:   2.50  2.50  2.50  2.50 -0.50  2.50  2.50 -0.50
     646:   2.50  2.50  2.50  2.50 -0.50  2.50  2.50  0.50
     647:   2.50  2.50  2.50  2.50 -0.50  2.50  2.50  1.50
     648:   2.50  2.50  2.50  2.50 -0.50  2.50  2.50  2.50
     649:   2.50  2.50  2.50  2.50  0.50 -2.50 -2.50 -2.50
     650:   2.50  2.50  2.50  2.50  0.50 -2.50 -2.50 -1.50
     651:   2.50  2.50  2.50  2.50  0.50 -2.50 -2.50 -0.50
     652:   2.50  2.50  2.50  2.50  0.50 -2.50 -2.50  0.50
     653:   2.50  2.50  2.50  2.50  0.50 -2.50 -2.50  1.50
     654:   2.50  2.50  2.50  2.50  0.50 -2.50 -2.50  2.50
     655:   2.50  2.50  2.50  2.50  0.50 -2.50 -1.50 -2.50
     656:   2.50  2.50  2.50  2.50  0.50 -2.50 -1.50 -1.50
     657:   2.50  2.50  2.50  2.50  0.50 -2.50 -1.50 -0.50
     658:   2.50  2.50  2.50  2.50  0.50 -2.50 -1.50  0.50
     659:   2.50  2.50  2.50  2.50  0.50 -2.50 -1.50  1.50
     660:   2.50  2.50  2.50  2.50  0.50 -2.50 -1.50  2.50
     661:   2.50  2.50  2.50  2.50  0.50 -2.50 -0.50 -2.50
     662:   2.50  2.50  2.50  2.50  0.50 -2.50 -0.50 -1.50
     663:   2.50  2.50  2.50  2.50  0.50 -2.50 -0.50 -0.50
     664:   2.50  2.50  2.50  2.50  0.50 -2.50 -0.50  0.50
     665:   2.50  2.50  2.50  2.50  0.50 -2.50 -0.50  1.50
     666:   2.50  2.50  2.50  2.50  0.50 -2.50 -0.50  2.50
     667:   2.50  2.50  2.50  2.50  0.50 -2.50  0.50 -2.50
     668:   2.50  2.50  2.50  2.50  0.50 -2.50  0.50 -1.50
     669:   2.50  2.50  2.50  2.50  0.50 -2.50  0.50 -0.50
     670:   2.50  2.50  2.50  2.50  0.50 -2.50  0.50  0.50
     671:   2.50  2.50  2.50  2.50  0.50 -2.50  0.50  1.50
     672:   2.50  2.50  2.50  2.50  0.50 -2.50  0.50  2.50
     673:   2.50  2.50  2.50  2.50  0.50 -2.50  1.50 -2.50
     674:   2.50  2.50  2.50  2.50  0.50 -2.50  1.50 -1.50
     675:   2.50  2.50  2.50  2.50  0.50 -2.50  1.50 -0.50
     676:   2.50  2.50  2.50  2.50  0.50 -2.50  1.50  0.50
     677:   2.50  2.50  2.50  2.50  0.50 -2.50  1.50  1.50
     678:   2.50  2.50  2.50  2.50  0.50 -2.50  1.50  2.50
     679:   2.50  2.50  2.50  2.50  0.50 -2.50  2.50 -2.50
     680:   2.50  2.50  2.50  2.50  0.50 -2.50  2.50 -1.50
     681:   2.50  2.50  2.50  2.50  0.50 -2.50  2.50 -0.50
     682:   2.50  2.50  2.50  2.50  0.50 -2.50  2.50  0.50
     683:   2.50  2.50  2.50  2.50  0.50 -2.50  2.50  1.50
     684:   2.50  2.50  2.50  2.50  0.50 -2.50  2.50  2.50
     685:   2.50  2.50  2.50  2.50  0.50 -1.50 -2.50 -2.50
     686:   2.50  2.50  2.50  2.50  0.50 -1.50 -2.50 -1.50
     687:   2.50  2.50  2.50  2.50  0.50 -1.50 -2.50 -0.50
     688:   2.50  2.50  2.50  2.50  0.50 -1.50 -2.50  0.50
     689:   2.50  2.50  2.50  2.50  0.50 -1.50 -2.50  1.50
     690:   2.50  2.50  2.50  2.50  0.50 -1.50 -2.50  2.50
     691:   2.50  2.50  2.50  2.50  0.50 -1.50 -1.50 -2.50
     692:   2.50  2.50  2.50  2.50  0.50 -1.50 -1.50 -1.50
     693:   2.50  2.50  2.50  2.50  0.50 -1.50 -1.50 -0.50
     694:   2.50  2.50  2.50  2.50  0.50 -1.50 -1.50  0.50
     695:   2.50  2.50  2.50  2.50  0.50 -1.50 -1.50  1.50
     696:   2.50  2.50  2.50  2.50  0.50 -1.50 -1.50  2.50
     697:   2.50  2.50  2.50  2.50  0.50 -1.50 -0.50 -2.50
     698:   2.50  2.50  2.50  2.50  0.50 -1.50 -0.50 -1.50
     699:   2.50  2.50  2.50  2.50  0.50 -1.50 -0.50 -0.50
     700:   2.50  2.50  2.50  2.50  0.50 -1.50 -0.50  0.50
     701:   2.50  2.50  2.50  2.50  0.50 -1.50 -0.50  1.50
     702:   2.50  2.50  2.50  2.50  0.50 -1.50 -0.50  2.50
     703:   2.50  2.50  2.50  2.50  0.50 -1.50  0.50 -2.50
     704:   2.50  2.50  2.50  2.50  0.50 -1.50  0.50 -1.50
     705:   2.50  2.50  2.50  2.50  0.50 -1.50  0.50 -0.50
     706:   2.50  2.50  2.50  2.50  0.50 -1.50  0.50  0.50
     707:   2.50  2.50  2.50  2.50  0.50 -1.50  0.50  1.50
     708:   2.50  2.50  2.50  2.50  0.50 -1.50  0.50  2.50
     709:   2.50  2.50  2.50  2.50  0.50 -1.50  1.50 -2.50
     710:   2.50  2.50  2.50  2.50  0.50 -1.50  1.50 -1.50
     711:   2.50  2.50  2.50  2.50  0.50 -1.50  1.50 -0.50
     712:   2.50  2.50  2.50  2.50  0.50 -1.50  1.50  0.50
     713:   2.50  2.50  2.50  2.50  0.50 -1.50  1.50  1.50
     714:   2.50  2.50  2.50  2.50  0.50 -1.50  1.50  2.50
     715:   2.50  2.50  2.50  2.50  0.50 -1.50  2.50 -2.50
     716:   2.50  2.50  2.50  2.50  0.50 -1.50  2.50 -1.50
     717:   2.50  2.50  2.50  2.50  0.50 -1.50  2.50 -0.50
     718:   2.50  2.50  2.50  2.50  0.50 -1.50  2.50  0.50
     719:   2.50  2.50  2.50  2.50  0.50 -1.50  2.50  1.50
     720:   2.50  2.50  2.50  2.50  0.50 -1.50  2.50  2.50
     721:   2.50  2.50  2.50  2.50  0.50 -0.50 -2.50 -2.50
     722:   2.50  2.50  2.50  2.50  0.50 -0.50 -2.50 -1.50
     723:   2.50  2.50  2.50  2.50  0.50 -0.50 -2.50 -0.50
     724:   2.50  2.50  2.50  2.50  0.50 -0.50 -2.50  0.50
     725:   2.50  2.50  2.50  2.50  0.50 -0.50 -2.50  1.50
     726:   2.50  2.50  2.50  2.50  0.50 -0.50 -2.50  2.50
     727:   2.50  2.50  2.50  2.50  0.50 -0.50 -1.50 -2.50
     728:   2.50  2.50  2.50  2.50  0.50 -0.50 -1.50 -1.50
     729:   2.50  2.50  2.50  2.50  0.50 -0.50 -1.50 -0.50
     730:   2.50  2.50  2.50  2.50  0.50 -0.50 -1.50  0.50
     731:   2.50  2.50  2.50  2.50  0.50 -0.50 -1.50  1.50
     732:   2.50  2.50  2.50  2.50  0.50 -0.50 -1.50  2.50
     733:   2.50  2.50  2.50  2.50  0.50 -0.50 -0.50 -2.50
     734:   2.50  2.50  2.50  2.50  0.50 -0.50 -0.50 -1.50
     735:   2.50  2.50  2.50  2.50  0.50 -0.50 -0.50 -0.50
     736:   2.50  2.50  2.50  2.50  0.50 -0.50 -0.50  0.50
     737:   2.50  2.50  2.50  2.50  0.50 -0.50 -0.50  1.50
     738:   2.50  2.50  2.50  2.50  0.50 -0.50 -0.50  2.50
     739:   2.50  2.50  2.50  2.50  0.50 -0.50  0.50 -2.50
     740:   2.50  2.50  2.50  2.50  0.50 -0.50  0.50 -1.50
     741:   2.50  2.50  2.50  2.50  0.50 -0.50  0.50 -0.50
     742:   2.50  2.50  2.50  2.50  0.50 -0.50  0.50  0.50
     743:   2.50  2.50  2.50  2.50  0.50 -0.50  0.50  1.50
     744:   2.50  2.50  2.50  2.50  0.50 -0.50  0.50  2.50
     745:   2.50  2.50  2.50  2.50  0.50 -0.50  1.50 -2.50
     746:   2.50  2.50  2.50  2.50  0.50 -0.50  1.50 -1.50
     747:   2.50  2.50  2.50  2.50  0.50 -0.50  1.50 -0.50
     748:   2.50  2.50  2.50  2.50  0.50 -0.50  1.50  0.50
     749:   2.50  2.50  2.50  2.50  0.50 -0.50  1.50  1.50
     750:   2.50  2.50  2.50  2.50  0.50 -0.50  1.50  2.50
     751:   2.50  2.50  2.50  2.50  0.50 -0.50  2.50 -2.50
     752:   2.50  2.50  2.50  2.50  0.50 -0.50  2.50 -1.50
     753:   2.50  2.50  2.50  2.50  0.50 -0.50  2.50 -0.50
     754:   2.50  2.50  2.50  2.50  0.50 -0.50  2.50  0.50
     755:   2.50  2.50  2.50  2.50  0.50 -0.50  2.50  1.50
     756:   2.50  2.50  2.50  2.50  0.50 -0.50  2.50  2.50
     757:   2.50  2.50  2.50  2.50  0.50  0.50 -2.50 -2.50
     758:   2.50  2.50  2.50  2.50  0.50  0.50 -2.50 -1.50
     759:   2.50  2.50  2.50  2.50  0.50  0.50 -2.50 -0.50
     760:   2.50  2.50  2.50  2.50  0.50  0.50 -2.50  0.50
     761:   2.50  2.50  2.50  2.50  0.50  0.50 -2.50  1.50
     762:   2.50  2.50  2.50  2.50  0.50  0.50 -2.50  2.50
     763:   2.50  2.50  2.50  2.50  0.50  0.50 -1.50 -2.50
     764:   2.50  2.50  2.50  2.50  0.50  0.50 -1.50 -1.50
     765:   2.50  2.50  2.50  2.50  0.50  0.50 -1.50 -0.50
     766:   2.50  2.50  2.50  2.50  0.50  0.50 -1.50  0.50
     767:   2.50  2.50  2.50  2.50  0.50  0.50 -1.50  1.50
     768:   2.50  2.50  2.50  2.50  0.50  0.50 -1.50  2.50
     769:   2.50  2.50  2.50  2.50  0.50  0.50 -0.50 -2.50
     770:   2.50  2.50  2.50  2.50  0.50  0.50 -0.50 -1.50
     771:   2.50  2.50  2.50  2.50  0.50  0.50 -0.50 -0.50
     772:   2.50  2.50  2.50  2.50  0.50  0.50 -0.50  0.50
     773:   2.50  2.50  2.50  2.50  0.50  0.50 -0.50  1.50
     774:   2.50  2.50  2.50  2.50  0.50  0.50 -0.50  2.50
     775:   2.50  2.50  2.50  2.50  0.50  0.50  0.50 -2.50
     776:   2.50  2.50  2.50  2.50  0.50  0.50  0.50 -1.50
     777:   2.50  2.50  2.50  2.50  0.50  0.50  0.50 -0.50
     778:   2.50  2.50  2.50  2.50  0.50  0.50  0.50  0.50
     779:   2.50  2.50  2.50  2.50  0.50  0.50  0.50  1.50
     780:   2.50  2.50  2.50  2.50  0.50  0.50  0.50  2.50
     781:   2.50  2.50  2.50  2.50  0.50  0.50  1.50 -2.50
     782:   2.50  2.50  2.50  2.50  0.50  0.50  1.50 -1.50
     783:   2.50  2.50  2.50  2.50  0.50  0.50  1.50 -0.50
     784:   2.50  2.50  2.50  2.50  0.50  0.50  1.50  0.50
     785:   2.50  2.50  2.50  2.50  0.50  0.50  1.50  1.50
     786:   2.50  2.50  2.50  2.50  0.50  0.50  1.50  2.50
     787:   2.50  2.50  2.50  2.50  0.50  0.50  2.50 -2.50
     788:   2.50  2.50  2.50  2.50  0.50  0.50  2.50 -1.50
     789:   2.50  2.50  2.50  2.50  0.50  0.50  2.50 -0.50
     790:   2.50  2.50  2.50  2.50  0.50  0.50  2.50  0.50
     791:   2.50  2.50  2.50  2.50  0.50  0.50  2.50  1.50
     792:   2.50  2.50  2.50  2.50  0.50  0.50  2.50  2.50
     793:   2.50  2.50  2.50  2.50  0.50  1.50 -2.50 -2.50
     794:   2.50  2.50  2.50  2.50  0.50  1.50 -2.50 -1.50
     795:   2.50  2.50  2.50  2.50  0.50  1.50 -2.50 -0.50
     796:   2.50  2.50  2.50  2.50  0.50  1.50 -2.50  0.50
     797:   2.50  2.50  2.50  2.50  0.50  1.50 -2.50  1.50
     798:   2.50  2.50  2.50  2.50  0.50  1.50 -2.50  2.50
     799:   2.50  2.50  2.50  2.50  0.50  1.50 -1.50 -2.50
     800:   2.50  2.50  2.50  2.50  0.50  1.50 -1.50 -1.50
     801:   2.50  2.50  2.50  2.50  0.50  1.50 -1.50 -0.50
     802:   2.50  2.50  2.50  2.50  0.50  1.50 -1.50  0.50
     803:   2.50  2.50  2.50  2.50  0.50  1.50 -1.50  1.50
     804:   2.50  2.50  2.50  2.50  0.50  1.50 -1.50  2.50
     805:   2.50  2.50  2.50  2.50  0.50  1.50 -0.50 -2.50
     806:   2.50  2.50  2.50  2.50  0.50  1.50 -0.50 -1.50
     807:   2.50  2.50  2.50  2.50  0.50  1.50 -0.50 -0.50
     808:   2.50  2.50  2.50  2.50  0.50  1.50 -0.50  0.50
     809:   2.50  2.50  2.50  2.50  0.50  1.50 -0.50  1.50
     810:   2.50  2.50  2.50  2.50  0.50  1.50 -0.50  2.50
     811:   2.50  2.50  2.50  2.50  0.50  1.50  0.50 -2.50
     812:   2.50  2.50  2.50  2.50  0.50  1.50  0.50 -1.50
     813:   2.50  2.50  2.50  2.50  0.50  1.50  0.50 -0.50
     814:   2.50  2.50  2.50  2.50  0.50  1.50  0.50  0.50
     815:   2.50  2.50  2.50  2.50  0.50  1.50  0.50  1.50
     816:   2.50  2.50  2.50  2.50  0.50  1.50  0.50  2.50
     817:   2.50  2.50  2.50  2.50  0.50  1.50  1.50 -2.50
     818:   2.50  2.50  2.50  2.50  0.50  1.50  1.50 -1.50
     819:   2.50  2.50  2.50  2.50  0.50  1.50  1.50 -0.50
     820:   2.50  2.50  2.50  2.50  0.50  1.50  1.50  0.50
     821:   2.50  2.50  2.50  2.50  0.50  1.50  1.50  1.50
     822:   2.50  2.50  2.50  2.50  0.50  1.50  1.50  2.50
     823:   2.50  2.50  2.50  2.50  0.50  1.50  2.50 -2.50
     824:   2.50  2.50  2.50  2.50  0.50  1.50  2.50 -1.50
     825:   2.50  2.50  2.50  2.50  0.50  1.50  2.50 -0.50
     826:   2.50  2.50  2.50  2.50  0.50  1.50  2.50  0.50
     827:   2.50  2.50  2.50  2.50  0.50  1.50  2.50  1.50
     828:   2.50  2.50  2.50  2.50  0.50  1.50  2.50  2.50
     829:   2.50  2.50  2.50  2.50  0.50  2.50 -2.50 -2.50
     830:   2.50  2.50  2.50  2.50  0.50  2.50 -2.50 -1.50
     831:   2.50  2.50  2.50  2.50  0.50  2.50 -2.50 -0.50
     832:   2.50  2.50  2.50  2.50  0.50  2.50 -2.50  0.50
     833:   2.50  2.50  2.50  2.50  0.50  2.50 -2.50  1.50
     834:   2.50  2.50  2.50  2.50  0.50  2.50 -2.50  2.50
     835:   2.50  2.50  2.50  2.50  0.50  2.50 -1.50 -2.50
     836:   2.50  2.50  2.50  2.50  0.50  2.50 -1.50 -1.50
     837:   2.50  2.50  2.50  2.50  0.50  2.50 -1.50 -0.50
     838:   2.50  2.50  2.50  2.50  0.50  2.50 -1.50  0.50
     839:   2.50  2.50  2.50  2.50  0.50  2.50 -1.50  1.50
     840:   2.50  2.50  2.50  2.50  0.50  2.50 -1.50  2.50
     841:   2.50  2.50  2.50  2.50  0.50  2.50 -0.50 -2.50
     842:   2.50  2.50  2.50  2.50  0.50  2.50 -0.50 -1.50
     843:   2.50  2.50  2.50  2.50  0.50  2.50 -0.50 -0.50
     844:   2.50  2.50  2.50  2.50  0.50  2.50 -0.50  0.50
     845:   2.50  2.50  2.50  2.50  0.50  2.50 -0.50  1.50
     846:   2.50  2.50  2.50  2.50  0.50  2.50 -0.50  2.50
     847:   2.50  2.50  2.50  2.50  0.50  2.50  0.50 -2.50
     848:   2.50  2.50  2.50  2.50  0.50  2.50  0.50 -1.50
     849:   2.50  2.50  2.50  2.50  0.50  2.50  0.50 -0.50
     850:   2.50  2.50  2.50  2.50  0.50  2.50  0.50  0.50
     851:   2.50  2.50  2.50  2.50  0.50  2.50  0.50  1.50
     852:   2.50  2.50  2.50  2.50  0.50  2.50  0.50  2.50
     853:   2.50  2.50  2.50  2.50  0.50  2.50  1.50 -2.50
     854:   2.50  2.50  2.50  2.50  0.50  2.50  1.50 -1.50
     855:   2.50  2.50  2.50  2.50  0.50  2.50  1.50 -0.50
     856:   2.50  2.50  2.50  2.50  0.50  2.50  1.50  0.50
     857:   2.50  2.50  2.50  2.50  0.50  2.50  1.50  1.50
     858:   2.50  2.50  2.50  2.50  0.50  2.50  1.50  2.50
     859:   2.50  2.50  2.50  2.50  0.50  2.50  2.50 -2.50
     860:   2.50  2.50  2.50  2.50  0.50  2.50  2.50 -1.50
     861:   2.50  2.50  2.50  2.50  0.50  2.50  2.50 -0.50
     862:   2.50  2.50  2.50  2.50  0.50  2.50  2.50  0.50
     863:   2.50  2.50  2.50  2.50  0.50  2.50  2.50  1.50
     864:   2.50  2.50  2.50  2.50  0.50  2.50  2.50  2.50
     865:   2.50  2.50  2.50  2.50  1.50 -2.50 -2.50 -2.50
     866:   2.50  2.50  2.50  2.50  1.50 -2.50 -2.50 -1.50
     867:   2.50  2.50  2.50  2.50  1.50 -2.50 -2.50 -0.50
     868:   2.50  2.50  2.50  2.50  1.50 -2.50 -2.50  0.50
     869:   2.50  2.50  2.50  2.50  1.50 -2.50 -2.50  1.50
     870:   2.50  2.50  2.50  2.50  1.50 -2.50 -2.50  2.50
     871:   2.50  2.50  2.50  2.50  1.50 -2.50 -1.50 -2.50
     872:   2.50  2.50  2.50  2.50  1.50 -2.50 -1.50 -1.50
     873:   2.50  2.50  2.50  2.50  1.50 -2.50 -1.50 -0.50
     874:   2.50  2.50  2.50  2.50  1.50 -2.50 -1.50  0.50
     875:   2.50  2.50  2.50  2.50  1.50 -2.50 -1.50  1.50
     876:   2.50  2.50  2.50  2.50  1.50 -2.50 -1.50  2.50
     877:   2.50  2.50  2.50  2.50  1.50 -2.50 -0.50 -2.50
     878:   2.50  2.50  2.50  2.50  1.50 -2.50 -0.50 -1.50
     879:   2.50  2.50  2.50  2.50  1.50 -2.50 -0.50 -0.50
     880:   2.50  2.50  2.50  2.50  1.50 -2.50 -0.50  0.50
     881:   2.50  2.50  2.50  2.50  1.50 -2.50 -0.50  1.50
     882:   2.50  2.50  2.50  2.50  1.50 -2.50 -0.50  2.50
     883:   2.50  2.50  2.50  2.50  1.50 -2.50  0.50 -2.50
     884:   2.50  2.50  2.50  2.50  1.50 -2.50  0.50 -1.50
     885:   2.50  2.50  2.50  2.50  1.50 -2.50  0.50 -0.50
     886:   2.50  2.50  2.50  2.50  1.50 -2.50  0.50  0.50
     887:   2.50  2.50  2.50  2.50  1.50 -2.50  0.50  1.50
     888:   2.50  2.50  2.50  2.50  1.50 -2.50  0.50  2.50
     889:   2.50  2.50  2.50  2.50  1.50 -2.50  1.50 -2.50
     890:   2.50  2.50  2.50  2.50  1.50 -2.50  1.50 -1.50
     891:   2.50  2.50  2.50  2.50  1.50 -2.50  1.50 -0.50
     892:   2.50  2.50  2.50  2.50  1.50 -2.50  1.50  0.50
     893:   2.50  2.50  2.50  2.50  1.50 -2.50  1.50  1.50
     894:   2.50  2.50  2.50  2.50  1.50 -2.50  1.50  2.50
     895:   2.50  2.50  2.50  2.50  1.50 -2.50  2.50 -2.50
     896:   2.50  2.50  2.50  2.50  1.50 -2.50  2.50 -1.50
     897:   2.50  2.50  2.50  2.50  1.50 -2.50  2.50 -0.50
     898:   2.50  2.50  2.50  2.50  1.50 -2.50  2.50  0.50
     899:   2.50  2.50  2.50  2.50  1.50 -2.50  2.50  1.50
     900:   2.50  2.50  2.50  2.50  1.50 -2.50  2.50  2.50
     901:   2.50  2.50  2.50  2.50  1.50 -1.50 -2.50 -2.50
     902:   2.50  2.50  2.50  2.50  1.50 -1.50 -2.50 -1.50
     903:   2.50  2.50  2.50  2.50  1.50 -1.50 -2.50 -0.50
     904:   2.50  2.50  2.50  2.50  1.50 -1.50 -2.50  0.50
     905:   2.50  2.50  2.50  2.50  1.50 -1.50 -2.50  1.50
     906:   2.50  2.50  2.50  2.50  1.50 -1.50 -2.50  2.50
     907:   2.50  2.50  2.50  2.50  1.50 -1.50 -1.50 -2.50
     908:   2.50  2.50  2.50  2.50  1.50 -1.50 -1.50 -1.50
     909:   2.50  2.50  2.50  2.50  1.50 -1.50 -1.50 -0.50
     910:   2.50  2.50  2.50  2.50  1.50 -1.50 -1.50  0.50
     911:   2.50  2.50  2.50  2.50  1.50 -1.50 -1.50  1.50
     912:   2.50  2.50  2.50  2.50  1.50 -1.50 -1.50  2.50
     913:   2.50  2.50  2.50  2.50  1.50 -1.50 -0.50 -2.50
     914:   2.50  2.50  2.50  2.50  1.50 -1.50 -0.50 -1.50
     915:   2.50  2.50  2.50  2.50  1.50 -1.50 -0.50 -0.50
     916:   2.50  2.50  2.50  2.50  1.50 -1.50 -0.50  0.50
     917:   2.50  2.50  2.50  2.50  1.50 -1.50 -0.50  1.50
     918:   2.50  2.50  2.50  2.50  1.50 -1.50 -0.50  2.50
     919:   2.50  2.50  2.50  2.50  1.50 -1.50  0.50 -2.50
     920:   2.50  2.50  2.50  2.50  1.50 -1.50  0.50 -1.50
     921:   2.50  2.50  2.50  2.50  1.50 -1.50  0.50 -0.50
     922:   2.50  2.50  2.50  2.50  1.50 -1.50  0.50  0.50
     923:   2.50  2.50  2.50  2.50  1.50 -1.50  0.50  1.50
     924:   2.50  2.50  2.50  2.50  1.50 -1.50  0.50  2.50
     925:   2.50  2.50  2.50  2.50  1.50 -1.50  1.50 -2.50
     926:   2.50  2.50  2.50  2.50  1.50 -1.50  1.50 -1.50
     927:   2.50  2.50  2.50  2.50  1.50 -1.50  1.50 -0.50
     928:   2.50  2.50  2.50  2.50  1.50 -1.50  1.50  0.50
     929:   2.50  2.50  2.50  2.50  1.50 -1.50  1.50  1.50
     930:   2.50  2.50  2.50  2.50  1.50 -1.50  1.50  2.50
     931:   2.50  2.50  2.50  2.50  1.50 -1.50  2.50 -2.50
     932:   2.50  2.50  2.50  2.50  1.50 -1.50  2.50 -1.50
     933:   2.50  2.50  2.50  2.50  1.50 -1.50  2.50 -0.50
     934:   2.50  2.50  2.50  2.50  1.50 -1.50  2.50  0.50
     935:   2.50  2.50  2.50  2.50  1.50 -1.50  2.50  1.50
     936:   2.50  2.50  2.50  2.50  1.50 -1.50  2.50  2.50
     937:   2.50  2.50  2.50  2.50  1.50 -0.50 -2.50 -2.50
     938:   2.50  2.50  2.50  2.50  1.50 -0.50 -2.50 -1.50
     939:   2.50  2.50  2.50  2.50  1.50 -0.50 -2.50 -0.50
     940:   2.50  2.50  2.50  2.50  1.50 -0.50 -2.50  0.50
     941:   2.50  2.50  2.50  2.50  1.50 -0.50 -2.50  1.50
     942:   2.50  2.50  2.50  2.50  1.50 -0.50 -2.50  2.50
     943:   2.50  2.50  2.50  2.50  1.50 -0.50 -1.50 -2.50
     944:   2.50  2.50  2.50  2.50  1.50 -0.50 -1.50 -1.50
     945:   2.50  2.50  2.50  2.50  1.50 -0.50 -1.50 -0.50
     946:   2.50  2.50  2.50  2.50  1.50 -0.50 -1.50  0.50
     947:   2.50  2.50  2.50  2.50  1.50 -0.50 -1.50  1.50
     948:   2.50  2.50  2.50  2.50  1.50 -0.50 -1.50  2.50
     949:   2.50  2.50  2.50  2.50  1.50 -0.50 -0.50 -2.50
     950:   2.50  2.50  2.50  2.50  1.50 -0.50 -0.50 -1.50
     951:   2.50  2.50  2.50  2.50  1.50 -0.50 -0.50 -0.50
     952:   2.50  2.50  2.50  2.50  1.50 -0.50 -0.50  0.50
     953:   2.50  2.50  2.50  2.50  1.50 -0.50 -0.50  1.50
     954:   2.50  2.50  2.50  2.50  1.50 -0.50 -0.50  2.50
     955:   2.50  2.50  2.50  2.50  1.50 -0.50  0.50 -2.50
     956:   2.50  2.50  2.50  2.50  1.50 -0.50  0.50 -1.50
     957:   2.50  2.50  2.50  2.50  1.50 -0.50  0.50 -0.50
     958:   2.50  2.50  2.50  2.50  1.50 -0.50  0.50  0.50
     959:   2.50  2.50  2.50  2.50  1.50 -0.50  0.50  1.50
     960:   2.50  2.50  2.50  2.50  1.50 -0.50  0.50  2.50
     961:   2.50  2.50  2.50  2.50  1.50 -0.50  1.50 -2.50
     962:   2.50  2.50  2.50  2.50  1.50 -0.50  1.50 -1.50
     963:   2.50  2.50  2.50  2.50  1.50 -0.50  1.50 -0.50
     964:   2.50  2.50  2.50  2.50  1.50 -0.50  1.50  0.50
     965:   2.50  2.50  2.50  2.50  1.50 -0.50  1.50  1.50
     966:   2.50  2.50  2.50  2.50  1.50 -0.50  1.50  2.50
     967:   2.50  2.50  2.50  2.50  1.50 -0.50  2.50 -2.50
     968:   2.50  2.50  2.50  2.50  1.50 -0.50  2.50 -1.50
     969:   2.50  2.50  2.50  2.50  1.50 -0.50  2.50 -0.50
     970:   2.50  2.50  2.50  2.50  1.50 -0.50  2.50  0.50
     971:   2.50  2.50  2.50  2.50  1.50 -0.50  2.50  1.50
     972:   2.50  2.50  2.50  2.50  1.50 -0.50  2.50  2.50
     973:   2.50  2.50  2.50  2.50  1.50  0.50 -2.50 -2.50
     974:   2.50  2.50  2.50  2.50  1.50  0.50 -2.50 -1.50
     975:   2.50  2.50  2.50  2.50  1.50  0.50 -2.50 -0.50
     976:   2.50  2.50  2.50  2.50  1.50  0.50 -2.50  0.50
     977:   2.50  2.50  2.50  2.50  1.50  0.50 -2.50  1.50
     978:   2.50  2.50  2.50  2.50  1.50  0.50 -2.50  2.50
     979:   2.50  2.50  2.50  2.50  1.50  0.50 -1.50 -2.50
     980:   2.50  2.50  2.50  2.50  1.50  0.50 -1.50 -1.50
     981:   2.50  2.50  2.50  2.50  1.50  0.50 -1.50 -0.50
     982:   2.50  2.50  2.50  2.50  1.50  0.50 -1.50  0.50
     983:   2.50  2.50  2.50  2.50  1.50  0.50 -1.50  1.50
     984:   2.50  2.50  2.50  2.50  1.50  0.50 -1.50  2.50
     985:   2.50  2.50  2.50  2.50  1.50  0.50 -0.50 -2.50
     986:   2.50  2.50  2.50  2.50  1.50  0.50 -0.50 -1.50
     987:   2.50  2.50  2.50  2.50  1.50  0.50 -0.50 -0.50
     988:   2.50  2.50  2.50  2.50  1.50  0.50 -0.50  0.50
     989:   2.50  2.50  2.50  2.50  1.50  0.50 -0.50  1.50
     990:   2.50  2.50  2.50  2.50  1.50  0.50 -0.50  2.50
     991:   2.50  2.50  2.50  2.50  1.50  0.50  0.50 -2.50
     992:   2.50  2.50  2.50  2.50  1.50  0.50  0.50 -1.50
     993:   2.50  2.50  2.50  2.50  1.50  0.50  0.50 -0.50
     994:   2.50  2.50  2.50  2.50  1.50  0.50  0.50  0.50
     995:   2.50  2.50  2.50  2.50  1.50  0.50  0.50  1.50
     996:   2.50  2.50  2.50  2.50  1.50  0.50  0.50  2.50
     997:   2.50  2.50  2.50  2.50  1.50  0.50  1.50 -2.50
     998:   2.50  2.50  2.50  2.50  1.50  0.50  1.50 -1.50
     999:   2.50  2.50  2.50  2.50  1.50  0.50  1.50 -0.50
    1000:   2.50  2.50  2.50  2.50  1.50  0.50  1.50  0.50
    1001:   2.50  2.50  2.50  2.50  1.50  0.50  1.50  1.50
    1002:   2.50  2.50  2.50  2.50  1.50  0.50  1.50  2.50
    1003:   2.50  2.50  2.50  2.50  1.50  0.50  2.50 -2.50
    1004:   2.50  2.50  2.50  2.50  1.50  0.50  2.50 -1.50
    1005:   2.50  2.50  2.50  2.50  1.50  0.50  2.50 -0.50
    1006:   2.50  2.50  2.50  2.50  1.50  0.50  2.50  0.50
    1007:   2.50  2.50  2.50  2.50  1.50  0.50  2.50  1.50
    1008:   2.50  2.50  2.50  2.50  1.50  0.50  2.50  2.50
    1009:   2.50  2.50  2.50  2.50  1.50  1.50 -2.50 -2.50
    1010:   2.50  2.50  2.50  2.50  1.50  1.50 -2.50 -1.50
    1011:   2.50  2.50  2.50  2.50  1.50  1.50 -2.50 -0.50
    1012:   2.50  2.50  2.50  2.50  1.50  1.50 -2.50  0.50
    1013:   2.50  2.50  2.50  2.50  1.50  1.50 -2.50  1.50
    1014:   2.50  2.50  2.50  2.50  1.50  1.50 -2.50  2.50
    1015:   2.50  2.50  2.50  2.50  1.50  1.50 -1.50 -2.50
    1016:   2.50  2.50  2.50  2.50  1.50  1.50 -1.50 -1.50
    1017:   2.50  2.50  2.50  2.50  1.50  1.50 -1.50 -0.50
    1018:   2.50  2.50  2.50  2.50  1.50  1.50 -1.50  0.50
    1019:   2.50  2.50  2.50  2.50  1.50  1.50 -1.50  1.50
    1020:   2.50  2.50  2.50  2.50  1.50  1.50 -1.50  2.50
    1021:   2.50  2.50  2.50  2.50  1.50  1.50 -0.50 -2.50
    1022:   2.50  2.50  2.50  2.50  1.50  1.50 -0.50 -1.50
    1023:   2.50  2.50  2.50  2.50  1.50  1.50 -0.50 -0.50
    1024:   2.50  2.50  2.50  2.50  1.50  1.50 -0.50  0.50
    1025:   2.50  2.50  2.50  2.50  1.50  1.50 -0.50  1.50
    1026:   2.50  2.50  2.50  2.50  1.50  1.50 -0.50  2.50
    1027:   2.50  2.50  2.50  2.50  1.50  1.50  0.50 -2.50
    1028:   2.50  2.50  2.50  2.50  1.50  1.50  0.50 -1.50
    1029:   2.50  2.50  2.50  2.50  1.50  1.50  0.50 -0.50
    1030:   2.50  2.50  2.50  2.50  1.50  1.50  0.50  0.50
    1031:   2.50  2.50  2.50  2.50  1.50  1.50  0.50  1.50
    1032:   2.50  2.50  2.50  2.50  1.50  1.50  0.50  2.50
    1033:   2.50  2.50  2.50  2.50  1.50  1.50  1.50 -2.50
    1034:   2.50  2.50  2.50  2.50  1.50  1.50  1.50 -1.50
    1035:   2.50  2.50  2.50  2.50  1.50  1.50  1.50 -0.50
    1036:   2.50  2.50  2.50  2.50  1.50  1.50  1.50  0.50
    1037:   2.50  2.50  2.50  2.50  1.50  1.50  1.50  1.50
    1038:   2.50  2.50  2.50  2.50  1.50  1.50  1.50  2.50
    1039:   2.50  2.50  2.50  2.50  1.50  1.50  2.50 -2.50
    1040:   2.50  2.50  2.50  2.50  1.50  1.50  2.50 -1.50
    1041:   2.50  2.50  2.50  2.50  1.50  1.50  2.50 -0.50
    1042:   2.50  2.50  2.50  2.50  1.50  1.50  2.50  0.50
    1043:   2.50  2.50  2.50  2.50  1.50  1.50  2.50  1.50
    1044:   2.50  2.50  2.50  2.50  1.50  1.50  2.50  2.50
    1045:   2.50  2.50  2.50  2.50  1.50  2.50 -2.50 -2.50
    1046:   2.50  2.50  2.50  2.50  1.50  2.50 -2.50 -1.50
    1047:   2.50  2.50  2.50  2.50  1.50  2.50 -2.50 -0.50
    1048:   2.50  2.50  2.50  2.50  1.50  2.50 -2.50  0.50
    1049:   2.50  2.50  2.50  2.50  1.50  2.50 -2.50  1.50
    1050:   2.50  2.50  2.50  2.50  1.50  2.50 -2.50  2.50
    1051:   2.50  2.50  2.50  2.50  1.50  2.50 -1.50 -2.50
    1052:   2.50  2.50  2.50  2.50  1.50  2.50 -1.50 -1.50
    1053:   2.50  2.50  2.50  2.50  1.50  2.50 -1.50 -0.50
    1054:   2.50  2.50  2.50  2.50  1.50  2.50 -1.50  0.50
    1055:   2.50  2.50  2.50  2.50  1.50  2.50 -1.50  1.50
    1056:   2.50  2.50  2.50  2.50  1.50  2.50 -1.50  2.50
    1057:   2.50  2.50  2.50  2.50  1.50  2.50 -0.50 -2.50
    1058:   2.50  2.50  2.50  2.50  1.50  2.50 -0.50 -1.50
    1059:   2.50  2.50  2.50  2.50  1.50  2.50 -0.50 -0.50
    1060:   2.50  2.50  2.50  2.50  1.50  2.50 -0.50  0.50
    1061:   2.50  2.50  2.50  2.50  1.50  2.50 -0.50  1.50
    1062:   2.50  2.50  2.50  2.50  1.50  2.50 -0.50  2.50
    1063:   2.50  2.50  2.50  2.50  1.50  2.50  0.50 -2.50
    1064:   2.50  2.50  2.50  2.50  1.50  2.50  0.50 -1.50
    1065:   2.50  2.50  2.50  2.50  1.50  2.50  0.50 -0.50
    1066:   2.50  2.50  2.50  2.50  1.50  2.50  0.50  0.50
    1067:   2.50  2.50  2.50  2.50  1.50  2.50  0.50  1.50
    1068:   2.50  2.50  2.50  2.50  1.50  2.50  0.50  2.50
    1069:   2.50  2.50  2.50  2.50  1.50  2.50  1.50 -2.50
    1070:   2.50  2.50  2.50  2.50  1.50  2.50  1.50 -1.50
    1071:   2.50  2.50  2.50  2.50  1.50  2.50  1.50 -0.50
    1072:   2.50  2.50  2.50  2.50  1.50  2.50  1.50  0.50
    1073:   2.50  2.50  2.50  2.50  1.50  2.50  1.50  1.50
    1074:   2.50  2.50  2.50  2.50  1.50  2.50  1.50  2.50
    1075:   2.50  2.50  2.50  2.50  1.50  2.50  2.50 -2.50
    1076:   2.50  2.50  2.50  2.50  1.50  2.50  2.50 -1.50
    1077:   2.50  2.50  2.50  2.50  1.50  2.50  2.50 -0.50
    1078:   2.50  2.50  2.50  2.50  1.50  2.50  2.50  0.50
    1079:   2.50  2.50  2.50  2.50  1.50  2.50  2.50  1.50
    1080:   2.50  2.50  2.50  2.50  1.50  2.50  2.50  2.50
    1081:   2.50  2.50  2.50  2.50  2.50 -2.50 -2.50 -2.50
    1082:   2.50  2.50  2.50  2.50  2.50 -2.50 -2.50 -1.50
    1083:   2.50  2.50  2.50  2.50  2.50 -2.50 -2.50 -0.50
    1084:   2.50  2.50  2.50  2.50  2.50 -2.50 -2.50  0.50
    1085:   2.50  2.50  2.50  2.50  2.50 -2.50 -2.50  1.50
    1086:   2.50  2.50  2.50  2.50  2.50 -2.50 -2.50  2.50
    1087:   2.50  2.50  2.50  2.50  2.50 -2.50 -1.50 -2.50
    1088:   2.50  2.50  2.50  2.50  2.50 -2.50 -1.50 -1.50
    1089:   2.50  2.50  2.50  2.50  2.50 -2.50 -1.50 -0.50
    1090:   2.50  2.50  2.50  2.50  2.50 -2.50 -1.50  0.50
    1091:   2.50  2.50  2.50  2.50  2.50 -2.50 -1.50  1.50
    1092:   2.50  2.50  2.50  2.50  2.50 -2.50 -1.50  2.50
    1093:   2.50  2.50  2.50  2.50  2.50 -2.50 -0.50 -2.50
    1094:   2.50  2.50  2.50  2.50  2.50 -2.50 -0.50 -1.50
    1095:   2.50  2.50  2.50  2.50  2.50 -2.50 -0.50 -0.50
    1096:   2.50  2.50  2.50  2.50  2.50 -2.50 -0.50  0.50
    1097:   2.50  2.50  2.50  2.50  2.50 -2.50 -0.50  1.50
    1098:   2.50  2.50  2.50  2.50  2.50 -2.50 -0.50  2.50
    1099:   2.50  2.50  2.50  2.50  2.50 -2.50  0.50 -2.50
    1100:   2.50  2.50  2.50  2.50  2.50 -2.50  0.50 -1.50
    1101:   2.50  2.50  2.50  2.50  2.50 -2.50  0.50 -0.50
    1102:   2.50  2.50  2.50  2.50  2.50 -2.50  0.50  0.50
    1103:   2.50  2.50  2.50  2.50  2.50 -2.50  0.50  1.50
    1104:   2.50  2.50  2.50  2.50  2.50 -2.50  0.50  2.50
    1105:   2.50  2.50  2.50  2.50  2.50 -2.50  1.50 -2.50
    1106:   2.50  2.50  2.50  2.50  2.50 -2.50  1.50 -1.50
    1107:   2.50  2.50  2.50  2.50  2.50 -2.50  1.50 -0.50
    1108:   2.50  2.50  2.50  2.50  2.50 -2.50  1.50  0.50
    1109:   2.50  2.50  2.50  2.50  2.50 -2.50  1.50  1.50
    1110:   2.50  2.50  2.50  2.50  2.50 -2.50  1.50  2.50
    1111:   2.50  2.50  2.50  2.50  2.50 -2.50  2.50 -2.50
    1112:   2.50  2.50  2.50  2.50  2.50 -2.50  2.50 -1.50
    1113:   2.50  2.50  2.50  2.50  2.50 -2.50  2.50 -0.50
    1114:   2.50  2.50  2.50  2.50  2.50 -2.50  2.50  0.50
    1115:   2.50  2.50  2.50  2.50  2.50 -2.50  2.50  1.50
    1116:   2.50  2.50  2.50  2.50  2.50 -2.50  2.50  2.50
    1117:   2.50  2.50  2.50  2.50  2.50 -1.50 -2.50 -2.50
    1118:   2.50  2.50  2.50  2.50  2.50 -1.50 -2.50 -1.50
    1119:   2.50  2.50  2.50  2.50  2.50 -1.50 -2.50 -0.50
    1120:   2.50  2.50  2.50  2.50  2.50 -1.50 -2.50  0.50
    1121:   2.50  2.50  2.50  2.50  2.50 -1.50 -2.50  1.50
    1122:   2.50  2.50  2.50  2.50  2.50 -1.50 -2.50  2.50
    1123:   2.50  2.50  2.50  2.50  2.50 -1.50 -1.50 -2.50
    1124:   2.50  2.50  2.50  2.50  2.50 -1.50 -1.50 -1.50
    1125:   2.50  2.50  2.50  2.50  2.50 -1.50 -1.50 -0.50
    1126:   2.50  2.50  2.50  2.50  2.50 -1.50 -1.50  0.50
    1127:   2.50  2.50  2.50  2.50  2.50 -1.50 -1.50  1.50
    1128:   2.50  2.50  2.50  2.50  2.50 -1.50 -1.50  2.50
    1129:   2.50  2.50  2.50  2.50  2.50 -1.50 -0.50 -2.50
    1130:   2.50  2.50  2.50  2.50  2.50 -1.50 -0.50 -1.50
    1131:   2.50  2.50  2.50  2.50  2.50 -1.50 -0.50 -0.50
    1132:   2.50  2.50  2.50  2.50  2.50 -1.50 -0.50  0.50
    1133:   2.50  2.50  2.50  2.50  2.50 -1.50 -0.50  1.50
    1134:   2.50  2.50  2.50  2.50  2.50 -1.50 -0.50  2.50
    1135:   2.50  2.50  2.50  2.50  2.50 -1.50  0.50 -2.50
    1136:   2.50  2.50  2.50  2.50  2.50 -1.50  0.50 -1.50
    1137:   2.50  2.50  2.50  2.50  2.50 -1.50  0.50 -0.50
    1138:   2.50  2.50  2.50  2.50  2.50 -1.50  0.50  0.50
    1139:   2.50  2.50  2.50  2.50  2.50 -1.50  0.50  1.50
    1140:   2.50  2.50  2.50  2.50  2.50 -1.50  0.50  2.50
    1141:   2.50  2.50  2.50  2.50  2.50 -1.50  1.50 -2.50
    1142:   2.50  2.50  2.50  2.50  2.50 -1.50  1.50 -1.50
    1143:   2.50  2.50  2.50  2.50  2.50 -1.50  1.50 -0.50
    1144:   2.50  2.50  2.50  2.50  2.50 -1.50  1.50  0.50
    1145:   2.50  2.50  2.50  2.50  2.50 -1.50  1.50  1.50
    1146:   2.50  2.50  2.50  2.50  2.50 -1.50  1.50  2.50
    1147:   2.50  2.50  2.50  2.50  2.50 -1.50  2.50 -2.50
    1148:   2.50  2.50  2.50  2.50  2.50 -1.50  2.50 -1.50
    1149:   2.50  2.50  2.50  2.50  2.50 -1.50  2.50 -0.50
    1150:   2.50  2.50  2.50  2.50  2.50 -1.50  2.50  0.50
    1151:   2.50  2.50  2.50  2.50  2.50 -1.50  2.50  1.50
    1152:   2.50  2.50  2.50  2.50  2.50 -1.50  2.50  2.50
    1153:   2.50  2.50  2.50  2.50  2.50 -0.50 -2.50 -2.50
    1154:   2.50  2.50  2.50  2.50  2.50 -0.50 -2.50 -1.50
    1155:   2.50  2.50  2.50  2.50  2.50 -0.50 -2.50 -0.50
    1156:   2.50  2.50  2.50  2.50  2.50 -0.50 -2.50  0.50
    1157:   2.50  2.50  2.50  2.50  2.50 -0.50 -2.50  1.50
    1158:   2.50  2.50  2.50  2.50  2.50 -0.50 -2.50  2.50
    1159:   2.50  2.50  2.50  2.50  2.50 -0.50 -1.50 -2.50
    1160:   2.50  2.50  2.50  2.50  2.50 -0.50 -1.50 -1.50
    1161:   2.50  2.50  2.50  2.50  2.50 -0.50 -1.50 -0.50
    1162:   2.50  2.50  2.50  2.50  2.50 -0.50 -1.50  0.50
    1163:   2.50  2.50  2.50  2.50  2.50 -0.50 -1.50  1.50
    1164:   2.50  2.50  2.50  2.50  2.50 -0.50 -1.50  2.50
    1165:   2.50  2.50  2.50  2.50  2.50 -0.50 -0.50 -2.50
    1166:   2.50  2.50  2.50  2.50  2.50 -0.50 -0.50 -1.50
    1167:   2.50  2.50  2.50  2.50  2.50 -0.50 -0.50 -0.50
    1168:   2.50  2.50  2.50  2.50  2.50 -0.50 -0.50  0.50
    1169:   2.50  2.50  2.50  2.50  2.50 -0.50 -0.50  1.50
    1170:   2.50  2.50  2.50  2.50  2.50 -0.50 -0.50  2.50
    1171:   2.50  2.50  2.50  2.50  2.50 -0.50  0.50 -2.50
    1172:   2.50  2.50  2.50  2.50  2.50 -0.50  0.50 -1.50
    1173:   2.50  2.50  2.50  2.50  2.50 -0.50  0.50 -0.50
    1174:   2.50  2.50  2.50  2.50  2.50 -0.50  0.50  0.50
    1175:   2.50  2.50  2.50  2.50  2.50 -0.50  0.50  1.50
    1176:   2.50  2.50  2.50  2.50  2.50 -0.50  0.50  2.50
    1177:   2.50  2.50  2.50  2.50  2.50 -0.50  1.50 -2.50
    1178:   2.50  2.50  2.50  2.50  2.50 -0.50  1.50 -1.50
    1179:   2.50  2.50  2.50  2.50  2.50 -0.50  1.50 -0.50
    1180:   2.50  2.50  2.50  2.50  2.50 -0.50  1.50  0.50
    1181:   2.50  2.50  2.50  2.50  2.50 -0.50  1.50  1.50
    1182:   2.50  2.50  2.50  2.50  2.50 -0.50  1.50  2.50
    1183:   2.50  2.50  2.50  2.50  2.50 -0.50  2.50 -2.50
    1184:   2.50  2.50  2.50  2.50  2.50 -0.50  2.50 -1.50
    1185:   2.50  2.50  2.50  2.50  2.50 -0.50  2.50 -0.50
    1186:   2.50  2.50  2.50  2.50  2.50 -0.50  2.50  0.50
    1187:   2.50  2.50  2.50  2.50  2.50 -0.50  2.50  1.50
    1188:   2.50  2.50  2.50  2.50  2.50 -0.50  2.50  2.50
    1189:   2.50  2.50  2.50  2.50  2.50  0.50 -2.50 -2.50
    1190:   2.50  2.50  2.50  2.50  2.50  0.50 -2.50 -1.50
    1191:   2.50  2.50  2.50  2.50  2.50  0.50 -2.50 -0.50
    1192:   2.50  2.50  2.50  2.50  2.50  0.50 -2.50  0.50
    1193:   2.50  2.50  2.50  2.50  2.50  0.50 -2.50  1.50
    1194:   2.50  2.50  2.50  2.50  2.50  0.50 -2.50  2.50
    1195:   2.50  2.50  2.50  2.50  2.50  0.50 -1.50 -2.50
    1196:   2.50  2.50  2.50  2.50  2.50  0.50 -1.50 -1.50
    1197:   2.50  2.50  2.50  2.50  2.50  0.50 -1.50 -0.50
    1198:   2.50  2.50  2.50  2.50  2.50  0.50 -1.50  0.50
    1199:   2.50  2.50  2.50  2.50  2.50  0.50 -1.50  1.50
    1200:   2.50  2.50  2.50  2.50  2.50  0.50 -1.50  2.50
    1201:   2.50  2.50  2.50  2.50  2.50  0.50 -0.50 -2.50
    1202:   2.50  2.50  2.50  2.50  2.50  0.50 -0.50 -1.50
    1203:   2.50  2.50  2.50  2.50  2.50  0.50 -0.50 -0.50
    1204:   2.50  2.50  2.50  2.50  2.50  0.50 -0.50  0.50
    1205:   2.50  2.50  2.50  2.50  2.50  0.50 -0.50  1.50
    1206:   2.50  2.50  2.50  2.50  2.50  0.50 -0.50  2.50
    1207:   2.50  2.50  2.50  2.50  2.50  0.50  0.50 -2.50
    1208:   2.50  2.50  2.50  2.50  2.50  0.50  0.50 -1.50
    1209:   2.50  2.50  2.50  2.50  2.50  0.50  0.50 -0.50
    1210:   2.50  2.50  2.50  2.50  2.50  0.50  0.50  0.50
    1211:   2.50  2.50  2.50  2.50  2.50  0.50  0.50  1.50
    1212:   2.50  2.50  2.50  2.50  2.50  0.50  0.50  2.50
    1213:   2.50  2.50  2.50  2.50  2.50  0.50  1.50 -2.50
    1214:   2.50  2.50  2.50  2.50  2.50  0.50  1.50 -1.50
    1215:   2.50  2.50  2.50  2.50  2.50  0.50  1.50 -0.50
    1216:   2.50  2.50  2.50  2.50  2.50  0.50  1.50  0.50
    1217:   2.50  2.50  2.50  2.50  2.50  0.50  1.50  1.50
    1218:   2.50  2.50  2.50  2.50  2.50  0.50  1.50  2.50
    1219:   2.50  2.50  2.50  2.50  2.50  0.50  2.50 -2.50
    1220:   2.50  2.50  2.50  2.50  2.50  0.50  2.50 -1.50
    1221:   2.50  2.50  2.50  2.50  2.50  0.50  2.50 -0.50
    1222:   2.50  2.50  2.50  2.50  2.50  0.50  2.50  0.50
    1223:   2.50  2.50  2.50  2.50  2.50  0.50  2.50  1.50
    1224:   2.50  2.50  2.50  2.50  2.50  0.50  2.50  2.50
    1225:   2.50  2.50  2.50  2.50  2.50  1.50 -2.50 -2.50
    1226:   2.50  2.50  2.50  2.50  2.50  1.50 -2.50 -1.50
    1227:   2.50  2.50  2.50  2.50  2.50  1.50 -2.50 -0.50
    1228:   2.50  2.50  2.50  2.50  2.50  1.50 -2.50  0.50
    1229:   2.50  2.50  2.50  2.50  2.50  1.50 -2.50  1.50
    1230:   2.50  2.50  2.50  2.50  2.50  1.50 -2.50  2.50
    1231:   2.50  2.50  2.50  2.50  2.50  1.50 -1.50 -2.50
    1232:   2.50  2.50  2.50  2.50  2.50  1.50 -1.50 -1.50
    1233:   2.50  2.50  2.50  2.50  2.50  1.50 -1.50 -0.50
    1234:   2.50  2.50  2.50  2.50  2.50  1.50 -1.50  0.50
    1235:   2.50  2.50  2.50  2.50  2.50  1.50 -1.50  1.50
    1236:   2.50  2.50  2.50  2.50  2.50  1.50 -1.50  2.50
    1237:   2.50  2.50  2.50  2.50  2.50  1.50 -0.50 -2.50
    1238:   2.50  2.50  2.50  2.50  2.50  1.50 -0.50 -1.50
    1239:   2.50  2.50  2.50  2.50  2.50  1.50 -0.50 -0.50
    1240:   2.50  2.50  2.50  2.50  2.50  1.50 -0.50  0.50
    1241:   2.50  2.50  2.50  2.50  2.50  1.50 -0.50  1.50
    1242:   2.50  2.50  2.50  2.50  2.50  1.50 -0.50  2.50
    1243:   2.50  2.50  2.50  2.50  2.50  1.50  0.50 -2.50
    1244:   2.50  2.50  2.50  2.50  2.50  1.50  0.50 -1.50
    1245:   2.50  2.50  2.50  2.50  2.50  1.50  0.50 -0.50
    1246:   2.50  2.50  2.50  2.50  2.50  1.50  0.50  0.50
    1247:   2.50  2.50  2.50  2.50  2.50  1.50  0.50  1.50
    1248:   2.50  2.50  2.50  2.50  2.50  1.50  0.50  2.50
    1249:   2.50  2.50  2.50  2.50  2.50  1.50  1.50 -2.50
    1250:   2.50  2.50  2.50  2.50  2.50  1.50  1.50 -1.50
    1251:   2.50  2.50  2.50  2.50  2.50  1.50  1.50 -0.50
    1252:   2.50  2.50  2.50  2.50  2.50  1.50  1.50  0.50
    1253:   2.50  2.50  2.50  2.50  2.50  1.50  1.50  1.50
    1254:   2.50  2.50  2.50  2.50  2.50  1.50  1.50  2.50
    1255:   2.50  2.50  2.50  2.50  2.50  1.50  2.50 -2.50
    1256:   2.50  2.50  2.50  2.50  2.50  1.50  2.50 -1.50
    1257:   2.50  2.50  2.50  2.50  2.50  1.50  2.50 -0.50
    1258:   2.50  2.50  2.50  2.50  2.50  1.50  2.50  0.50
    1259:   2.50  2.50  2.50  2.50  2.50  1.50  2.50  1.50
    1260:   2.50  2.50  2.50  2.50  2.50  1.50  2.50  2.50
    1261:   2.50  2.50  2.50  2.50  2.50  2.50 -2.50 -2.50
    1262:   2.50  2.50  2.50  2.50  2.50  2.50 -2.50 -1.50
    1263:   2.50  2.50  2.50  2.50  2.50  2.50 -2.50 -0.50
    1264:   2.50  2.50  2.50  2.50  2.50  2.50 -2.50  0.50
    1265:   2.50  2.50  2.50  2.50  2.50  2.50 -2.50  1.50
    1266:   2.50  2.50  2.50  2.50  2.50  2.50 -2.50  2.50
    1267:   2.50  2.50  2.50  2.50  2.50  2.50 -1.50 -2.50
    1268:   2.50  2.50  2.50  2.50  2.50  2.50 -1.50 -1.50
    1269:   2.50  2.50  2.50  2.50  2.50  2.50 -1.50 -0.50
    1270:   2.50  2.50  2.50  2.50  2.50  2.50 -1.50  0.50
    1271:   2.50  2.50  2.50  2.50  2.50  2.50 -1.50  1.50
    1272:   2.50  2.50  2.50  2.50  2.50  2.50 -1.50  2.50
    1273:   2.50  2.50  2.50  2.50  2.50  2.50 -0.50 -2.50
    1274:   2.50  2.50  2.50  2.50  2.50  2.50 -0.50 -1.50
    1275:   2.50  2.50  2.50  2.50  2.50  2.50 -0.50 -0.50
    1276:   2.50  2.50  2.50  2.50  2.50  2.50 -0.50  0.50
    1277:   2.50  2.50  2.50  2.50  2.50  2.50 -0.50  1.50
    1278:   2.50  2.50  2.50  2.50  2.50  2.50 -0.50  2.50
    1279:   2.50  2.50  2.50  2.50  2.50  2.50  0.50 -2.50
    1280:   2.50  2.50  2.50  2.50  2.50  2.50  0.50 -1.50
    1281:   2.50  2.50  2.50  2.50  2.50  2.50  0.50 -0.50
    1282:   2.50  2.50  2.50  2.50  2.50  2.50  0.50  0.50
    1283:   2.50  2.50  2.50  2.50  2.50  2.50  0.50  1.50
    1284:   2.50  2.50  2.50  2.50  2.50  2.50  0.50  2.50
    1285:   2.50  2.50  2.50  2.50  2.50  2.50  1.50 -2.50
    1286:   2.50  2.50  2.50  2.50  2.50  2.50  1.50 -1.50
    1287:   2.50  2.50  2.50  2.50  2.50  2.50  1.50 -0.50
    1288:   2.50  2.50  2.50  2.50  2.50  2.50  1.50  0.50
    1289:   2.50  2.50  2.50  2.50  2.50  2.50  1.50  1.50
    1290:   2.50  2.50  2.50  2.50  2.50  2.50  1.50  2.50
    1291:   2.50  2.50  2.50  2.50  2.50  2.50  2.50 -2.50
    1292:   2.50  2.50  2.50  2.50  2.50  2.50  2.50 -1.50
    1293:   2.50  2.50  2.50  2.50  2.50  2.50  2.50 -0.50
    1294:   2.50  2.50  2.50  2.50  2.50  2.50  2.50  0.50
    1295:   2.50  2.50  2.50  2.50  2.50  2.50  2.50  1.50
    1296:   2.50  2.50  2.50  2.50  2.50  2.50  2.50  2.50
