#      High Spin State energy gradient
-0.006508357664
 0.010419393911
 0.014329658240
 0.005735932939
-0.018844147014
-0.004160736996
 0.016780516929
-0.006960532877
-0.010356805194
-0.015719141214
 0.013569485382
-0.001391785577
 0.000505303734
-0.000116694191
 0.001038813352
-0.000203387506
 0.000900007534
 0.000647382397
-0.000661457739
-0.000860595291
 0.000573818767
-0.000061922206
-0.000965791698
-0.000164094363
 0.000680644336
 0.000105385462
-0.001101938512
 0.000939877198
 0.000896947315
 0.000412476277
 0.000078513324
 0.001009247046
-0.000765706905
-0.001549354690
-0.000456936359
-0.000312669756
 0.009532954217
-0.008933620893
 0.002478990372
-0.010451799093
 0.002517409095
 0.007163658096
-0.001538875184
 0.014224489385
 0.002590707885
 0.002469097036
-0.006600563459
-0.010133428474
 0.000019432739
 0.000747124561
 0.001619707082
-0.000892075451
-0.001863368260
 0.000139836068
 0.001783215372
 0.000934340189
-0.000893759086
-0.001665581166
 0.000690052889
-0.001619620763
 0.000149438421
 0.000026742780
-0.000091151177
 0.000074703699
-0.000210263175
 0.000013451884
-0.000077510909
 0.000204746760
 0.000130897837
-0.000107273612
 0.000218442228
-0.000255163685
-0.000287459609
-0.000061929657
 0.000024538024
-0.000019908111
 0.000016892791
-0.000021969766
 0.000053072607
 0.000056540581
-0.000073102298
 0.000041088188
 0.000028834719
-0.000034863102
-0.000093080610
 0.000016301946
 0.000024454364
-0.000053286466
-0.000053278934
 0.000103455643
 0.000007743751
 0.000000405435
 0.000002848546
 0.000081614201
 0.000016960009
 0.000043271994
 0.000198310805
 0.000005286683
-0.000077964313
-0.000071851657
 0.000023516914
-0.000052230467
-0.000055275026
-0.000026503131
 0.000022282678
-0.000143812347
-0.000096343446
 0.000010596326
 0.000079580711
-0.000380030417
-0.000324100425
-0.000064961937
-0.000085637991
 0.000113475854
 0.000007128197
-0.000063040899
 0.000095614434
 0.000049161310
 0.000007251148
-0.000026262836
-0.000129011582
-0.000102619694
 0.000087161583
 0.000089380190
 0.000020998668
 0.000000200006
-0.000065980064
 0.000006136818
-0.000007965195
-0.000039641789
 0.000005298334
 0.000006519868
-0.000025339103
 0.000017007000
 0.000076181751
 0.000029387577
 0.000044187021
 0.000013177318
 0.000006988419
-0.000050484721
 0.000046227917
 0.000004017245
 0.000029028753
 0.000032331946
-0.000060334887
-0.000064040110
-0.000217358529
-0.000031326145
-0.000038157708
 0.000037843280
 0.000064947727
-0.000069759552
 0.000016830478
 0.000120385062
 0.000089102597
 0.000041389839
 0.000392352133
 0.000070959823
-0.000092471371
-0.000120427430
 0.000168846091
 0.000029863512
-0.000052543250
-0.000082929240
-0.000065654653
 0.000020870664
-0.000035741334
 0.000124500054
 0.000002130587
 0.000084860799
-0.000049835271
-0.000019949543
-0.000018841469
 0.000007795964
-0.000002367329
 0.000016437912
 0.000048150389
 0.000019737592
-0.000061738662
 0.000015961523
 0.000098344520
-0.000005168665
 0.000115296969
-0.000005760657
-0.000103013074
 0.000049263417
-0.000039893705
 0.000043300957
-0.000046472369
-0.000027059201
 0.000060225622
-0.000043087623
-0.000305159311
 0.000574468967
 0.000056031961
 0.000272054563
 0.000062432916
 0.000084181161
-0.000008663525
-0.000026805531
 0.000141872472
 0.000026398813
 0.000118546464
-0.000081343977
-0.000134589780
 0.000143462724
 0.000190192118
-0.000041752636
-0.000190948069
 0.000176249777
 0.000153722550
 0.000060014846
 0.000058473768
-0.000208495325
-0.000020559724
-0.000244524552
-0.000022249698
 0.000068188606
 0.000284281668
-0.000000940759
 0.000040383778
 0.000000886851
-0.000112385113
 0.000079650888
-0.000040254242
 0.000090850237
 0.000012177619
 0.000016691259
-0.000059363162
 0.000126149589
-0.000005590559
-0.000025439907
-0.000018440426
 0.000082236553
-0.000017198796
 0.000003633304
-0.000009173146
 0.000042405664
-0.000008201791
-0.000081559348
-0.000170986857
-0.000004618224
-0.000174086540
-0.000090043516
-0.000299647641
 0.000149173629
 0.000078151810
-0.000033051073
-0.000001105750
-0.000008084932
 0.000078852662
-0.000043069223
-0.000119801400
-0.000493132759
 0.000145182525
-0.000019339316
 0.000052959861
 0.000004358299
-0.000032050122
 0.000051125170
-0.000080295044
-0.000299244249
 0.000063740248
 0.000045807557
-0.000076259641
-0.000031386943
 0.000103079402
-0.000022037494
 0.000017677913
-0.000022929602
-0.000017262075
 0.000061745499
-0.000017068676
-0.000071614882
 0.000050702983
 0.000024845141
-0.000025289903
-0.000247034410
 0.000244631225
-0.000020733230
-0.000094665931
-0.000099416302
-0.000059582581
-0.000014590974
-0.000041284395
-0.000012299057
 0.000111992524
 0.000208261814
-0.000131064999
 0.000020225604
 0.000035858732
-0.000034253042
 0.000013151688
-0.000008984684
-0.000035111132
-0.000053871064
 0.000025807363
 0.000025923706
 0.000075545961
-0.000032677355
-0.000139790095
-0.000196914941
 0.000083042140
 0.000019609676
 0.000020001553
 0.000033120127
-0.000055642456
 0.000003361862
 0.000061277983
-0.000003733810
 0.000004841985
-0.000024016921
 0.000454567579
 0.000344150477
 0.000186127214
-0.000096543524
 0.000016057652
 0.000065171072
 0.000002874825
-0.000074932078
-0.000181205762
-0.000058919561
-0.000188831340
-0.000071071385
-0.000158297560
-0.000090470881
 0.000055958280
 0.000006304452
 0.000032590798
-0.000027313204
-0.000090936238
-0.000030834047
-0.000015922356
-0.000103277893
-0.000073912404
 0.000058991561
 0.000189670353
-0.000055921483
-0.000198821137
-0.000016845528
 0.000113293433
 0.000100152884
-0.000026267587
 0.000050793686
 0.000002220660
-0.000099584030
-0.000058823255
-0.000018365684
#      Ground State energy gradient
#      Ground State Energy:
  -10137.6279047373     
-0.000055777870
-0.000096248736
-0.000131947117
 0.000334849978
-0.000036599610
-0.000146705592
-0.000333703796
 0.000147722535
 0.000090554351
 0.000040362751
 0.000308714508
-0.000075945573
-0.000051029340
-0.000086551576
-0.000086073158
-0.000015718637
 0.000085529460
-0.000024096328
-0.000101728746
-0.000042788932
-0.000020015113
-0.000073534006
 0.000058477126
 0.000054189418
-0.000072653918
-0.000029690152
 0.000073890789
 0.000001243040
 0.000061653033
 0.000015126580
-0.000147512842
-0.000158449441
 0.000069336513
 0.000027784684
-0.000117597489
 0.000011481098
-0.000005416030
-0.000044571624
-0.000077928532
 0.000050089227
 0.000221508007
-0.000039783169
-0.000060042188
-0.000109084562
-0.000014922990
-0.000056818842
 0.000021172252
 0.000225084826
-0.000062363131
 0.000025404400
-0.000217389338
-0.000047934374
 0.000105506546
-0.000010008619
 0.000049156109
-0.000141870256
 0.000074502436
-0.000091610685
-0.000193563898
 0.000025231674
 0.000182357609
 0.000106130024
 0.000030608646
 0.000060340631
-0.000087534897
 0.000053327494
-0.000018607714
 0.000078486296
 0.000011447581
-0.000119966963
 0.000062458692
-0.000093277391
-0.000054013800
-0.000112702024
 0.000133880949
-0.000015682510
 0.000039405475
-0.000046559275
-0.000004194096
-0.000001334449
-0.000013996522
 0.000045553403
 0.000046523876
-0.000032260320
-0.000042642975
-0.000002105026
 0.000021989408
-0.000050650085
-0.000058394000
 0.000101160703
-0.000010308265
 0.000027337763
 0.000026976473
 0.000074950146
 0.000025169625
 0.000043232814
 0.000043657782
 0.000077173730
-0.000047068374
-0.000016895510
 0.000043199749
-0.000044187596
-0.000012121911
 0.000021633018
 0.000029800871
-0.000127216300
-0.000098814225
-0.000011975098
-0.000042301765
-0.000019503237
 0.000081493781
 0.000046242262
-0.000006232437
 0.000111214257
-0.000062010416
-0.000014231818
 0.000008515331
-0.000038251075
-0.000025533383
 0.000051579736
-0.000163152323
 0.000005880932
 0.000092187406
 0.000080856496
 0.000011920429
 0.000006115552
-0.000071709148
-0.000004183423
 0.000039653422
-0.000024435288
-0.000005294846
 0.000007660863
 0.000018576190
 0.000009468889
 0.000031849903
 0.000024793004
 0.000034760872
 0.000011319148
 0.000016575616
-0.000047980422
 0.000033856060
 0.000003497174
 0.000019158832
 0.000039687832
-0.000090603907
-0.000110072234
 0.000015734756
 0.000003913284
-0.000002452979
 0.000052446861
 0.000005210531
-0.000011871882
-0.000007048752
 0.000010400179
 0.000035797696
-0.000034077377
 0.000046972673
-0.000082247566
-0.000061190876
-0.000046386012
 0.000026270775
 0.000158687546
-0.000023090633
-0.000045381974
 0.000015264136
 0.000013011815
 0.000012844793
 0.000116022404
 0.000075597388
 0.000027089275
-0.000055894374
-0.000034190866
-0.000011742754
 0.000021529917
-0.000029602436
-0.000011453001
 0.000039278483
 0.000005367018
-0.000060960305
 0.000004574045
 0.000152373597
-0.000064268622
-0.000003778502
-0.000001374220
-0.000099168756
 0.000057240172
-0.000021408768
 0.000008351288
-0.000000273443
-0.000027051082
 0.000051799270
-0.000026351163
-0.000023345930
 0.000137224507
 0.000003944892
 0.000096481089
 0.000006567349
 0.000087259243
 0.000006896330
 0.000007050790
-0.000010537786
-0.000024620783
 0.000042393277
-0.000098964676
-0.000040756657
 0.000013062693
 0.000038412392
-0.000037689342
-0.000000547605
 0.000012304405
-0.000020441997
 0.000029125165
-0.000030561771
-0.000008243901
-0.000039392000
-0.000086301091
 0.000027636487
-0.000032067619
-0.000003532158
-0.000019074684
 0.000042056563
-0.000013804903
-0.000022377461
 0.000020535055
 0.000018726555
 0.000087271829
 0.000032070681
 0.000010292685
-0.000084040739
 0.000106701664
-0.000022151389
-0.000027362398
-0.000017116566
 0.000078859291
 0.000007329999
 0.000014933514
-0.000007945200
 0.000041068525
-0.000000272903
-0.000067037324
-0.000072822781
 0.000066433343
 0.000052027596
-0.000111813312
-0.000153850322
 0.000037141664
-0.000027301430
 0.000031212132
-0.000015871236
-0.000039129767
 0.000028173768
 0.000000344821
 0.000127400393
-0.000094695134
 0.000010627098
-0.000104878448
 0.000080932704
 0.000004542413
-0.000055501526
 0.000045596383
 0.000026916925
-0.000135726643
 0.000022824282
 0.000180245571
-0.000082562150
-0.000033463143
 0.000064768125
-0.000008868999
 0.000014335584
-0.000016617443
-0.000012438832
 0.000060209736
-0.000028818288
-0.000075338606
 0.000050077679
 0.000014554654
-0.000117208466
 0.000008420297
 0.000040521731
-0.000040642138
 0.000011493194
-0.000042776393
 0.000005503642
 0.000015776515
 0.000004225946
 0.000094834581
 0.000074609654
 0.000060466816
-0.000007504610
 0.000078811188
-0.000109086639
-0.000074642651
 0.000016187693
 0.000011320962
-0.000062590891
 0.000011538764
 0.000022750746
 0.000036166860
 0.000059604635
-0.000012026186
 0.000009610094
-0.000016772280
 0.000015479590
 0.000014784911
 0.000011387654
 0.000020254471
-0.000106897218
-0.000006438469
-0.000028797091
-0.000020780276
-0.000005255442
-0.000004931383
-0.000022966444
 0.000032410573
 0.000102466429
-0.000029828267
-0.000039193397
 0.000045153945
-0.000020939826
-0.000026845497
-0.000018078762
-0.000090856579
-0.000028378876
-0.000039818198
-0.000086510180
-0.000038147484
-0.000009843061
 0.000018578701
 0.000039307208
-0.000020676077
-0.000069452806
-0.000033731362
 0.000012586457
-0.000112672326
-0.000078704505
 0.000051806513
-0.000072903885
 0.000064758823
 0.000001269619
-0.000002029302
-0.000013875053
 0.000023834584
-0.000031487851
-0.000044524421
-0.000000945969
-0.000047729252
-0.000055282103
 0.000016716883
#      Contributions from different BSs:
-1.092456260355
-0.000236269299
-0.000192777244
 0.006086664574
 0.000192810456
-0.005781467202
 1.092151062983
 0.000236236086
