###############################################################
#          J CALCULATION WITH HEISENBERG MODEL                #
###############################################################
 
#     M MATRIX: M_(k,i) [k=BS State; i=Spin Center]
#     8     4
              1         2         3         4
       1:   3.930010  3.942761  3.925567  3.919423
       2:   3.892777  3.889214  3.870990 -3.808273
       3:   3.876234  3.905539 -3.809449  3.872955
       4:   3.857367  3.868673 -3.861285 -3.848246
       5:   3.883314 -3.822384  3.891222  3.869474
       6:   3.864011 -3.874283  3.852462 -3.853762
       7:   3.847001 -3.856734 -3.841057  3.842645
       8:  -3.814464  3.894103  3.878250  3.883283
 
#     A MATRIX for Calculating Spin Correlation: A(k,p) [k=BS State; p=Pair]
#     8     6
              1         2         3         4         5         6
       1:   1.000000  1.000000  1.000000  1.000000  1.000000  1.000000
       2:   1.000000  1.000000 -1.000000  1.000000 -1.000000 -1.000000
       3:   1.000000 -1.000000  1.000000 -1.000000  1.000000 -1.000000
       4:   1.000000 -1.000000 -1.000000 -1.000000 -1.000000  1.000000
       5:  -1.000000  1.000000  1.000000 -1.000000 -1.000000  1.000000
       6:  -1.000000  1.000000 -1.000000 -1.000000  1.000000 -1.000000
       7:  -1.000000 -1.000000  1.000000  1.000000 -1.000000 -1.000000
       8:  -1.000000 -1.000000 -1.000000  1.000000  1.000000  1.000000
 
### SVD ###
#     U MATRIX for Calculating Spin Correlation: U_(k,p) [k=BS State; p=Pair]
#     8     6
              1         2         3         4         5         6
       1:  -0.353553  0.250000 -0.353553  0.500000 -0.353553 -0.250000
       2:   0.353553  0.603553 -0.353553 -0.000000  0.353553  0.103553
       3:  -0.353553 -0.603553 -0.353553 -0.000000  0.353553 -0.103553
       4:   0.353553 -0.250000 -0.353553 -0.500000 -0.353553  0.250000
       5:  -0.353553  0.250000  0.353553 -0.500000 -0.353553 -0.250000
       6:   0.353553 -0.103553  0.353553  0.000000  0.353553 -0.603553
       7:  -0.353553  0.103553  0.353553  0.000000  0.353553  0.603553
       8:   0.353553 -0.250000  0.353553  0.500000 -0.353553  0.250000
 
#    Vt MATRIX for Calculating Spin Correlation: Vt_(p1,p1) [p1,p2=Pair]
#     6     6
              1         2         3         4         5         6
       1:   0.000000  0.000000 -1.000000  0.000000  0.000000  0.000000
       2:   0.000000  0.707107  0.000000  0.500000 -0.500000  0.000000
       3:  -1.000000  0.000000  0.000000  0.000000  0.000000  0.000000
       4:   0.000000  0.000000  0.000000  0.707107  0.707107  0.000000
       5:   0.000000  0.000000  0.000000  0.000000  0.000000 -1.000000
       6:   0.000000 -0.707107  0.000000  0.500000 -0.500000  0.000000
 
#    Sigma Diagonal Values for Calculating Spin Correlation:
#     6
   5.65685   5.65685   5.65685   5.65685   5.65685   5.65685
 
#     Inverse A MATRIX for Calculating Spin Correlation: A(k,p) [k=BS State; p=Pair]
#     8     6
              1         2         3         4         5         6
       1:   0.062500  0.062500  0.062500  0.062500  0.062500  0.062500
       2:   0.062500  0.062500 -0.062500  0.062500 -0.062500 -0.062500
       3:   0.062500 -0.062500  0.062500 -0.062500  0.062500 -0.062500
       4:   0.062500 -0.062500 -0.062500 -0.062500 -0.062500  0.062500
       5:  -0.062500  0.062500  0.062500 -0.062500 -0.062500  0.062500
       6:  -0.062500  0.062500 -0.062500 -0.062500  0.062500 -0.062500
       7:  -0.062500 -0.062500  0.062500  0.062500 -0.062500 -0.062500
       8:  -0.062500 -0.062500 -0.062500  0.062500  0.062500  0.062500
 
#    Spin Square of all BS states S2_tot:
#     8
 1.1005960E+02
 3.4575656E+01
 3.4583112E+01
 9.5021370E+00
 3.4601000E+01
 9.5155880E+00
 9.3690980E+00
 3.4597529E+01
 
#    Spin Correlation:
#     6
 6.2898307E+00
 6.2937481E+00
 6.2763689E+00
 6.2750030E+00
 6.2942462E+00
 6.2948009E+00
 
#     A MATRIX for calculating J: A(k,p) [k=BS State; p=Pair]
#     8     6
              1         2         3         4         5         6
       1:   6.289831  6.293748  6.276369  6.275003  6.294246  6.294801
       2:   6.289831  6.293748 -6.276369  6.275003 -6.294246 -6.294801
       3:   6.289831 -6.293748  6.276369 -6.275003  6.294246 -6.294801
       4:   6.289831 -6.293748 -6.276369 -6.275003 -6.294246  6.294801
       5:  -6.289831  6.293748  6.276369 -6.275003 -6.294246  6.294801
       6:  -6.289831  6.293748 -6.276369 -6.275003  6.294246 -6.294801
       7:  -6.289831 -6.293748  6.276369  6.275003 -6.294246 -6.294801
       8:  -6.289831 -6.293748 -6.276369  6.275003  6.294246  6.294801
 
### SVD ###
#     U MATRIX for calculating J: U_(k,p) [k=BS State; p=Pair]
#     8     6
              1         2         3         4         5         6
       1:   0.353553  0.353553 -0.353553 -0.353553 -0.353553  0.353553
       2:  -0.353553 -0.353553 -0.353553 -0.353553  0.353553  0.353553
       3:  -0.353553  0.353553  0.353553 -0.353553 -0.353553 -0.353553
       4:   0.353553 -0.353553  0.353553 -0.353553  0.353553 -0.353553
       5:   0.353553 -0.353553 -0.353553  0.353553 -0.353553 -0.353553
       6:  -0.353553  0.353553 -0.353553  0.353553  0.353553 -0.353553
       7:  -0.353553 -0.353553  0.353553  0.353553 -0.353553  0.353553
       8:   0.353553  0.353553  0.353553  0.353553  0.353553  0.353553
 
#    Vt MATRIX for calculating J: Vt_(p1,p1) [p1,p2=Pair]
#     6     6
              1         2         3         4         5         6
       1:   0.000000  0.000000  0.000000  0.000000  0.000000  1.000000
       2:   0.000000  0.000000  0.000000 -0.000000  1.000000  0.000000
       3:   0.000000 -1.000000  0.000000  0.000000  0.000000  0.000000
       4:  -1.000000  0.000000  0.000000  0.000000  0.000000  0.000000
       5:   0.000000  0.000000 -1.000000 -0.000000  0.000000  0.000000
       6:   0.000000  0.000000 -0.000000  1.000000  0.000000  0.000000
 
#    Sigma Diagonal Values for calculating J:
#     6
  35.60877  35.60563  35.60282  35.58066  35.50450  35.49678
 
#  Inverse of Matrix A for calculating J: (A^-1)_(k,p) [k=BS State; p=Pair]
#     8     6
              1         2         3         4         5         6
       1:   0.009937  0.009930  0.009958  0.009960  0.009930  0.009929
       2:   0.009937  0.009930 -0.009958  0.009960 -0.009930 -0.009929
       3:   0.009937 -0.009930  0.009958 -0.009960  0.009930 -0.009929
       4:   0.009937 -0.009930 -0.009958 -0.009960 -0.009930  0.009929
       5:  -0.009937  0.009930  0.009958 -0.009960 -0.009930  0.009929
       6:  -0.009937  0.009930 -0.009958 -0.009960  0.009930 -0.009929
       7:  -0.009937 -0.009930  0.009958  0.009960 -0.009930 -0.009929
       8:  -0.009937 -0.009930 -0.009958  0.009960  0.009930  0.009929
 
#    J coupling (cm^{-1}):
#     6
-9.5914817E+01
-1.0640440E+02
-5.4749552E+01
-5.0263449E+01
-1.0805482E+02
-1.0811608E+02
 
