#STATE  ENERGY(cm^{-1})  SPIN
 
       1:  -4965.486742   1.00
       2:  -4757.135748   3.00
       3:  -4757.135748   3.00
       4:  -4757.135748   3.00
       5:  -4340.321153   5.00
       6:  -4340.321153   5.00
       7:  -4340.321153   5.00
       8:  -4340.321153   5.00
       9:  -4340.321153   5.00
      10:  -4257.965751   3.00
      11:  -4257.965751   3.00
      12:  -4257.965751   3.00
      13:  -4213.594699   3.00
      14:  -4213.594699   3.00
      15:  -4213.594699   3.00
      16:  -3924.885826   1.00
      17:  -3842.052299   5.00
      18:  -3842.052299   5.00
      19:  -3842.052299   5.00
      20:  -3842.052299   5.00
      21:  -3842.052299   5.00
      22:  -3796.957155   5.00
      23:  -3796.957155   5.00
      24:  -3796.957155   5.00
      25:  -3796.957155   5.00
      26:  -3796.957155   5.00
      27:  -3716.841715   3.00
      28:  -3716.841715   3.00
      29:  -3716.841715   3.00
      30:  -3714.820760   7.00
      31:  -3714.820760   7.00
      32:  -3714.820760   7.00
      33:  -3714.820760   7.00
      34:  -3714.820760   7.00
      35:  -3714.820760   7.00
      36:  -3714.820760   7.00
      37:  -3438.720627   5.00
      38:  -3438.720627   5.00
      39:  -3438.720627   5.00
      40:  -3438.720627   5.00
      41:  -3438.720627   5.00
      42:  -3359.924850   5.00
      43:  -3359.924850   5.00
      44:  -3359.924850   5.00
      45:  -3359.924850   5.00
      46:  -3359.924850   5.00
      47:  -3316.800413   3.00
      48:  -3316.800413   3.00
      49:  -3316.800413   3.00
      50:  -3300.285837   5.00
      51:  -3300.285837   5.00
      52:  -3300.285837   5.00
      53:  -3300.285837   5.00
      54:  -3300.285837   5.00
      55:  -3281.874400   3.00
      56:  -3281.874400   3.00
      57:  -3281.874400   3.00
      58:  -3217.784343   7.00
      59:  -3217.784343   7.00
      60:  -3217.784343   7.00
      61:  -3217.784343   7.00
      62:  -3217.784343   7.00
      63:  -3217.784343   7.00
      64:  -3217.784343   7.00
      65:  -3171.427794   7.00
      66:  -3171.427794   7.00
      67:  -3171.427794   7.00
      68:  -3171.427794   7.00
      69:  -3171.427794   7.00
      70:  -3171.427794   7.00
      71:  -3171.427794   7.00
      72:  -3093.358251   1.00
      73:  -2902.735142   5.00
      74:  -2902.735142   5.00
      75:  -2902.735142   5.00
      76:  -2902.735142   5.00
      77:  -2902.735142   5.00
      78:  -2885.639482   3.00
      79:  -2885.639482   3.00
      80:  -2885.639482   3.00
      81:  -2880.309139   9.00
      82:  -2880.309139   9.00
      83:  -2880.309139   9.00
      84:  -2880.309139   9.00
      85:  -2880.309139   9.00
      86:  -2880.309139   9.00
      87:  -2880.309139   9.00
      88:  -2880.309139   9.00
      89:  -2880.309139   9.00
      90:  -2865.086520   5.00
      91:  -2865.086520   5.00
      92:  -2865.086520   5.00
      93:  -2865.086520   5.00
      94:  -2865.086520   5.00
      95:  -2818.035095   7.00
      96:  -2818.035095   7.00
      97:  -2818.035095   7.00
      98:  -2818.035095   7.00
      99:  -2818.035095   7.00
     100:  -2818.035095   7.00
     101:  -2818.035095   7.00
     102:  -2736.853119   7.00
     103:  -2736.853119   7.00
     104:  -2736.853119   7.00
     105:  -2736.853119   7.00
     106:  -2736.853119   7.00
     107:  -2736.853119   7.00
     108:  -2736.853119   7.00
     109:  -2674.331438   7.00
     110:  -2674.331438   7.00
     111:  -2674.331438   7.00
     112:  -2674.331438   7.00
     113:  -2674.331438   7.00
     114:  -2674.331438   7.00
     115:  -2674.331438   7.00
     116:  -2595.489361   5.00
     117:  -2595.489361   5.00
     118:  -2595.489361   5.00
     119:  -2595.489361   5.00
     120:  -2595.489361   5.00
     121:  -2585.222047   3.00
     122:  -2585.222047   3.00
     123:  -2585.222047   3.00
     124:  -2558.765174   3.00
     125:  -2558.765174   3.00
     126:  -2558.765174   3.00
     127:  -2536.689115   5.00
     128:  -2536.689115   5.00
     129:  -2536.689115   5.00
     130:  -2536.689115   5.00
     131:  -2536.689115   5.00
     132:  -2504.698135   7.00
     133:  -2504.698135   7.00
     134:  -2504.698135   7.00
     135:  -2504.698135   7.00
     136:  -2504.698135   7.00
     137:  -2504.698135   7.00
     138:  -2504.698135   7.00
     139:  -2472.953620   1.00
     140:  -2468.135395   5.00
     141:  -2468.135395   5.00
     142:  -2468.135395   5.00
     143:  -2468.135395   5.00
     144:  -2468.135395   5.00
     145:  -2402.625468   7.00
     146:  -2402.625468   7.00
     147:  -2402.625468   7.00
     148:  -2402.625468   7.00
     149:  -2402.625468   7.00
     150:  -2402.625468   7.00
     151:  -2402.625468   7.00
     152:  -2384.677511   9.00
     153:  -2384.677511   9.00
     154:  -2384.677511   9.00
     155:  -2384.677511   9.00
     156:  -2384.677511   9.00
     157:  -2384.677511   9.00
     158:  -2384.677511   9.00
     159:  -2384.677511   9.00
     160:  -2384.677511   9.00
     161:  -2336.356910   9.00
     162:  -2336.356910   9.00
     163:  -2336.356910   9.00
     164:  -2336.356910   9.00
     165:  -2336.356910   9.00
     166:  -2336.356910   9.00
     167:  -2336.356910   9.00
     168:  -2336.356910   9.00
     169:  -2336.356910   9.00
     170:  -2281.063817   7.00
     171:  -2281.063817   7.00
     172:  -2281.063817   7.00
     173:  -2281.063817   7.00
     174:  -2281.063817   7.00
     175:  -2281.063817   7.00
     176:  -2281.063817   7.00
     177:  -2263.667874   3.00
     178:  -2263.667874   3.00
     179:  -2263.667874   3.00
     180:  -2237.281273   7.00
     181:  -2237.281273   7.00
     182:  -2237.281273   7.00
     183:  -2237.281273   7.00
     184:  -2237.281273   7.00
     185:  -2237.281273   7.00
     186:  -2237.281273   7.00
     187:  -2176.768888   5.00
     188:  -2176.768888   5.00
     189:  -2176.768888   5.00
     190:  -2176.768888   5.00
     191:  -2176.768888   5.00
     192:  -2137.416915   5.00
     193:  -2137.416915   5.00
     194:  -2137.416915   5.00
     195:  -2137.416915   5.00
     196:  -2137.416915   5.00
     197:  -2073.879196   1.00
     198:  -2071.213982   3.00
     199:  -2071.213982   3.00
     200:  -2071.213982   3.00
     201:  -2037.481112   3.00
     202:  -2037.481112   3.00
     203:  -2037.481112   3.00
     204:  -1988.339038   9.00
     205:  -1988.339038   9.00
     206:  -1988.339038   9.00
     207:  -1988.339038   9.00
     208:  -1988.339038   9.00
     209:  -1988.339038   9.00
     210:  -1988.339038   9.00
     211:  -1988.339038   9.00
     212:  -1988.339038   9.00
     213:  -1981.780635   7.00
     214:  -1981.780635   7.00
     215:  -1981.780635   7.00
     216:  -1981.780635   7.00
     217:  -1981.780635   7.00
     218:  -1981.780635   7.00
     219:  -1981.780635   7.00
     220:  -1960.734975   5.00
     221:  -1960.734975   5.00
     222:  -1960.734975   5.00
     223:  -1960.734975   5.00
     224:  -1960.734975   5.00
     225:  -1923.348410   5.00
     226:  -1923.348410   5.00
     227:  -1923.348410   5.00
     228:  -1923.348410   5.00
     229:  -1923.348410   5.00
     230:  -1917.917840   7.00
     231:  -1917.917840   7.00
     232:  -1917.917840   7.00
     233:  -1917.917840   7.00
     234:  -1917.917840   7.00
     235:  -1917.917840   7.00
     236:  -1917.917840   7.00
     237:  -1904.901446   9.00
     238:  -1904.901446   9.00
     239:  -1904.901446   9.00
     240:  -1904.901446   9.00
     241:  -1904.901446   9.00
     242:  -1904.901446   9.00
     243:  -1904.901446   9.00
     244:  -1904.901446   9.00
     245:  -1904.901446   9.00
     246:  -1837.781907   9.00
     247:  -1837.781907   9.00
     248:  -1837.781907   9.00
     249:  -1837.781907   9.00
     250:  -1837.781907   9.00
     251:  -1837.781907   9.00
     252:  -1837.781907   9.00
     253:  -1837.781907   9.00
     254:  -1837.781907   9.00
     255:  -1837.639889   7.00
     256:  -1837.639889   7.00
     257:  -1837.639889   7.00
     258:  -1837.639889   7.00
     259:  -1837.639889   7.00
     260:  -1837.639889   7.00
     261:  -1837.639889   7.00
     262:  -1836.367846  11.00
     263:  -1836.367846  11.00
     264:  -1836.367846  11.00
     265:  -1836.367846  11.00
     266:  -1836.367846  11.00
     267:  -1836.367846  11.00
     268:  -1836.367846  11.00
     269:  -1836.367846  11.00
     270:  -1836.367846  11.00
     271:  -1836.367846  11.00
     272:  -1836.367846  11.00
     273:  -1835.529449   5.00
     274:  -1835.529449   5.00
     275:  -1835.529449   5.00
     276:  -1835.529449   5.00
     277:  -1835.529449   5.00
     278:  -1827.790423   3.00
     279:  -1827.790423   3.00
     280:  -1827.790423   3.00
     281:  -1792.045445   1.00
     282:  -1768.483730   3.00
     283:  -1768.483730   3.00
     284:  -1768.483730   3.00
     285:  -1754.032864   7.00
     286:  -1754.032864   7.00
     287:  -1754.032864   7.00
     288:  -1754.032864   7.00
     289:  -1754.032864   7.00
     290:  -1754.032864   7.00
     291:  -1754.032864   7.00
     292:  -1689.758589   9.00
     293:  -1689.758589   9.00
     294:  -1689.758589   9.00
     295:  -1689.758589   9.00
     296:  -1689.758589   9.00
     297:  -1689.758589   9.00
     298:  -1689.758589   9.00
     299:  -1689.758589   9.00
     300:  -1689.758589   9.00
     301:  -1684.444915   7.00
     302:  -1684.444915   7.00
     303:  -1684.444915   7.00
     304:  -1684.444915   7.00
     305:  -1684.444915   7.00
     306:  -1684.444915   7.00
     307:  -1684.444915   7.00
     308:  -1668.298059   5.00
     309:  -1668.298059   5.00
     310:  -1668.298059   5.00
     311:  -1668.298059   5.00
     312:  -1668.298059   5.00
     313:  -1646.530570   3.00
     314:  -1646.530570   3.00
     315:  -1646.530570   3.00
     316:  -1597.700954   5.00
     317:  -1597.700954   5.00
     318:  -1597.700954   5.00
     319:  -1597.700954   5.00
     320:  -1597.700954   5.00
     321:  -1578.692104   9.00
     322:  -1578.692104   9.00
     323:  -1578.692104   9.00
     324:  -1578.692104   9.00
     325:  -1578.692104   9.00
     326:  -1578.692104   9.00
     327:  -1578.692104   9.00
     328:  -1578.692104   9.00
     329:  -1578.692104   9.00
     330:  -1559.894680   7.00
     331:  -1559.894680   7.00
     332:  -1559.894680   7.00
     333:  -1559.894680   7.00
     334:  -1559.894680   7.00
     335:  -1559.894680   7.00
     336:  -1559.894680   7.00
     337:  -1546.340776   5.00
     338:  -1546.340776   5.00
     339:  -1546.340776   5.00
     340:  -1546.340776   5.00
     341:  -1546.340776   5.00
     342:  -1497.200876   7.00
     343:  -1497.200876   7.00
     344:  -1497.200876   7.00
     345:  -1497.200876   7.00
     346:  -1497.200876   7.00
     347:  -1497.200876   7.00
     348:  -1497.200876   7.00
     349:  -1495.160983   5.00
     350:  -1495.160983   5.00
     351:  -1495.160983   5.00
     352:  -1495.160983   5.00
     353:  -1495.160983   5.00
     354:  -1450.875046   9.00
     355:  -1450.875046   9.00
     356:  -1450.875046   9.00
     357:  -1450.875046   9.00
     358:  -1450.875046   9.00
     359:  -1450.875046   9.00
     360:  -1450.875046   9.00
     361:  -1450.875046   9.00
     362:  -1450.875046   9.00
     363:  -1445.743028   9.00
     364:  -1445.743028   9.00
     365:  -1445.743028   9.00
     366:  -1445.743028   9.00
     367:  -1445.743028   9.00
     368:  -1445.743028   9.00
     369:  -1445.743028   9.00
     370:  -1445.743028   9.00
     371:  -1445.743028   9.00
     372:  -1396.316282   9.00
     373:  -1396.316282   9.00
     374:  -1396.316282   9.00
     375:  -1396.316282   9.00
     376:  -1396.316282   9.00
     377:  -1396.316282   9.00
     378:  -1396.316282   9.00
     379:  -1396.316282   9.00
     380:  -1396.316282   9.00
     381:  -1367.624222   7.00
     382:  -1367.624222   7.00
     383:  -1367.624222   7.00
     384:  -1367.624222   7.00
     385:  -1367.624222   7.00
     386:  -1367.624222   7.00
     387:  -1367.624222   7.00
     388:  -1347.869472   5.00
     389:  -1347.869472   5.00
     390:  -1347.869472   5.00
     391:  -1347.869472   5.00
     392:  -1347.869472   5.00
     393:  -1342.082788  11.00
     394:  -1342.082788  11.00
     395:  -1342.082788  11.00
     396:  -1342.082788  11.00
     397:  -1342.082788  11.00
     398:  -1342.082788  11.00
     399:  -1342.082788  11.00
     400:  -1342.082788  11.00
     401:  -1342.082788  11.00
     402:  -1342.082788  11.00
     403:  -1342.082788  11.00
     404:  -1336.019675   9.00
     405:  -1336.019675   9.00
     406:  -1336.019675   9.00
     407:  -1336.019675   9.00
     408:  -1336.019675   9.00
     409:  -1336.019675   9.00
     410:  -1336.019675   9.00
     411:  -1336.019675   9.00
     412:  -1336.019675   9.00
     413:  -1312.881678   7.00
     414:  -1312.881678   7.00
     415:  -1312.881678   7.00
     416:  -1312.881678   7.00
     417:  -1312.881678   7.00
     418:  -1312.881678   7.00
     419:  -1312.881678   7.00
     420:  -1290.944904  11.00
     421:  -1290.944904  11.00
     422:  -1290.944904  11.00
     423:  -1290.944904  11.00
     424:  -1290.944904  11.00
     425:  -1290.944904  11.00
     426:  -1290.944904  11.00
     427:  -1290.944904  11.00
     428:  -1290.944904  11.00
     429:  -1290.944904  11.00
     430:  -1290.944904  11.00
     431:  -1205.038235   7.00
     432:  -1205.038235   7.00
     433:  -1205.038235   7.00
     434:  -1205.038235   7.00
     435:  -1205.038235   7.00
     436:  -1205.038235   7.00
     437:  -1205.038235   7.00
     438:  -1189.142420   7.00
     439:  -1189.142420   7.00
     440:  -1189.142420   7.00
     441:  -1189.142420   7.00
     442:  -1189.142420   7.00
     443:  -1189.142420   7.00
     444:  -1189.142420   7.00
     445:  -1163.184665   7.00
     446:  -1163.184665   7.00
     447:  -1163.184665   7.00
     448:  -1163.184665   7.00
     449:  -1163.184665   7.00
     450:  -1163.184665   7.00
     451:  -1163.184665   7.00
     452:  -1156.720501   9.00
     453:  -1156.720501   9.00
     454:  -1156.720501   9.00
     455:  -1156.720501   9.00
     456:  -1156.720501   9.00
     457:  -1156.720501   9.00
     458:  -1156.720501   9.00
     459:  -1156.720501   9.00
     460:  -1156.720501   9.00
     461:  -1087.959346   9.00
     462:  -1087.959346   9.00
     463:  -1087.959346   9.00
     464:  -1087.959346   9.00
     465:  -1087.959346   9.00
     466:  -1087.959346   9.00
     467:  -1087.959346   9.00
     468:  -1087.959346   9.00
     469:  -1087.959346   9.00
     470:  -1032.417192   7.00
     471:  -1032.417192   7.00
     472:  -1032.417192   7.00
     473:  -1032.417192   7.00
     474:  -1032.417192   7.00
     475:  -1032.417192   7.00
     476:  -1032.417192   7.00
     477:   -992.062515   9.00
     478:   -992.062515   9.00
     479:   -992.062515   9.00
     480:   -992.062515   9.00
     481:   -992.062515   9.00
     482:   -992.062515   9.00
     483:   -992.062515   9.00
     484:   -992.062515   9.00
     485:   -992.062515   9.00
     486:   -968.762247   9.00
     487:   -968.762247   9.00
     488:   -968.762247   9.00
     489:   -968.762247   9.00
     490:   -968.762247   9.00
     491:   -968.762247   9.00
     492:   -968.762247   9.00
     493:   -968.762247   9.00
     494:   -968.762247   9.00
     495:   -947.459910  11.00
     496:   -947.459910  11.00
     497:   -947.459910  11.00
     498:   -947.459910  11.00
     499:   -947.459910  11.00
     500:   -947.459910  11.00
     501:   -947.459910  11.00
     502:   -947.459910  11.00
     503:   -947.459910  11.00
     504:   -947.459910  11.00
     505:   -947.459910  11.00
     506:   -900.165374   7.00
     507:   -900.165374   7.00
     508:   -900.165374   7.00
     509:   -900.165374   7.00
     510:   -900.165374   7.00
     511:   -900.165374   7.00
     512:   -900.165374   7.00
     513:   -880.748143   9.00
     514:   -880.748143   9.00
     515:   -880.748143   9.00
     516:   -880.748143   9.00
     517:   -880.748143   9.00
     518:   -880.748143   9.00
     519:   -880.748143   9.00
     520:   -880.748143   9.00
     521:   -880.748143   9.00
     522:   -862.942075  11.00
     523:   -862.942075  11.00
     524:   -862.942075  11.00
     525:   -862.942075  11.00
     526:   -862.942075  11.00
     527:   -862.942075  11.00
     528:   -862.942075  11.00
     529:   -862.942075  11.00
     530:   -862.942075  11.00
     531:   -862.942075  11.00
     532:   -862.942075  11.00
     533:   -789.281004  11.00
     534:   -789.281004  11.00
     535:   -789.281004  11.00
     536:   -789.281004  11.00
     537:   -789.281004  11.00
     538:   -789.281004  11.00
     539:   -789.281004  11.00
     540:   -789.281004  11.00
     541:   -789.281004  11.00
     542:   -789.281004  11.00
     543:   -789.281004  11.00
     544:   -768.658293   9.00
     545:   -768.658293   9.00
     546:   -768.658293   9.00
     547:   -768.658293   9.00
     548:   -768.658293   9.00
     549:   -768.658293   9.00
     550:   -768.658293   9.00
     551:   -768.658293   9.00
     552:   -768.658293   9.00
     553:   -728.423591   9.00
     554:   -728.423591   9.00
     555:   -728.423591   9.00
     556:   -728.423591   9.00
     557:   -728.423591   9.00
     558:   -728.423591   9.00
     559:   -728.423591   9.00
     560:   -728.423591   9.00
     561:   -728.423591   9.00
     562:   -706.901992   9.00
     563:   -706.901992   9.00
     564:   -706.901992   9.00
     565:   -706.901992   9.00
     566:   -706.901992   9.00
     567:   -706.901992   9.00
     568:   -706.901992   9.00
     569:   -706.901992   9.00
     570:   -706.901992   9.00
     571:   -662.352349  11.00
     572:   -662.352349  11.00
     573:   -662.352349  11.00
     574:   -662.352349  11.00
     575:   -662.352349  11.00
     576:   -662.352349  11.00
     577:   -662.352349  11.00
     578:   -662.352349  11.00
     579:   -662.352349  11.00
     580:   -662.352349  11.00
     581:   -662.352349  11.00
     582:   -634.162424   9.00
     583:   -634.162424   9.00
     584:   -634.162424   9.00
     585:   -634.162424   9.00
     586:   -634.162424   9.00
     587:   -634.162424   9.00
     588:   -634.162424   9.00
     589:   -634.162424   9.00
     590:   -634.162424   9.00
     591:   -582.499931  13.00
     592:   -582.499931  13.00
     593:   -582.499931  13.00
     594:   -582.499931  13.00
     595:   -582.499931  13.00
     596:   -582.499931  13.00
     597:   -582.499931  13.00
     598:   -582.499931  13.00
     599:   -582.499931  13.00
     600:   -582.499931  13.00
     601:   -582.499931  13.00
     602:   -582.499931  13.00
     603:   -582.499931  13.00
     604:   -541.839717  11.00
     605:   -541.839717  11.00
     606:   -541.839717  11.00
     607:   -541.839717  11.00
     608:   -541.839717  11.00
     609:   -541.839717  11.00
     610:   -541.839717  11.00
     611:   -541.839717  11.00
     612:   -541.839717  11.00
     613:   -541.839717  11.00
     614:   -541.839717  11.00
     615:   -512.519095   9.00
     616:   -512.519095   9.00
     617:   -512.519095   9.00
     618:   -512.519095   9.00
     619:   -512.519095   9.00
     620:   -512.519095   9.00
     621:   -512.519095   9.00
     622:   -512.519095   9.00
     623:   -512.519095   9.00
     624:   -471.119925  11.00
     625:   -471.119925  11.00
     626:   -471.119925  11.00
     627:   -471.119925  11.00
     628:   -471.119925  11.00
     629:   -471.119925  11.00
     630:   -471.119925  11.00
     631:   -471.119925  11.00
     632:   -471.119925  11.00
     633:   -471.119925  11.00
     634:   -471.119925  11.00
     635:   -445.203463   9.00
     636:   -445.203463   9.00
     637:   -445.203463   9.00
     638:   -445.203463   9.00
     639:   -445.203463   9.00
     640:   -445.203463   9.00
     641:   -445.203463   9.00
     642:   -445.203463   9.00
     643:   -445.203463   9.00
     644:   -408.593362  11.00
     645:   -408.593362  11.00
     646:   -408.593362  11.00
     647:   -408.593362  11.00
     648:   -408.593362  11.00
     649:   -408.593362  11.00
     650:   -408.593362  11.00
     651:   -408.593362  11.00
     652:   -408.593362  11.00
     653:   -408.593362  11.00
     654:   -408.593362  11.00
     655:   -342.377946  11.00
     656:   -342.377946  11.00
     657:   -342.377946  11.00
     658:   -342.377946  11.00
     659:   -342.377946  11.00
     660:   -342.377946  11.00
     661:   -342.377946  11.00
     662:   -342.377946  11.00
     663:   -342.377946  11.00
     664:   -342.377946  11.00
     665:   -342.377946  11.00
     666:   -336.121628  11.00
     667:   -336.121628  11.00
     668:   -336.121628  11.00
     669:   -336.121628  11.00
     670:   -336.121628  11.00
     671:   -336.121628  11.00
     672:   -336.121628  11.00
     673:   -336.121628  11.00
     674:   -336.121628  11.00
     675:   -336.121628  11.00
     676:   -336.121628  11.00
     677:   -298.294711   9.00
     678:   -298.294711   9.00
     679:   -298.294711   9.00
     680:   -298.294711   9.00
     681:   -298.294711   9.00
     682:   -298.294711   9.00
     683:   -298.294711   9.00
     684:   -298.294711   9.00
     685:   -298.294711   9.00
     686:   -234.539560  11.00
     687:   -234.539560  11.00
     688:   -234.539560  11.00
     689:   -234.539560  11.00
     690:   -234.539560  11.00
     691:   -234.539560  11.00
     692:   -234.539560  11.00
     693:   -234.539560  11.00
     694:   -234.539560  11.00
     695:   -234.539560  11.00
     696:   -234.539560  11.00
     697:   -137.723491  11.00
     698:   -137.723491  11.00
     699:   -137.723491  11.00
     700:   -137.723491  11.00
     701:   -137.723491  11.00
     702:   -137.723491  11.00
     703:   -137.723491  11.00
     704:   -137.723491  11.00
     705:   -137.723491  11.00
     706:   -137.723491  11.00
     707:   -137.723491  11.00
     708:   -106.360958  11.00
     709:   -106.360958  11.00
     710:   -106.360958  11.00
     711:   -106.360958  11.00
     712:   -106.360958  11.00
     713:   -106.360958  11.00
     714:   -106.360958  11.00
     715:   -106.360958  11.00
     716:   -106.360958  11.00
     717:   -106.360958  11.00
     718:   -106.360958  11.00
     719:    -89.209133  13.00
     720:    -89.209133  13.00
     721:    -89.209133  13.00
     722:    -89.209133  13.00
     723:    -89.209133  13.00
     724:    -89.209133  13.00
     725:    -89.209133  13.00
     726:    -89.209133  13.00
     727:    -89.209133  13.00
     728:    -89.209133  13.00
     729:    -89.209133  13.00
     730:    -89.209133  13.00
     731:    -89.209133  13.00
     732:    -40.257194  11.00
     733:    -40.257194  11.00
     734:    -40.257194  11.00
     735:    -40.257194  11.00
     736:    -40.257194  11.00
     737:    -40.257194  11.00
     738:    -40.257194  11.00
     739:    -40.257194  11.00
     740:    -40.257194  11.00
     741:    -40.257194  11.00
     742:    -40.257194  11.00
     743:    -34.296954  13.00
     744:    -34.296954  13.00
     745:    -34.296954  13.00
     746:    -34.296954  13.00
     747:    -34.296954  13.00
     748:    -34.296954  13.00
     749:    -34.296954  13.00
     750:    -34.296954  13.00
     751:    -34.296954  13.00
     752:    -34.296954  13.00
     753:    -34.296954  13.00
     754:    -34.296954  13.00
     755:    -34.296954  13.00
     756:     74.684766  11.00
     757:     74.684766  11.00
     758:     74.684766  11.00
     759:     74.684766  11.00
     760:     74.684766  11.00
     761:     74.684766  11.00
     762:     74.684766  11.00
     763:     74.684766  11.00
     764:     74.684766  11.00
     765:     74.684766  11.00
     766:     74.684766  11.00
     767:    134.169156  11.00
     768:    134.169156  11.00
     769:    134.169156  11.00
     770:    134.169156  11.00
     771:    134.169156  11.00
     772:    134.169156  11.00
     773:    134.169156  11.00
     774:    134.169156  11.00
     775:    134.169156  11.00
     776:    134.169156  11.00
     777:    134.169156  11.00
     778:    196.208826  11.00
     779:    196.208826  11.00
     780:    196.208826  11.00
     781:    196.208826  11.00
     782:    196.208826  11.00
     783:    196.208826  11.00
     784:    196.208826  11.00
     785:    196.208826  11.00
     786:    196.208826  11.00
     787:    196.208826  11.00
     788:    196.208826  11.00
     789:    307.481277  13.00
     790:    307.481277  13.00
     791:    307.481277  13.00
     792:    307.481277  13.00
     793:    307.481277  13.00
     794:    307.481277  13.00
     795:    307.481277  13.00
     796:    307.481277  13.00
     797:    307.481277  13.00
     798:    307.481277  13.00
     799:    307.481277  13.00
     800:    307.481277  13.00
     801:    307.481277  13.00
     802:    329.449823  11.00
     803:    329.449823  11.00
     804:    329.449823  11.00
     805:    329.449823  11.00
     806:    329.449823  11.00
     807:    329.449823  11.00
     808:    329.449823  11.00
     809:    329.449823  11.00
     810:    329.449823  11.00
     811:    329.449823  11.00
     812:    329.449823  11.00
     813:    390.447489  13.00
     814:    390.447489  13.00
     815:    390.447489  13.00
     816:    390.447489  13.00
     817:    390.447489  13.00
     818:    390.447489  13.00
     819:    390.447489  13.00
     820:    390.447489  13.00
     821:    390.447489  13.00
     822:    390.447489  13.00
     823:    390.447489  13.00
     824:    390.447489  13.00
     825:    390.447489  13.00
     826:    454.547544  11.00
     827:    454.547544  11.00
     828:    454.547544  11.00
     829:    454.547544  11.00
     830:    454.547544  11.00
     831:    454.547544  11.00
     832:    454.547544  11.00
     833:    454.547544  11.00
     834:    454.547544  11.00
     835:    454.547544  11.00
     836:    454.547544  11.00
     837:    472.586160  13.00
     838:    472.586160  13.00
     839:    472.586160  13.00
     840:    472.586160  13.00
     841:    472.586160  13.00
     842:    472.586160  13.00
     843:    472.586160  13.00
     844:    472.586160  13.00
     845:    472.586160  13.00
     846:    472.586160  13.00
     847:    472.586160  13.00
     848:    472.586160  13.00
     849:    472.586160  13.00
     850:    607.760989  13.00
     851:    607.760989  13.00
     852:    607.760989  13.00
     853:    607.760989  13.00
     854:    607.760989  13.00
     855:    607.760989  13.00
     856:    607.760989  13.00
     857:    607.760989  13.00
     858:    607.760989  13.00
     859:    607.760989  13.00
     860:    607.760989  13.00
     861:    607.760989  13.00
     862:    607.760989  13.00
     863:    718.259096  13.00
     864:    718.259096  13.00
     865:    718.259096  13.00
     866:    718.259096  13.00
     867:    718.259096  13.00
     868:    718.259096  13.00
     869:    718.259096  13.00
     870:    718.259096  13.00
     871:    718.259096  13.00
     872:    718.259096  13.00
     873:    718.259096  13.00
     874:    718.259096  13.00
     875:    718.259096  13.00
     876:    845.924003  13.00
     877:    845.924003  13.00
     878:    845.924003  13.00
     879:    845.924003  13.00
     880:    845.924003  13.00
     881:    845.924003  13.00
     882:    845.924003  13.00
     883:    845.924003  13.00
     884:    845.924003  13.00
     885:    845.924003  13.00
     886:    845.924003  13.00
     887:    845.924003  13.00
     888:    845.924003  13.00
     889:    866.638909  13.00
     890:    866.638909  13.00
     891:    866.638909  13.00
     892:    866.638909  13.00
     893:    866.638909  13.00
     894:    866.638909  13.00
     895:    866.638909  13.00
     896:    866.638909  13.00
     897:    866.638909  13.00
     898:    866.638909  13.00
     899:    866.638909  13.00
     900:    866.638909  13.00
     901:    866.638909  13.00
     902:    881.851256  15.00
     903:    881.851256  15.00
     904:    881.851256  15.00
     905:    881.851256  15.00
     906:    881.851256  15.00
     907:    881.851256  15.00
     908:    881.851256  15.00
     909:    881.851256  15.00
     910:    881.851256  15.00
     911:    881.851256  15.00
     912:    881.851256  15.00
     913:    881.851256  15.00
     914:    881.851256  15.00
     915:    881.851256  15.00
     916:    881.851256  15.00
     917:    932.393070  13.00
     918:    932.393070  13.00
     919:    932.393070  13.00
     920:    932.393070  13.00
     921:    932.393070  13.00
     922:    932.393070  13.00
     923:    932.393070  13.00
     924:    932.393070  13.00
     925:    932.393070  13.00
     926:    932.393070  13.00
     927:    932.393070  13.00
     928:    932.393070  13.00
     929:    932.393070  13.00
     930:    969.619521  13.00
     931:    969.619521  13.00
     932:    969.619521  13.00
     933:    969.619521  13.00
     934:    969.619521  13.00
     935:    969.619521  13.00
     936:    969.619521  13.00
     937:    969.619521  13.00
     938:    969.619521  13.00
     939:    969.619521  13.00
     940:    969.619521  13.00
     941:    969.619521  13.00
     942:    969.619521  13.00
     943:   1162.853443  13.00
     944:   1162.853443  13.00
     945:   1162.853443  13.00
     946:   1162.853443  13.00
     947:   1162.853443  13.00
     948:   1162.853443  13.00
     949:   1162.853443  13.00
     950:   1162.853443  13.00
     951:   1162.853443  13.00
     952:   1162.853443  13.00
     953:   1162.853443  13.00
     954:   1162.853443  13.00
     955:   1162.853443  13.00
     956:   1230.129678  13.00
     957:   1230.129678  13.00
     958:   1230.129678  13.00
     959:   1230.129678  13.00
     960:   1230.129678  13.00
     961:   1230.129678  13.00
     962:   1230.129678  13.00
     963:   1230.129678  13.00
     964:   1230.129678  13.00
     965:   1230.129678  13.00
     966:   1230.129678  13.00
     967:   1230.129678  13.00
     968:   1230.129678  13.00
     969:   1363.216925  13.00
     970:   1363.216925  13.00
     971:   1363.216925  13.00
     972:   1363.216925  13.00
     973:   1363.216925  13.00
     974:   1363.216925  13.00
     975:   1363.216925  13.00
     976:   1363.216925  13.00
     977:   1363.216925  13.00
     978:   1363.216925  13.00
     979:   1363.216925  13.00
     980:   1363.216925  13.00
     981:   1363.216925  13.00
     982:   1374.815086  15.00
     983:   1374.815086  15.00
     984:   1374.815086  15.00
     985:   1374.815086  15.00
     986:   1374.815086  15.00
     987:   1374.815086  15.00
     988:   1374.815086  15.00
     989:   1374.815086  15.00
     990:   1374.815086  15.00
     991:   1374.815086  15.00
     992:   1374.815086  15.00
     993:   1374.815086  15.00
     994:   1374.815086  15.00
     995:   1374.815086  15.00
     996:   1374.815086  15.00
     997:   1434.520146  15.00
     998:   1434.520146  15.00
     999:   1434.520146  15.00
    1000:   1434.520146  15.00
    1001:   1434.520146  15.00
    1002:   1434.520146  15.00
    1003:   1434.520146  15.00
    1004:   1434.520146  15.00
    1005:   1434.520146  15.00
    1006:   1434.520146  15.00
    1007:   1434.520146  15.00
    1008:   1434.520146  15.00
    1009:   1434.520146  15.00
    1010:   1434.520146  15.00
    1011:   1434.520146  15.00
    1012:   1778.419947  15.00
    1013:   1778.419947  15.00
    1014:   1778.419947  15.00
    1015:   1778.419947  15.00
    1016:   1778.419947  15.00
    1017:   1778.419947  15.00
    1018:   1778.419947  15.00
    1019:   1778.419947  15.00
    1020:   1778.419947  15.00
    1021:   1778.419947  15.00
    1022:   1778.419947  15.00
    1023:   1778.419947  15.00
    1024:   1778.419947  15.00
    1025:   1778.419947  15.00
    1026:   1778.419947  15.00
    1027:   1856.781676  15.00
    1028:   1856.781676  15.00
    1029:   1856.781676  15.00
    1030:   1856.781676  15.00
    1031:   1856.781676  15.00
    1032:   1856.781676  15.00
    1033:   1856.781676  15.00
    1034:   1856.781676  15.00
    1035:   1856.781676  15.00
    1036:   1856.781676  15.00
    1037:   1856.781676  15.00
    1038:   1856.781676  15.00
    1039:   1856.781676  15.00
    1040:   1856.781676  15.00
    1041:   1856.781676  15.00
    1042:   1949.177695  15.00
    1043:   1949.177695  15.00
    1044:   1949.177695  15.00
    1045:   1949.177695  15.00
    1046:   1949.177695  15.00
    1047:   1949.177695  15.00
    1048:   1949.177695  15.00
    1049:   1949.177695  15.00
    1050:   1949.177695  15.00
    1051:   1949.177695  15.00
    1052:   1949.177695  15.00
    1053:   1949.177695  15.00
    1054:   1949.177695  15.00
    1055:   1949.177695  15.00
    1056:   1949.177695  15.00
    1057:   2105.762857  15.00
    1058:   2105.762857  15.00
    1059:   2105.762857  15.00
    1060:   2105.762857  15.00
    1061:   2105.762857  15.00
    1062:   2105.762857  15.00
    1063:   2105.762857  15.00
    1064:   2105.762857  15.00
    1065:   2105.762857  15.00
    1066:   2105.762857  15.00
    1067:   2105.762857  15.00
    1068:   2105.762857  15.00
    1069:   2105.762857  15.00
    1070:   2105.762857  15.00
    1071:   2105.762857  15.00
    1072:   2198.945872  15.00
    1073:   2198.945872  15.00
    1074:   2198.945872  15.00
    1075:   2198.945872  15.00
    1076:   2198.945872  15.00
    1077:   2198.945872  15.00
    1078:   2198.945872  15.00
    1079:   2198.945872  15.00
    1080:   2198.945872  15.00
    1081:   2198.945872  15.00
    1082:   2198.945872  15.00
    1083:   2198.945872  15.00
    1084:   2198.945872  15.00
    1085:   2198.945872  15.00
    1086:   2198.945872  15.00
    1087:   2318.717410  15.00
    1088:   2318.717410  15.00
    1089:   2318.717410  15.00
    1090:   2318.717410  15.00
    1091:   2318.717410  15.00
    1092:   2318.717410  15.00
    1093:   2318.717410  15.00
    1094:   2318.717410  15.00
    1095:   2318.717410  15.00
    1096:   2318.717410  15.00
    1097:   2318.717410  15.00
    1098:   2318.717410  15.00
    1099:   2318.717410  15.00
    1100:   2318.717410  15.00
    1101:   2318.717410  15.00
    1102:   2423.617137  15.00
    1103:   2423.617137  15.00
    1104:   2423.617137  15.00
    1105:   2423.617137  15.00
    1106:   2423.617137  15.00
    1107:   2423.617137  15.00
    1108:   2423.617137  15.00
    1109:   2423.617137  15.00
    1110:   2423.617137  15.00
    1111:   2423.617137  15.00
    1112:   2423.617137  15.00
    1113:   2423.617137  15.00
    1114:   2423.617137  15.00
    1115:   2423.617137  15.00
    1116:   2423.617137  15.00
    1117:   2557.279788  17.00
    1118:   2557.279788  17.00
    1119:   2557.279788  17.00
    1120:   2557.279788  17.00
    1121:   2557.279788  17.00
    1122:   2557.279788  17.00
    1123:   2557.279788  17.00
    1124:   2557.279788  17.00
    1125:   2557.279788  17.00
    1126:   2557.279788  17.00
    1127:   2557.279788  17.00
    1128:   2557.279788  17.00
    1129:   2557.279788  17.00
    1130:   2557.279788  17.00
    1131:   2557.279788  17.00
    1132:   2557.279788  17.00
    1133:   2557.279788  17.00
    1134:   3050.853063  17.00
    1135:   3050.853063  17.00
    1136:   3050.853063  17.00
    1137:   3050.853063  17.00
    1138:   3050.853063  17.00
    1139:   3050.853063  17.00
    1140:   3050.853063  17.00
    1141:   3050.853063  17.00
    1142:   3050.853063  17.00
    1143:   3050.853063  17.00
    1144:   3050.853063  17.00
    1145:   3050.853063  17.00
    1146:   3050.853063  17.00
    1147:   3050.853063  17.00
    1148:   3050.853063  17.00
    1149:   3050.853063  17.00
    1150:   3050.853063  17.00
    1151:   3116.423248  17.00
    1152:   3116.423248  17.00
    1153:   3116.423248  17.00
    1154:   3116.423248  17.00
    1155:   3116.423248  17.00
    1156:   3116.423248  17.00
    1157:   3116.423248  17.00
    1158:   3116.423248  17.00
    1159:   3116.423248  17.00
    1160:   3116.423248  17.00
    1161:   3116.423248  17.00
    1162:   3116.423248  17.00
    1163:   3116.423248  17.00
    1164:   3116.423248  17.00
    1165:   3116.423248  17.00
    1166:   3116.423248  17.00
    1167:   3116.423248  17.00
    1168:   3465.771215  17.00
    1169:   3465.771215  17.00
    1170:   3465.771215  17.00
    1171:   3465.771215  17.00
    1172:   3465.771215  17.00
    1173:   3465.771215  17.00
    1174:   3465.771215  17.00
    1175:   3465.771215  17.00
    1176:   3465.771215  17.00
    1177:   3465.771215  17.00
    1178:   3465.771215  17.00
    1179:   3465.771215  17.00
    1180:   3465.771215  17.00
    1181:   3465.771215  17.00
    1182:   3465.771215  17.00
    1183:   3465.771215  17.00
    1184:   3465.771215  17.00
    1185:   3537.646369  17.00
    1186:   3537.646369  17.00
    1187:   3537.646369  17.00
    1188:   3537.646369  17.00
    1189:   3537.646369  17.00
    1190:   3537.646369  17.00
    1191:   3537.646369  17.00
    1192:   3537.646369  17.00
    1193:   3537.646369  17.00
    1194:   3537.646369  17.00
    1195:   3537.646369  17.00
    1196:   3537.646369  17.00
    1197:   3537.646369  17.00
    1198:   3537.646369  17.00
    1199:   3537.646369  17.00
    1200:   3537.646369  17.00
    1201:   3537.646369  17.00
    1202:   3641.641631  17.00
    1203:   3641.641631  17.00
    1204:   3641.641631  17.00
    1205:   3641.641631  17.00
    1206:   3641.641631  17.00
    1207:   3641.641631  17.00
    1208:   3641.641631  17.00
    1209:   3641.641631  17.00
    1210:   3641.641631  17.00
    1211:   3641.641631  17.00
    1212:   3641.641631  17.00
    1213:   3641.641631  17.00
    1214:   3641.641631  17.00
    1215:   3641.641631  17.00
    1216:   3641.641631  17.00
    1217:   3641.641631  17.00
    1218:   3641.641631  17.00
    1219:   4444.393144  19.00
    1220:   4444.393144  19.00
    1221:   4444.393144  19.00
    1222:   4444.393144  19.00
    1223:   4444.393144  19.00
    1224:   4444.393144  19.00
    1225:   4444.393144  19.00
    1226:   4444.393144  19.00
    1227:   4444.393144  19.00
    1228:   4444.393144  19.00
    1229:   4444.393144  19.00
    1230:   4444.393144  19.00
    1231:   4444.393144  19.00
    1232:   4444.393144  19.00
    1233:   4444.393144  19.00
    1234:   4444.393144  19.00
    1235:   4444.393144  19.00
    1236:   4444.393144  19.00
    1237:   4444.393144  19.00
    1238:   4939.681832  19.00
    1239:   4939.681832  19.00
    1240:   4939.681832  19.00
    1241:   4939.681832  19.00
    1242:   4939.681832  19.00
    1243:   4939.681832  19.00
    1244:   4939.681832  19.00
    1245:   4939.681832  19.00
    1246:   4939.681832  19.00
    1247:   4939.681832  19.00
    1248:   4939.681832  19.00
    1249:   4939.681832  19.00
    1250:   4939.681832  19.00
    1251:   4939.681832  19.00
    1252:   4939.681832  19.00
    1253:   4939.681832  19.00
    1254:   4939.681832  19.00
    1255:   4939.681832  19.00
    1256:   4939.681832  19.00
    1257:   5012.260731  19.00
    1258:   5012.260731  19.00
    1259:   5012.260731  19.00
    1260:   5012.260731  19.00
    1261:   5012.260731  19.00
    1262:   5012.260731  19.00
    1263:   5012.260731  19.00
    1264:   5012.260731  19.00
    1265:   5012.260731  19.00
    1266:   5012.260731  19.00
    1267:   5012.260731  19.00
    1268:   5012.260731  19.00
    1269:   5012.260731  19.00
    1270:   5012.260731  19.00
    1271:   5012.260731  19.00
    1272:   5012.260731  19.00
    1273:   5012.260731  19.00
    1274:   5012.260731  19.00
    1275:   5012.260731  19.00
    1276:   6543.788957  21.00
    1277:   6543.788957  21.00
    1278:   6543.788957  21.00
    1279:   6543.788957  21.00
    1280:   6543.788957  21.00
    1281:   6543.788957  21.00
    1282:   6543.788957  21.00
    1283:   6543.788957  21.00
    1284:   6543.788957  21.00
    1285:   6543.788957  21.00
    1286:   6543.788957  21.00
    1287:   6543.788957  21.00
    1288:   6543.788957  21.00
    1289:   6543.788957  21.00
    1290:   6543.788957  21.00
    1291:   6543.788957  21.00
    1292:   6543.788957  21.00
    1293:   6543.788957  21.00
    1294:   6543.788957  21.00
    1295:   6543.788957  21.00
    1296:   6543.788957  21.00
