[r040c04s03:55201] procdir: /scratch_local/slurm_job.845670/openmpi-sessions-29530@r040c04s03_0/7847/0/0
[r040c04s03:55201] jobdir: /scratch_local/slurm_job.845670/openmpi-sessions-29530@r040c04s03_0/7847/0
[r040c04s03:55201] top: openmpi-sessions-29530@r040c04s03_0
[r040c04s03:55201] tmp: /scratch_local/slurm_job.845670
[r040c04s03:55201] sess_dir_cleanup: job session dir does not exist
[r040c04s03:55201] procdir: /scratch_local/slurm_job.845670/openmpi-sessions-29530@r040c04s03_0/7847/0/0
[r040c04s03:55201] jobdir: /scratch_local/slurm_job.845670/openmpi-sessions-29530@r040c04s03_0/7847/0
[r040c04s03:55201] top: openmpi-sessions-29530@r040c04s03_0
[r040c04s03:55201] tmp: /scratch_local/slurm_job.845670
[r040c04s03:55201] mpirun: reset PATH: /cineca/prod/opt/compilers/openmpi/2.1.1/gnu--7.3.0/bin:/cineca/prod/opt/applications/orca/4.0.1/binary/bin:/cineca/prod/opt/compilers/openmpi/2.1.1/gnu--7.3.0/bin:/cineca/prod/opt/compilers/gnu/7.3.0/none/bin:/marconi/home/userexternal/fcappel1/.pyenv/shims:/marconi/home/userexternal/fcappel1/.pyenv/bin:/marconi_work/Pra14_3574/Francesco/bin/orca_4_0_0_linux_x86-64/:/marconi/home/userexternal/fcappel1/ase/bin:/marconi_work/Pra14_3574/LAMMPS/Francesco/lammps/exe:/marconi/home/userexternal/fcappel1/cp2k/exe/Linux-x86-64-gfortran:marconi/home/userexternal/fcappel1/bin:/marconi_work/Pra14_3574/Francesco/bin:/cineca/bin:/usr/lib64/qt-3.3/bin:/cineca/sysprod/pbs/default/bin:/usr/local/bin:/usr/bin:/usr/local/sbin:/usr/sbin:/marconi/home/userexternal/fcappel1/.local/bin:/marconi/home/userexternal/fcappel1/bin
[r040c04s03:55201] mpirun: reset LD_LIBRARY_PATH: /cineca/prod/opt/compilers/openmpi/2.1.1/gnu--7.3.0/lib:/cineca/prod/opt/compilers/openmpi/2.1.1/gnu--7.3.0/lib:/cineca/prod/opt/compilers/gnu/7.3.0/none/lib64
[r040c04s03:55201] [[7847,0],0] Releasing job data for [INVALID]
  MPIR_being_debugged = 0
  MPIR_debug_state = 1
  MPIR_partial_attach_ok = 1
  MPIR_i_am_starter = 0
  MPIR_forward_output = 0
  MPIR_proctable_size = 12
  MPIR_proctable:
    (i, host, exe, pid) = (0, r040c04s03, /cineca/prod/opt/applications/orca/4.0.1/binary/bin/orca_gtoint_mpi, 55206)
    (i, host, exe, pid) = (1, r040c04s03, /cineca/prod/opt/applications/orca/4.0.1/binary/bin/orca_gtoint_mpi, 55207)
    (i, host, exe, pid) = (2, r040c04s03, /cineca/prod/opt/applications/orca/4.0.1/binary/bin/orca_gtoint_mpi, 55208)
    (i, host, exe, pid) = (3, r040c04s03, /cineca/prod/opt/applications/orca/4.0.1/binary/bin/orca_gtoint_mpi, 55209)
    (i, host, exe, pid) = (4, r040c04s03, /cineca/prod/opt/applications/orca/4.0.1/binary/bin/orca_gtoint_mpi, 55210)
    (i, host, exe, pid) = (5, r040c04s03, /cineca/prod/opt/applications/orca/4.0.1/binary/bin/orca_gtoint_mpi, 55211)
    (i, host, exe, pid) = (6, r040c04s03, /cineca/prod/opt/applications/orca/4.0.1/binary/bin/orca_gtoint_mpi, 55212)
    (i, host, exe, pid) = (7, r040c04s03, /cineca/prod/opt/applications/orca/4.0.1/binary/bin/orca_gtoint_mpi, 55213)
    (i, host, exe, pid) = (8, r040c04s03, /cineca/prod/opt/applications/orca/4.0.1/binary/bin/orca_gtoint_mpi, 55214)
    (i, host, exe, pid) = (9, r040c04s03, /cineca/prod/opt/applications/orca/4.0.1/binary/bin/orca_gtoint_mpi, 55215)
    (i, host, exe, pid) = (10, r040c04s03, /cineca/prod/opt/applications/orca/4.0.1/binary/bin/orca_gtoint_mpi, 55216)
    (i, host, exe, pid) = (11, r040c04s03, /cineca/prod/opt/applications/orca/4.0.1/binary/bin/orca_gtoint_mpi, 55217)
MPIR_executable_path: NULL
MPIR_server_arguments: NULL
[r040c04s03:55214] procdir: /scratch_local/slurm_job.845670/openmpi-sessions-29530@r040c04s03_0/7847/1/8
[r040c04s03:55214] jobdir: /scratch_local/slurm_job.845670/openmpi-sessions-29530@r040c04s03_0/7847/1
[r040c04s03:55214] top: openmpi-sessions-29530@r040c04s03_0
[r040c04s03:55214] tmp: /scratch_local/slurm_job.845670
[r040c04s03:55215] procdir: /scratch_local/slurm_job.845670/openmpi-sessions-29530@r040c04s03_0/7847/1/9
[r040c04s03:55215] jobdir: /scratch_local/slurm_job.845670/openmpi-sessions-29530@r040c04s03_0/7847/1
[r040c04s03:55215] top: openmpi-sessions-29530@r040c04s03_0
[r040c04s03:55215] tmp: /scratch_local/slurm_job.845670
[r040c04s03:55210] procdir: /scratch_local/slurm_job.845670/openmpi-sessions-29530@r040c04s03_0/7847/1/4
[r040c04s03:55210] jobdir: /scratch_local/slurm_job.845670/openmpi-sessions-29530@r040c04s03_0/7847/1
[r040c04s03:55210] top: openmpi-sessions-29530@r040c04s03_0
[r040c04s03:55210] tmp: /scratch_local/slurm_job.845670
[r040c04s03:55216] procdir: /scratch_local/slurm_job.845670/openmpi-sessions-29530@r040c04s03_0/7847/1/10
[r040c04s03:55216] jobdir: /scratch_local/slurm_job.845670/openmpi-sessions-29530@r040c04s03_0/7847/1
[r040c04s03:55216] top: openmpi-sessions-29530@r040c04s03_0
[r040c04s03:55216] tmp: /scratch_local/slurm_job.845670
[r040c04s03:55206] procdir: /scratch_local/slurm_job.845670/openmpi-sessions-29530@r040c04s03_0/7847/1/0
[r040c04s03:55206] jobdir: /scratch_local/slurm_job.845670/openmpi-sessions-29530@r040c04s03_0/7847/1
[r040c04s03:55206] top: openmpi-sessions-29530@r040c04s03_0
[r040c04s03:55206] tmp: /scratch_local/slurm_job.845670
[r040c04s03:55207] procdir: /scratch_local/slurm_job.845670/openmpi-sessions-29530@r040c04s03_0/7847/1/1
[r040c04s03:55207] jobdir: /scratch_local/slurm_job.845670/openmpi-sessions-29530@r040c04s03_0/7847/1
[r040c04s03:55207] top: openmpi-sessions-29530@r040c04s03_0
[r040c04s03:55207] tmp: /scratch_local/slurm_job.845670
[r040c04s03:55208] procdir: /scratch_local/slurm_job.845670/openmpi-sessions-29530@r040c04s03_0/7847/1/2
[r040c04s03:55208] jobdir: /scratch_local/slurm_job.845670/openmpi-sessions-29530@r040c04s03_0/7847/1
[r040c04s03:55208] top: openmpi-sessions-29530@r040c04s03_0
[r040c04s03:55208] tmp: /scratch_local/slurm_job.845670
[r040c04s03:55209] procdir: /scratch_local/slurm_job.845670/openmpi-sessions-29530@r040c04s03_0/7847/1/3
[r040c04s03:55209] jobdir: /scratch_local/slurm_job.845670/openmpi-sessions-29530@r040c04s03_0/7847/1
[r040c04s03:55209] top: openmpi-sessions-29530@r040c04s03_0
[r040c04s03:55209] tmp: /scratch_local/slurm_job.845670
[r040c04s03:55211] procdir: /scratch_local/slurm_job.845670/openmpi-sessions-29530@r040c04s03_0/7847/1/5
[r040c04s03:55211] jobdir: /scratch_local/slurm_job.845670/openmpi-sessions-29530@r040c04s03_0/7847/1
[r040c04s03:55211] top: openmpi-sessions-29530@r040c04s03_0
[r040c04s03:55211] tmp: /scratch_local/slurm_job.845670
[r040c04s03:55212] procdir: /scratch_local/slurm_job.845670/openmpi-sessions-29530@r040c04s03_0/7847/1/6
[r040c04s03:55212] jobdir: /scratch_local/slurm_job.845670/openmpi-sessions-29530@r040c04s03_0/7847/1
[r040c04s03:55212] top: openmpi-sessions-29530@r040c04s03_0
[r040c04s03:55212] tmp: /scratch_local/slurm_job.845670
[r040c04s03:55213] procdir: /scratch_local/slurm_job.845670/openmpi-sessions-29530@r040c04s03_0/7847/1/7
[r040c04s03:55213] jobdir: /scratch_local/slurm_job.845670/openmpi-sessions-29530@r040c04s03_0/7847/1
[r040c04s03:55213] top: openmpi-sessions-29530@r040c04s03_0
[r040c04s03:55213] tmp: /scratch_local/slurm_job.845670
[r040c04s03:55217] procdir: /scratch_local/slurm_job.845670/openmpi-sessions-29530@r040c04s03_0/7847/1/11
[r040c04s03:55217] jobdir: /scratch_local/slurm_job.845670/openmpi-sessions-29530@r040c04s03_0/7847/1
[r040c04s03:55217] top: openmpi-sessions-29530@r040c04s03_0
[r040c04s03:55217] tmp: /scratch_local/slurm_job.845670
[r040c04s03:55210] sess_dir_finalize: proc session dir does not exist
[r040c04s03:55215] sess_dir_finalize: proc session dir does not exist
[r040c04s03:55216] sess_dir_finalize: proc session dir does not exist
[r040c04s03:55208] sess_dir_finalize: proc session dir does not exist
[r040c04s03:55212] sess_dir_finalize: proc session dir does not exist
[r040c04s03:55214] sess_dir_finalize: proc session dir does not exist
[r040c04s03:55201] sess_dir_finalize: proc session dir does not exist
[r040c04s03:55201] sess_dir_finalize: proc session dir does not exist
[r040c04s03:55201] sess_dir_finalize: proc session dir does not exist
[r040c04s03:55209] sess_dir_finalize: proc session dir does not exist
[r040c04s03:55211] sess_dir_finalize: proc session dir does not exist
[r040c04s03:55213] sess_dir_finalize: proc session dir does not exist
[r040c04s03:55207] sess_dir_finalize: proc session dir does not exist
[r040c04s03:55201] sess_dir_finalize: proc session dir does not exist
[r040c04s03:55201] sess_dir_finalize: proc session dir does not exist
[r040c04s03:55201] sess_dir_finalize: proc session dir does not exist
[r040c04s03:55201] sess_dir_finalize: proc session dir does not exist
[r040c04s03:55201] sess_dir_finalize: proc session dir does not exist
[r040c04s03:55201] sess_dir_finalize: proc session dir does not exist
[r040c04s03:55201] sess_dir_finalize: proc session dir does not exist
[r040c04s03:55206] sess_dir_finalize: proc session dir does not exist
[r040c04s03:55217] sess_dir_finalize: proc session dir does not exist
[r040c04s03:55201] sess_dir_finalize: proc session dir does not exist
[r040c04s03:55201] sess_dir_finalize: proc session dir does not exist
[r040c04s03:55201] sess_dir_finalize: proc session dir does not exist
[r040c04s03:55201] sess_dir_cleanup: job session dir does not exist
exiting with status 0
[r040c04s03:55246] procdir: /scratch_local/slurm_job.845670/openmpi-sessions-29530@r040c04s03_0/7880/0/0
[r040c04s03:55246] jobdir: /scratch_local/slurm_job.845670/openmpi-sessions-29530@r040c04s03_0/7880/0
[r040c04s03:55246] top: openmpi-sessions-29530@r040c04s03_0
[r040c04s03:55246] tmp: /scratch_local/slurm_job.845670
[r040c04s03:55246] sess_dir_cleanup: job session dir does not exist
[r040c04s03:55246] procdir: /scratch_local/slurm_job.845670/openmpi-sessions-29530@r040c04s03_0/7880/0/0
[r040c04s03:55246] jobdir: /scratch_local/slurm_job.845670/openmpi-sessions-29530@r040c04s03_0/7880/0
[r040c04s03:55246] top: openmpi-sessions-29530@r040c04s03_0
[r040c04s03:55246] tmp: /scratch_local/slurm_job.845670
[r040c04s03:55246] mpirun: reset PATH: /cineca/prod/opt/compilers/openmpi/2.1.1/gnu--7.3.0/bin:/cineca/prod/opt/applications/orca/4.0.1/binary/bin:/cineca/prod/opt/compilers/openmpi/2.1.1/gnu--7.3.0/bin:/cineca/prod/opt/compilers/gnu/7.3.0/none/bin:/marconi/home/userexternal/fcappel1/.pyenv/shims:/marconi/home/userexternal/fcappel1/.pyenv/bin:/marconi_work/Pra14_3574/Francesco/bin/orca_4_0_0_linux_x86-64/:/marconi/home/userexternal/fcappel1/ase/bin:/marconi_work/Pra14_3574/LAMMPS/Francesco/lammps/exe:/marconi/home/userexternal/fcappel1/cp2k/exe/Linux-x86-64-gfortran:marconi/home/userexternal/fcappel1/bin:/marconi_work/Pra14_3574/Francesco/bin:/cineca/bin:/usr/lib64/qt-3.3/bin:/cineca/sysprod/pbs/default/bin:/usr/local/bin:/usr/bin:/usr/local/sbin:/usr/sbin:/marconi/home/userexternal/fcappel1/.local/bin:/marconi/home/userexternal/fcappel1/bin
[r040c04s03:55246] mpirun: reset LD_LIBRARY_PATH: /cineca/prod/opt/compilers/openmpi/2.1.1/gnu--7.3.0/lib:/cineca/prod/opt/compilers/openmpi/2.1.1/gnu--7.3.0/lib:/cineca/prod/opt/compilers/gnu/7.3.0/none/lib64
[r040c04s03:55246] [[7880,0],0] Releasing job data for [INVALID]
  MPIR_being_debugged = 0
  MPIR_debug_state = 1
  MPIR_partial_attach_ok = 1
  MPIR_i_am_starter = 0
  MPIR_forward_output = 0
  MPIR_proctable_size = 12
  MPIR_proctable:
    (i, host, exe, pid) = (0, r040c04s03, /cineca/prod/opt/applications/orca/4.0.1/binary/bin/orca_scf_mpi, 55251)
    (i, host, exe, pid) = (1, r040c04s03, /cineca/prod/opt/applications/orca/4.0.1/binary/bin/orca_scf_mpi, 55252)
    (i, host, exe, pid) = (2, r040c04s03, /cineca/prod/opt/applications/orca/4.0.1/binary/bin/orca_scf_mpi, 55253)
    (i, host, exe, pid) = (3, r040c04s03, /cineca/prod/opt/applications/orca/4.0.1/binary/bin/orca_scf_mpi, 55254)
    (i, host, exe, pid) = (4, r040c04s03, /cineca/prod/opt/applications/orca/4.0.1/binary/bin/orca_scf_mpi, 55255)
    (i, host, exe, pid) = (5, r040c04s03, /cineca/prod/opt/applications/orca/4.0.1/binary/bin/orca_scf_mpi, 55256)
    (i, host, exe, pid) = (6, r040c04s03, /cineca/prod/opt/applications/orca/4.0.1/binary/bin/orca_scf_mpi, 55257)
    (i, host, exe, pid) = (7, r040c04s03, /cineca/prod/opt/applications/orca/4.0.1/binary/bin/orca_scf_mpi, 55258)
    (i, host, exe, pid) = (8, r040c04s03, /cineca/prod/opt/applications/orca/4.0.1/binary/bin/orca_scf_mpi, 55259)
    (i, host, exe, pid) = (9, r040c04s03, /cineca/prod/opt/applications/orca/4.0.1/binary/bin/orca_scf_mpi, 55260)
    (i, host, exe, pid) = (10, r040c04s03, /cineca/prod/opt/applications/orca/4.0.1/binary/bin/orca_scf_mpi, 55261)
    (i, host, exe, pid) = (11, r040c04s03, /cineca/prod/opt/applications/orca/4.0.1/binary/bin/orca_scf_mpi, 55262)
MPIR_executable_path: NULL
MPIR_server_arguments: NULL
[r040c04s03:55252] procdir: /scratch_local/slurm_job.845670/openmpi-sessions-29530@r040c04s03_0/7880/1/1
[r040c04s03:55252] jobdir: /scratch_local/slurm_job.845670/openmpi-sessions-29530@r040c04s03_0/7880/1
[r040c04s03:55252] top: openmpi-sessions-29530@r040c04s03_0
[r040c04s03:55252] tmp: /scratch_local/slurm_job.845670
[r040c04s03:55260] procdir: /scratch_local/slurm_job.845670/openmpi-sessions-29530@r040c04s03_0/7880/1/9
[r040c04s03:55260] jobdir: /scratch_local/slurm_job.845670/openmpi-sessions-29530@r040c04s03_0/7880/1
[r040c04s03:55260] top: openmpi-sessions-29530@r040c04s03_0
[r040c04s03:55260] tmp: /scratch_local/slurm_job.845670
[r040c04s03:55256] procdir: /scratch_local/slurm_job.845670/openmpi-sessions-29530@r040c04s03_0/7880/1/5
[r040c04s03:55256] jobdir: /scratch_local/slurm_job.845670/openmpi-sessions-29530@r040c04s03_0/7880/1
[r040c04s03:55256] top: openmpi-sessions-29530@r040c04s03_0
[r040c04s03:55256] tmp: /scratch_local/slurm_job.845670
[r040c04s03:55259] procdir: /scratch_local/slurm_job.845670/openmpi-sessions-29530@r040c04s03_0/7880/1/8
[r040c04s03:55259] jobdir: /scratch_local/slurm_job.845670/openmpi-sessions-29530@r040c04s03_0/7880/1
[r040c04s03:55259] top: openmpi-sessions-29530@r040c04s03_0
[r040c04s03:55259] tmp: /scratch_local/slurm_job.845670
[r040c04s03:55251] procdir: /scratch_local/slurm_job.845670/openmpi-sessions-29530@r040c04s03_0/7880/1/0
[r040c04s03:55251] jobdir: /scratch_local/slurm_job.845670/openmpi-sessions-29530@r040c04s03_0/7880/1
[r040c04s03:55251] top: openmpi-sessions-29530@r040c04s03_0
[r040c04s03:55251] tmp: /scratch_local/slurm_job.845670
[r040c04s03:55255] procdir: /scratch_local/slurm_job.845670/openmpi-sessions-29530@r040c04s03_0/7880/1/4
[r040c04s03:55255] jobdir: /scratch_local/slurm_job.845670/openmpi-sessions-29530@r040c04s03_0/7880/1
[r040c04s03:55255] top: openmpi-sessions-29530@r040c04s03_0
[r040c04s03:55255] tmp: /scratch_local/slurm_job.845670
[r040c04s03:55261] procdir: /scratch_local/slurm_job.845670/openmpi-sessions-29530@r040c04s03_0/7880/1/10
[r040c04s03:55261] jobdir: /scratch_local/slurm_job.845670/openmpi-sessions-29530@r040c04s03_0/7880/1
[r040c04s03:55261] top: openmpi-sessions-29530@r040c04s03_0
[r040c04s03:55261] tmp: /scratch_local/slurm_job.845670
[r040c04s03:55257] procdir: /scratch_local/slurm_job.845670/openmpi-sessions-29530@r040c04s03_0/7880/1/6
[r040c04s03:55257] jobdir: /scratch_local/slurm_job.845670/openmpi-sessions-29530@r040c04s03_0/7880/1
[r040c04s03:55257] top: openmpi-sessions-29530@r040c04s03_0
[r040c04s03:55257] tmp: /scratch_local/slurm_job.845670
[r040c04s03:55254] procdir: /scratch_local/slurm_job.845670/openmpi-sessions-29530@r040c04s03_0/7880/1/3
[r040c04s03:55254] jobdir: /scratch_local/slurm_job.845670/openmpi-sessions-29530@r040c04s03_0/7880/1
[r040c04s03:55254] top: openmpi-sessions-29530@r040c04s03_0
[r040c04s03:55254] tmp: /scratch_local/slurm_job.845670
[r040c04s03:55253] procdir: /scratch_local/slurm_job.845670/openmpi-sessions-29530@r040c04s03_0/7880/1/2
[r040c04s03:55253] jobdir: /scratch_local/slurm_job.845670/openmpi-sessions-29530@r040c04s03_0/7880/1
[r040c04s03:55253] top: openmpi-sessions-29530@r040c04s03_0
[r040c04s03:55253] tmp: /scratch_local/slurm_job.845670
[r040c04s03:55262] procdir: /scratch_local/slurm_job.845670/openmpi-sessions-29530@r040c04s03_0/7880/1/11
[r040c04s03:55262] jobdir: /scratch_local/slurm_job.845670/openmpi-sessions-29530@r040c04s03_0/7880/1
[r040c04s03:55262] top: openmpi-sessions-29530@r040c04s03_0
[r040c04s03:55262] tmp: /scratch_local/slurm_job.845670
[r040c04s03:55258] procdir: /scratch_local/slurm_job.845670/openmpi-sessions-29530@r040c04s03_0/7880/1/7
[r040c04s03:55258] jobdir: /scratch_local/slurm_job.845670/openmpi-sessions-29530@r040c04s03_0/7880/1
[r040c04s03:55258] top: openmpi-sessions-29530@r040c04s03_0
[r040c04s03:55258] tmp: /scratch_local/slurm_job.845670
[r040c04s03:55253] sess_dir_finalize: proc session dir does not exist
[r040c04s03:55246] sess_dir_finalize: proc session dir does not exist
[r040c04s03:55262] sess_dir_finalize: proc session dir does not exist
[r040c04s03:55246] sess_dir_finalize: proc session dir does not exist
[r040c04s03:55259] sess_dir_finalize: proc session dir does not exist
[r040c04s03:55251] sess_dir_finalize: proc session dir does not exist
[r040c04s03:55261] sess_dir_finalize: proc session dir does not exist
[r040c04s03:55246] sess_dir_finalize: proc session dir does not exist
[r040c04s03:55246] sess_dir_finalize: proc session dir does not exist
[r040c04s03:55246] sess_dir_finalize: proc session dir does not exist
[r040c04s03:55257] sess_dir_finalize: proc session dir does not exist
[r040c04s03:55252] sess_dir_finalize: proc session dir does not exist
[r040c04s03:55254] sess_dir_finalize: proc session dir does not exist
[r040c04s03:55256] sess_dir_finalize: proc session dir does not exist
[r040c04s03:55260] sess_dir_finalize: proc session dir does not exist
[r040c04s03:55258] sess_dir_finalize: proc session dir does not exist
[r040c04s03:55255] sess_dir_finalize: proc session dir does not exist
[r040c04s03:55246] sess_dir_finalize: proc session dir does not exist
[r040c04s03:55246] sess_dir_finalize: proc session dir does not exist
[r040c04s03:55246] sess_dir_finalize: proc session dir does not exist
[r040c04s03:55246] sess_dir_finalize: proc session dir does not exist
[r040c04s03:55246] sess_dir_finalize: proc session dir does not exist
[r040c04s03:55246] sess_dir_finalize: proc session dir does not exist
[r040c04s03:55246] sess_dir_finalize: proc session dir does not exist
[r040c04s03:55246] sess_dir_finalize: proc session dir does not exist
[r040c04s03:55246] sess_dir_cleanup: job session dir does not exist
exiting with status 0
[r040c04s03:59698] procdir: /scratch_local/slurm_job.845670/openmpi-sessions-29530@r040c04s03_0/8244/0/0
[r040c04s03:59698] jobdir: /scratch_local/slurm_job.845670/openmpi-sessions-29530@r040c04s03_0/8244/0
[r040c04s03:59698] top: openmpi-sessions-29530@r040c04s03_0
[r040c04s03:59698] tmp: /scratch_local/slurm_job.845670
[r040c04s03:59698] sess_dir_cleanup: job session dir does not exist
[r040c04s03:59698] procdir: /scratch_local/slurm_job.845670/openmpi-sessions-29530@r040c04s03_0/8244/0/0
[r040c04s03:59698] jobdir: /scratch_local/slurm_job.845670/openmpi-sessions-29530@r040c04s03_0/8244/0
[r040c04s03:59698] top: openmpi-sessions-29530@r040c04s03_0
[r040c04s03:59698] tmp: /scratch_local/slurm_job.845670
[r040c04s03:59698] mpirun: reset PATH: /cineca/prod/opt/compilers/openmpi/2.1.1/gnu--7.3.0/bin:/cineca/prod/opt/applications/orca/4.0.1/binary/bin:/cineca/prod/opt/compilers/openmpi/2.1.1/gnu--7.3.0/bin:/cineca/prod/opt/compilers/gnu/7.3.0/none/bin:/marconi/home/userexternal/fcappel1/.pyenv/shims:/marconi/home/userexternal/fcappel1/.pyenv/bin:/marconi_work/Pra14_3574/Francesco/bin/orca_4_0_0_linux_x86-64/:/marconi/home/userexternal/fcappel1/ase/bin:/marconi_work/Pra14_3574/LAMMPS/Francesco/lammps/exe:/marconi/home/userexternal/fcappel1/cp2k/exe/Linux-x86-64-gfortran:marconi/home/userexternal/fcappel1/bin:/marconi_work/Pra14_3574/Francesco/bin:/cineca/bin:/usr/lib64/qt-3.3/bin:/cineca/sysprod/pbs/default/bin:/usr/local/bin:/usr/bin:/usr/local/sbin:/usr/sbin:/marconi/home/userexternal/fcappel1/.local/bin:/marconi/home/userexternal/fcappel1/bin
[r040c04s03:59698] mpirun: reset LD_LIBRARY_PATH: /cineca/prod/opt/compilers/openmpi/2.1.1/gnu--7.3.0/lib:/cineca/prod/opt/compilers/openmpi/2.1.1/gnu--7.3.0/lib:/cineca/prod/opt/compilers/gnu/7.3.0/none/lib64
[r040c04s03:59698] [[8244,0],0] Releasing job data for [INVALID]
  MPIR_being_debugged = 0
  MPIR_debug_state = 1
  MPIR_partial_attach_ok = 1
  MPIR_i_am_starter = 0
  MPIR_forward_output = 0
  MPIR_proctable_size = 12
  MPIR_proctable:
    (i, host, exe, pid) = (0, r040c04s03, /cineca/prod/opt/applications/orca/4.0.1/binary/bin/orca_scfgrad_mpi, 59703)
    (i, host, exe, pid) = (1, r040c04s03, /cineca/prod/opt/applications/orca/4.0.1/binary/bin/orca_scfgrad_mpi, 59704)
    (i, host, exe, pid) = (2, r040c04s03, /cineca/prod/opt/applications/orca/4.0.1/binary/bin/orca_scfgrad_mpi, 59705)
    (i, host, exe, pid) = (3, r040c04s03, /cineca/prod/opt/applications/orca/4.0.1/binary/bin/orca_scfgrad_mpi, 59706)
    (i, host, exe, pid) = (4, r040c04s03, /cineca/prod/opt/applications/orca/4.0.1/binary/bin/orca_scfgrad_mpi, 59707)
    (i, host, exe, pid) = (5, r040c04s03, /cineca/prod/opt/applications/orca/4.0.1/binary/bin/orca_scfgrad_mpi, 59708)
    (i, host, exe, pid) = (6, r040c04s03, /cineca/prod/opt/applications/orca/4.0.1/binary/bin/orca_scfgrad_mpi, 59709)
    (i, host, exe, pid) = (7, r040c04s03, /cineca/prod/opt/applications/orca/4.0.1/binary/bin/orca_scfgrad_mpi, 59710)
    (i, host, exe, pid) = (8, r040c04s03, /cineca/prod/opt/applications/orca/4.0.1/binary/bin/orca_scfgrad_mpi, 59711)
    (i, host, exe, pid) = (9, r040c04s03, /cineca/prod/opt/applications/orca/4.0.1/binary/bin/orca_scfgrad_mpi, 59712)
    (i, host, exe, pid) = (10, r040c04s03, /cineca/prod/opt/applications/orca/4.0.1/binary/bin/orca_scfgrad_mpi, 59713)
    (i, host, exe, pid) = (11, r040c04s03, /cineca/prod/opt/applications/orca/4.0.1/binary/bin/orca_scfgrad_mpi, 59714)
MPIR_executable_path: NULL
MPIR_server_arguments: NULL
[r040c04s03:59708] procdir: /scratch_local/slurm_job.845670/openmpi-sessions-29530@r040c04s03_0/8244/1/5
[r040c04s03:59708] jobdir: /scratch_local/slurm_job.845670/openmpi-sessions-29530@r040c04s03_0/8244/1
[r040c04s03:59708] top: openmpi-sessions-29530@r040c04s03_0
[r040c04s03:59708] tmp: /scratch_local/slurm_job.845670
[r040c04s03:59711] procdir: /scratch_local/slurm_job.845670/openmpi-sessions-29530@r040c04s03_0/8244/1/8
[r040c04s03:59711] jobdir: /scratch_local/slurm_job.845670/openmpi-sessions-29530@r040c04s03_0/8244/1
[r040c04s03:59711] top: openmpi-sessions-29530@r040c04s03_0
[r040c04s03:59711] tmp: /scratch_local/slurm_job.845670
[r040c04s03:59709] procdir: /scratch_local/slurm_job.845670/openmpi-sessions-29530@r040c04s03_0/8244/1/6
[r040c04s03:59709] jobdir: /scratch_local/slurm_job.845670/openmpi-sessions-29530@r040c04s03_0/8244/1
[r040c04s03:59709] top: openmpi-sessions-29530@r040c04s03_0
[r040c04s03:59709] tmp: /scratch_local/slurm_job.845670
[r040c04s03:59704] procdir: /scratch_local/slurm_job.845670/openmpi-sessions-29530@r040c04s03_0/8244/1/1
[r040c04s03:59704] jobdir: /scratch_local/slurm_job.845670/openmpi-sessions-29530@r040c04s03_0/8244/1
[r040c04s03:59704] top: openmpi-sessions-29530@r040c04s03_0
[r040c04s03:59704] tmp: /scratch_local/slurm_job.845670
[r040c04s03:59706] procdir: /scratch_local/slurm_job.845670/openmpi-sessions-29530@r040c04s03_0/8244/1/3
[r040c04s03:59706] jobdir: /scratch_local/slurm_job.845670/openmpi-sessions-29530@r040c04s03_0/8244/1
[r040c04s03:59706] top: openmpi-sessions-29530@r040c04s03_0
[r040c04s03:59706] tmp: /scratch_local/slurm_job.845670
[r040c04s03:59714] procdir: /scratch_local/slurm_job.845670/openmpi-sessions-29530@r040c04s03_0/8244/1/11
[r040c04s03:59714] jobdir: /scratch_local/slurm_job.845670/openmpi-sessions-29530@r040c04s03_0/8244/1
[r040c04s03:59714] top: openmpi-sessions-29530@r040c04s03_0
[r040c04s03:59714] tmp: /scratch_local/slurm_job.845670
[r040c04s03:59703] procdir: /scratch_local/slurm_job.845670/openmpi-sessions-29530@r040c04s03_0/8244/1/0
[r040c04s03:59703] jobdir: /scratch_local/slurm_job.845670/openmpi-sessions-29530@r040c04s03_0/8244/1
[r040c04s03:59703] top: openmpi-sessions-29530@r040c04s03_0
[r040c04s03:59703] tmp: /scratch_local/slurm_job.845670
[r040c04s03:59705] procdir: /scratch_local/slurm_job.845670/openmpi-sessions-29530@r040c04s03_0/8244/1/2
[r040c04s03:59705] jobdir: /scratch_local/slurm_job.845670/openmpi-sessions-29530@r040c04s03_0/8244/1
[r040c04s03:59705] top: openmpi-sessions-29530@r040c04s03_0
[r040c04s03:59710] procdir: /scratch_local/slurm_job.845670/openmpi-sessions-29530@r040c04s03_0/8244/1/7
[r040c04s03:59710] jobdir: /scratch_local/slurm_job.845670/openmpi-sessions-29530@r040c04s03_0/8244/1
[r040c04s03:59705] tmp: /scratch_local/slurm_job.845670
[r040c04s03:59710] top: openmpi-sessions-29530@r040c04s03_0
[r040c04s03:59710] tmp: /scratch_local/slurm_job.845670
[r040c04s03:59707] procdir: /scratch_local/slurm_job.845670/openmpi-sessions-29530@r040c04s03_0/8244/1/4
[r040c04s03:59707] jobdir: /scratch_local/slurm_job.845670/openmpi-sessions-29530@r040c04s03_0/8244/1
[r040c04s03:59707] top: openmpi-sessions-29530@r040c04s03_0
[r040c04s03:59707] tmp: /scratch_local/slurm_job.845670
[r040c04s03:59713] procdir: /scratch_local/slurm_job.845670/openmpi-sessions-29530@r040c04s03_0/8244/1/10
[r040c04s03:59713] jobdir: /scratch_local/slurm_job.845670/openmpi-sessions-29530@r040c04s03_0/8244/1
[r040c04s03:59713] top: openmpi-sessions-29530@r040c04s03_0
[r040c04s03:59713] tmp: /scratch_local/slurm_job.845670
[r040c04s03:59712] procdir: /scratch_local/slurm_job.845670/openmpi-sessions-29530@r040c04s03_0/8244/1/9
[r040c04s03:59712] jobdir: /scratch_local/slurm_job.845670/openmpi-sessions-29530@r040c04s03_0/8244/1
[r040c04s03:59712] top: openmpi-sessions-29530@r040c04s03_0
[r040c04s03:59712] tmp: /scratch_local/slurm_job.845670
[r040c04s03:59713] sess_dir_finalize: proc session dir does not exist
[r040c04s03:59707] sess_dir_finalize: proc session dir does not exist
[r040c04s03:59698] sess_dir_finalize: proc session dir does not exist
[r040c04s03:59698] sess_dir_finalize: proc session dir does not exist
[r040c04s03:59705] sess_dir_finalize: proc session dir does not exist
[r040c04s03:59711] sess_dir_finalize: proc session dir does not exist
[r040c04s03:59703] sess_dir_finalize: proc session dir does not exist
[r040c04s03:59708] sess_dir_finalize: proc session dir does not exist
[r040c04s03:59712] sess_dir_finalize: proc session dir does not exist
[r040c04s03:59714] sess_dir_finalize: proc session dir does not exist
[r040c04s03:59698] sess_dir_finalize: proc session dir does not exist
[r040c04s03:59698] sess_dir_finalize: proc session dir does not exist
[r040c04s03:59698] sess_dir_finalize: proc session dir does not exist
[r040c04s03:59698] sess_dir_finalize: proc session dir does not exist
[r040c04s03:59698] sess_dir_finalize: proc session dir does not exist
[r040c04s03:59698] sess_dir_finalize: proc session dir does not exist
[r040c04s03:59709] sess_dir_finalize: proc session dir does not exist
[r040c04s03:59710] sess_dir_finalize: proc session dir does not exist
[r040c04s03:59706] sess_dir_finalize: proc session dir does not exist
[r040c04s03:59704] sess_dir_finalize: proc session dir does not exist
[r040c04s03:59698] sess_dir_finalize: proc session dir does not exist
[r040c04s03:59698] sess_dir_finalize: proc session dir does not exist
[r040c04s03:59698] sess_dir_finalize: proc session dir does not exist
[r040c04s03:59698] sess_dir_finalize: proc session dir does not exist
[r040c04s03:59698] sess_dir_finalize: proc session dir does not exist
[r040c04s03:59698] sess_dir_cleanup: job session dir does not exist
exiting with status 0
[r040c04s03:59784] procdir: /scratch_local/slurm_job.845670/openmpi-sessions-29530@r040c04s03_0/8334/0/0
[r040c04s03:59784] jobdir: /scratch_local/slurm_job.845670/openmpi-sessions-29530@r040c04s03_0/8334/0
[r040c04s03:59784] top: openmpi-sessions-29530@r040c04s03_0
[r040c04s03:59784] tmp: /scratch_local/slurm_job.845670
[r040c04s03:59784] sess_dir_cleanup: job session dir does not exist
[r040c04s03:59784] procdir: /scratch_local/slurm_job.845670/openmpi-sessions-29530@r040c04s03_0/8334/0/0
[r040c04s03:59784] jobdir: /scratch_local/slurm_job.845670/openmpi-sessions-29530@r040c04s03_0/8334/0
[r040c04s03:59784] top: openmpi-sessions-29530@r040c04s03_0
[r040c04s03:59784] tmp: /scratch_local/slurm_job.845670
[r040c04s03:59784] mpirun: reset PATH: /cineca/prod/opt/compilers/openmpi/2.1.1/gnu--7.3.0/bin:/cineca/prod/opt/applications/orca/4.0.1/binary/bin:/cineca/prod/opt/compilers/openmpi/2.1.1/gnu--7.3.0/bin:/cineca/prod/opt/compilers/gnu/7.3.0/none/bin:/marconi/home/userexternal/fcappel1/.pyenv/shims:/marconi/home/userexternal/fcappel1/.pyenv/bin:/marconi_work/Pra14_3574/Francesco/bin/orca_4_0_0_linux_x86-64/:/marconi/home/userexternal/fcappel1/ase/bin:/marconi_work/Pra14_3574/LAMMPS/Francesco/lammps/exe:/marconi/home/userexternal/fcappel1/cp2k/exe/Linux-x86-64-gfortran:marconi/home/userexternal/fcappel1/bin:/marconi_work/Pra14_3574/Francesco/bin:/cineca/bin:/usr/lib64/qt-3.3/bin:/cineca/sysprod/pbs/default/bin:/usr/local/bin:/usr/bin:/usr/local/sbin:/usr/sbin:/marconi/home/userexternal/fcappel1/.local/bin:/marconi/home/userexternal/fcappel1/bin
[r040c04s03:59784] mpirun: reset LD_LIBRARY_PATH: /cineca/prod/opt/compilers/openmpi/2.1.1/gnu--7.3.0/lib:/cineca/prod/opt/compilers/openmpi/2.1.1/gnu--7.3.0/lib:/cineca/prod/opt/compilers/gnu/7.3.0/none/lib64
[r040c04s03:59784] [[8334,0],0] Releasing job data for [INVALID]
  MPIR_being_debugged = 0
  MPIR_debug_state = 1
  MPIR_partial_attach_ok = 1
  MPIR_i_am_starter = 0
  MPIR_forward_output = 0
  MPIR_proctable_size = 12
  MPIR_proctable:
    (i, host, exe, pid) = (0, r040c04s03, /cineca/prod/opt/applications/orca/4.0.1/binary/bin/orca_cleanup_mpi, 59789)
    (i, host, exe, pid) = (1, r040c04s03, /cineca/prod/opt/applications/orca/4.0.1/binary/bin/orca_cleanup_mpi, 59790)
    (i, host, exe, pid) = (2, r040c04s03, /cineca/prod/opt/applications/orca/4.0.1/binary/bin/orca_cleanup_mpi, 59791)
    (i, host, exe, pid) = (3, r040c04s03, /cineca/prod/opt/applications/orca/4.0.1/binary/bin/orca_cleanup_mpi, 59792)
    (i, host, exe, pid) = (4, r040c04s03, /cineca/prod/opt/applications/orca/4.0.1/binary/bin/orca_cleanup_mpi, 59793)
    (i, host, exe, pid) = (5, r040c04s03, /cineca/prod/opt/applications/orca/4.0.1/binary/bin/orca_cleanup_mpi, 59794)
    (i, host, exe, pid) = (6, r040c04s03, /cineca/prod/opt/applications/orca/4.0.1/binary/bin/orca_cleanup_mpi, 59795)
    (i, host, exe, pid) = (7, r040c04s03, /cineca/prod/opt/applications/orca/4.0.1/binary/bin/orca_cleanup_mpi, 59796)
    (i, host, exe, pid) = (8, r040c04s03, /cineca/prod/opt/applications/orca/4.0.1/binary/bin/orca_cleanup_mpi, 59797)
    (i, host, exe, pid) = (9, r040c04s03, /cineca/prod/opt/applications/orca/4.0.1/binary/bin/orca_cleanup_mpi, 59798)
    (i, host, exe, pid) = (10, r040c04s03, /cineca/prod/opt/applications/orca/4.0.1/binary/bin/orca_cleanup_mpi, 59799)
    (i, host, exe, pid) = (11, r040c04s03, /cineca/prod/opt/applications/orca/4.0.1/binary/bin/orca_cleanup_mpi, 59800)
MPIR_executable_path: NULL
MPIR_server_arguments: NULL
[r040c04s03:59799] procdir: /scratch_local/slurm_job.845670/openmpi-sessions-29530@r040c04s03_0/8334/1/10
[r040c04s03:59799] jobdir: /scratch_local/slurm_job.845670/openmpi-sessions-29530@r040c04s03_0/8334/1
[r040c04s03:59799] top: openmpi-sessions-29530@r040c04s03_0
[r040c04s03:59799] tmp: /scratch_local/slurm_job.845670
[r040c04s03:59791] procdir: /scratch_local/slurm_job.845670/openmpi-sessions-29530@r040c04s03_0/8334/1/2
[r040c04s03:59791] jobdir: /scratch_local/slurm_job.845670/openmpi-sessions-29530@r040c04s03_0/8334/1
[r040c04s03:59791] top: openmpi-sessions-29530@r040c04s03_0
[r040c04s03:59791] tmp: /scratch_local/slurm_job.845670
[r040c04s03:59797] procdir: /scratch_local/slurm_job.845670/openmpi-sessions-29530@r040c04s03_0/8334/1/8
[r040c04s03:59797] jobdir: /scratch_local/slurm_job.845670/openmpi-sessions-29530@r040c04s03_0/8334/1
[r040c04s03:59797] top: openmpi-sessions-29530@r040c04s03_0
[r040c04s03:59797] tmp: /scratch_local/slurm_job.845670
[r040c04s03:59793] procdir: /scratch_local/slurm_job.845670/openmpi-sessions-29530@r040c04s03_0/8334/1/4
[r040c04s03:59793] jobdir: /scratch_local/slurm_job.845670/openmpi-sessions-29530@r040c04s03_0/8334/1
[r040c04s03:59793] top: openmpi-sessions-29530@r040c04s03_0
[r040c04s03:59793] tmp: /scratch_local/slurm_job.845670
[r040c04s03:59794] procdir: /scratch_local/slurm_job.845670/openmpi-sessions-29530@r040c04s03_0/8334/1/5
[r040c04s03:59794] jobdir: /scratch_local/slurm_job.845670/openmpi-sessions-29530@r040c04s03_0/8334/1
[r040c04s03:59794] top: openmpi-sessions-29530@r040c04s03_0
[r040c04s03:59794] tmp: /scratch_local/slurm_job.845670
[r040c04s03:59800] procdir: /scratch_local/slurm_job.845670/openmpi-sessions-29530@r040c04s03_0/8334/1/11
[r040c04s03:59800] jobdir: /scratch_local/slurm_job.845670/openmpi-sessions-29530@r040c04s03_0/8334/1
[r040c04s03:59800] top: openmpi-sessions-29530@r040c04s03_0
[r040c04s03:59800] tmp: /scratch_local/slurm_job.845670
[r040c04s03:59789] procdir: /scratch_local/slurm_job.845670/openmpi-sessions-29530@r040c04s03_0/8334/1/0
[r040c04s03:59789] jobdir: /scratch_local/slurm_job.845670/openmpi-sessions-29530@r040c04s03_0/8334/1
[r040c04s03:59789] top: openmpi-sessions-29530@r040c04s03_0
[r040c04s03:59789] tmp: /scratch_local/slurm_job.845670
[r040c04s03:59792] procdir: /scratch_local/slurm_job.845670/openmpi-sessions-29530@r040c04s03_0/8334/1/3
[r040c04s03:59792] jobdir: /scratch_local/slurm_job.845670/openmpi-sessions-29530@r040c04s03_0/8334/1
[r040c04s03:59792] top: openmpi-sessions-29530@r040c04s03_0
[r040c04s03:59792] tmp: /scratch_local/slurm_job.845670
[r040c04s03:59790] procdir: /scratch_local/slurm_job.845670/openmpi-sessions-29530@r040c04s03_0/8334/1/1
[r040c04s03:59790] jobdir: /scratch_local/slurm_job.845670/openmpi-sessions-29530@r040c04s03_0/8334/1
[r040c04s03:59790] top: openmpi-sessions-29530@r040c04s03_0
[r040c04s03:59790] tmp: /scratch_local/slurm_job.845670
[r040c04s03:59796] procdir: /scratch_local/slurm_job.845670/openmpi-sessions-29530@r040c04s03_0/8334/1/7
[r040c04s03:59796] jobdir: /scratch_local/slurm_job.845670/openmpi-sessions-29530@r040c04s03_0/8334/1
[r040c04s03:59796] top: openmpi-sessions-29530@r040c04s03_0
[r040c04s03:59796] tmp: /scratch_local/slurm_job.845670
[r040c04s03:59798] procdir: /scratch_local/slurm_job.845670/openmpi-sessions-29530@r040c04s03_0/8334/1/9
[r040c04s03:59798] jobdir: /scratch_local/slurm_job.845670/openmpi-sessions-29530@r040c04s03_0/8334/1
[r040c04s03:59798] top: openmpi-sessions-29530@r040c04s03_0
[r040c04s03:59798] tmp: /scratch_local/slurm_job.845670
[r040c04s03:59795] procdir: /scratch_local/slurm_job.845670/openmpi-sessions-29530@r040c04s03_0/8334/1/6
[r040c04s03:59795] jobdir: /scratch_local/slurm_job.845670/openmpi-sessions-29530@r040c04s03_0/8334/1
[r040c04s03:59795] top: openmpi-sessions-29530@r040c04s03_0
[r040c04s03:59795] tmp: /scratch_local/slurm_job.845670
[r040c04s03:59797] sess_dir_finalize: proc session dir does not exist
[r040c04s03:59791] sess_dir_finalize: proc session dir does not exist
[r040c04s03:59790] sess_dir_finalize: proc session dir does not exist
[r040c04s03:59794] sess_dir_finalize: proc session dir does not exist
[r040c04s03:59784] sess_dir_finalize: proc session dir does not exist
[r040c04s03:59784] sess_dir_finalize: proc session dir does not exist
[r040c04s03:59784] sess_dir_finalize: proc session dir does not exist
[r040c04s03:59784] sess_dir_finalize: proc session dir does not exist
[r040c04s03:59789] sess_dir_finalize: proc session dir does not exist
[r040c04s03:59795] sess_dir_finalize: proc session dir does not exist
[r040c04s03:59799] sess_dir_finalize: proc session dir does not exist
[r040c04s03:59793] sess_dir_finalize: proc session dir does not exist
[r040c04s03:59798] sess_dir_finalize: proc session dir does not exist
[r040c04s03:59800] sess_dir_finalize: proc session dir does not exist
[r040c04s03:59792] sess_dir_finalize: proc session dir does not exist
[r040c04s03:59796] sess_dir_finalize: proc session dir does not exist
[r040c04s03:59784] sess_dir_finalize: proc session dir does not exist
[r040c04s03:59784] sess_dir_finalize: proc session dir does not exist
[r040c04s03:59784] sess_dir_finalize: proc session dir does not exist
[r040c04s03:59784] sess_dir_finalize: proc session dir does not exist
[r040c04s03:59784] sess_dir_finalize: proc session dir does not exist
[r040c04s03:59784] sess_dir_finalize: proc session dir does not exist
[r040c04s03:59784] sess_dir_finalize: proc session dir does not exist
[r040c04s03:59784] sess_dir_finalize: proc session dir does not exist
[r040c04s03:59784] sess_dir_finalize: proc session dir does not exist
[r040c04s03:59784] sess_dir_cleanup: job session dir does not exist
exiting with status 0
