  -10137.6279047373     
 -0.000055777870 -0.000096248736 -0.000131947117
  0.000334849978 -0.000036599610 -0.000146705592
 -0.000333703796  0.000147722535  0.000090554351
  0.000040362751  0.000308714508 -0.000075945573
 -0.000051029340 -0.000086551576 -0.000086073158
 -0.000015718637  0.000085529460 -0.000024096328
 -0.000101728746 -0.000042788932 -0.000020015113
 -0.000073534006  0.000058477126  0.000054189418
 -0.000072653918 -0.000029690152  0.000073890789
  0.000001243040  0.000061653033  0.000015126580
 -0.000147512842 -0.000158449441  0.000069336513
  0.000027784684 -0.000117597489  0.000011481098
 -0.000005416030 -0.000044571624 -0.000077928532
  0.000050089227  0.000221508007 -0.000039783169
 -0.000060042188 -0.000109084562 -0.000014922990
 -0.000056818842  0.000021172252  0.000225084826
 -0.000062363131  0.000025404400 -0.000217389338
 -0.000047934374  0.000105506546 -0.000010008619
  0.000049156109 -0.000141870256  0.000074502436
 -0.000091610685 -0.000193563898  0.000025231674
  0.000182357609  0.000106130024  0.000030608646
  0.000060340631 -0.000087534897  0.000053327494
 -0.000018607714  0.000078486296  0.000011447581
 -0.000119966963  0.000062458692 -0.000093277391
 -0.000054013800 -0.000112702024  0.000133880949
 -0.000015682510  0.000039405475 -0.000046559275
 -0.000004194096 -0.000001334449 -0.000013996522
  0.000045553403  0.000046523876 -0.000032260320
 -0.000042642975 -0.000002105026  0.000021989408
 -0.000050650085 -0.000058394000  0.000101160703
 -0.000010308265  0.000027337763  0.000026976473
  0.000074950146  0.000025169625  0.000043232814
  0.000043657782  0.000077173730 -0.000047068374
 -0.000016895510  0.000043199749 -0.000044187596
 -0.000012121911  0.000021633018  0.000029800871
 -0.000127216300 -0.000098814225 -0.000011975098
 -0.000042301765 -0.000019503237  0.000081493781
  0.000046242262 -0.000006232437  0.000111214257
 -0.000062010416 -0.000014231818  0.000008515331
 -0.000038251075 -0.000025533383  0.000051579736
 -0.000163152323  0.000005880932  0.000092187406
  0.000080856496  0.000011920429  0.000006115552
 -0.000071709148 -0.000004183423  0.000039653422
 -0.000024435288 -0.000005294846  0.000007660863
  0.000018576190  0.000009468889  0.000031849903
  0.000024793004  0.000034760872  0.000011319148
  0.000016575616 -0.000047980422  0.000033856060
  0.000003497174  0.000019158832  0.000039687832
 -0.000090603907 -0.000110072234  0.000015734756
  0.000003913284 -0.000002452979  0.000052446861
  0.000005210531 -0.000011871882 -0.000007048752
  0.000010400179  0.000035797696 -0.000034077377
  0.000046972673 -0.000082247566 -0.000061190876
 -0.000046386012  0.000026270775  0.000158687546
 -0.000023090633 -0.000045381974  0.000015264136
  0.000013011815  0.000012844793  0.000116022404
  0.000075597388  0.000027089275 -0.000055894374
 -0.000034190866 -0.000011742754  0.000021529917
 -0.000029602436 -0.000011453001  0.000039278483
  0.000005367018 -0.000060960305  0.000004574045
  0.000152373597 -0.000064268622 -0.000003778502
 -0.000001374220 -0.000099168756  0.000057240172
 -0.000021408768  0.000008351288 -0.000000273443
 -0.000027051082  0.000051799270 -0.000026351163
 -0.000023345930  0.000137224507  0.000003944892
  0.000096481089  0.000006567349  0.000087259243
  0.000006896330  0.000007050790 -0.000010537786
 -0.000024620783  0.000042393277 -0.000098964676
 -0.000040756657  0.000013062693  0.000038412392
 -0.000037689342 -0.000000547605  0.000012304405
 -0.000020441997  0.000029125165 -0.000030561771
 -0.000008243901 -0.000039392000 -0.000086301091
  0.000027636487 -0.000032067619 -0.000003532158
 -0.000019074684  0.000042056563 -0.000013804903
 -0.000022377461  0.000020535055  0.000018726555
  0.000087271829  0.000032070681  0.000010292685
 -0.000084040739  0.000106701664 -0.000022151389
 -0.000027362398 -0.000017116566  0.000078859291
  0.000007329999  0.000014933514 -0.000007945200
  0.000041068525 -0.000000272903 -0.000067037324
 -0.000072822781  0.000066433343  0.000052027596
 -0.000111813312 -0.000153850322  0.000037141664
 -0.000027301430  0.000031212132 -0.000015871236
 -0.000039129767  0.000028173768  0.000000344821
  0.000127400393 -0.000094695134  0.000010627098
 -0.000104878448  0.000080932704  0.000004542413
 -0.000055501526  0.000045596383  0.000026916925
 -0.000135726643  0.000022824282  0.000180245571
 -0.000082562150 -0.000033463143  0.000064768125
 -0.000008868999  0.000014335584 -0.000016617443
 -0.000012438832  0.000060209736 -0.000028818288
 -0.000075338606  0.000050077679  0.000014554654
 -0.000117208466  0.000008420297  0.000040521731
 -0.000040642138  0.000011493194 -0.000042776393
  0.000005503642  0.000015776515  0.000004225946
  0.000094834581  0.000074609654  0.000060466816
 -0.000007504610  0.000078811188 -0.000109086639
 -0.000074642651  0.000016187693  0.000011320962
 -0.000062590891  0.000011538764  0.000022750746
  0.000036166860  0.000059604635 -0.000012026186
  0.000009610094 -0.000016772280  0.000015479590
  0.000014784911  0.000011387654  0.000020254471
 -0.000106897218 -0.000006438469 -0.000028797091
 -0.000020780276 -0.000005255442 -0.000004931383
 -0.000022966444  0.000032410573  0.000102466429
 -0.000029828267 -0.000039193397  0.000045153945
 -0.000020939826 -0.000026845497 -0.000018078762
 -0.000090856579 -0.000028378876 -0.000039818198
 -0.000086510180 -0.000038147484 -0.000009843061
  0.000018578701  0.000039307208 -0.000020676077
 -0.000069452806 -0.000033731362  0.000012586457
 -0.000112672326 -0.000078704505  0.000051806513
 -0.000072903885  0.000064758823  0.000001269619
 -0.000002029302 -0.000013875053  0.000023834584
 -0.000031487851 -0.000044524421 -0.000000945969
 -0.000047729252 -0.000055282103  0.000016716883
