[r039c06s08:44926] procdir: /scratch_local/slurm_job.845610/openmpi-sessions-29530@r039c06s08_0/38362/0/0
[r039c06s08:44926] jobdir: /scratch_local/slurm_job.845610/openmpi-sessions-29530@r039c06s08_0/38362/0
[r039c06s08:44926] top: openmpi-sessions-29530@r039c06s08_0
[r039c06s08:44926] tmp: /scratch_local/slurm_job.845610
[r039c06s08:44926] sess_dir_cleanup: job session dir does not exist
[r039c06s08:44926] procdir: /scratch_local/slurm_job.845610/openmpi-sessions-29530@r039c06s08_0/38362/0/0
[r039c06s08:44926] jobdir: /scratch_local/slurm_job.845610/openmpi-sessions-29530@r039c06s08_0/38362/0
[r039c06s08:44926] top: openmpi-sessions-29530@r039c06s08_0
[r039c06s08:44926] tmp: /scratch_local/slurm_job.845610
[r039c06s08:44926] mpirun: reset PATH: /cineca/prod/opt/compilers/openmpi/2.1.1/gnu--7.3.0/bin:/cineca/prod/opt/applications/orca/4.0.1/binary/bin:/cineca/prod/opt/compilers/openmpi/2.1.1/gnu--7.3.0/bin:/cineca/prod/opt/compilers/gnu/7.3.0/none/bin:/marconi/home/userexternal/fcappel1/.pyenv/shims:/marconi/home/userexternal/fcappel1/.pyenv/bin:/marconi_work/Pra14_3574/Francesco/bin/orca_4_0_0_linux_x86-64/:/marconi/home/userexternal/fcappel1/ase/bin:/marconi_work/Pra14_3574/LAMMPS/Francesco/lammps/exe:/marconi/home/userexternal/fcappel1/cp2k/exe/Linux-x86-64-gfortran:marconi/home/userexternal/fcappel1/bin:/marconi_work/Pra14_3574/Francesco/bin:/cineca/bin:/usr/lib64/qt-3.3/bin:/cineca/sysprod/pbs/default/bin:/usr/local/bin:/usr/bin:/usr/local/sbin:/usr/sbin:/marconi/home/userexternal/fcappel1/.local/bin:/marconi/home/userexternal/fcappel1/bin
[r039c06s08:44926] mpirun: reset LD_LIBRARY_PATH: /cineca/prod/opt/compilers/openmpi/2.1.1/gnu--7.3.0/lib:/cineca/prod/opt/compilers/openmpi/2.1.1/gnu--7.3.0/lib:/cineca/prod/opt/compilers/gnu/7.3.0/none/lib64
[r039c06s08:44926] [[38362,0],0] Releasing job data for [INVALID]
[r039c06s08:44945] procdir: /scratch_local/slurm_job.845610/openmpi-sessions-29530@r039c06s08_0/38362/1/1
[r039c06s08:44945] jobdir: /scratch_local/slurm_job.845610/openmpi-sessions-29530@r039c06s08_0/38362/1
[r039c06s08:44945] top: openmpi-sessions-29530@r039c06s08_0
[r039c06s08:44945] tmp: /scratch_local/slurm_job.845610
[r039c06s08:44975] procdir: /scratch_local/slurm_job.845610/openmpi-sessions-29530@r039c06s08_0/38362/1/11
[r039c06s08:44975] jobdir: /scratch_local/slurm_job.845610/openmpi-sessions-29530@r039c06s08_0/38362/1
[r039c06s08:44975] top: openmpi-sessions-29530@r039c06s08_0
[r039c06s08:44975] tmp: /scratch_local/slurm_job.845610
[r039c06s08:44966] procdir: /scratch_local/slurm_job.845610/openmpi-sessions-29530@r039c06s08_0/38362/1/8
[r039c06s08:44966] jobdir: /scratch_local/slurm_job.845610/openmpi-sessions-29530@r039c06s08_0/38362/1
[r039c06s08:44966] top: openmpi-sessions-29530@r039c06s08_0
[r039c06s08:44966] tmp: /scratch_local/slurm_job.845610
[r039c06s08:44947] procdir: /scratch_local/slurm_job.845610/openmpi-sessions-29530@r039c06s08_0/38362/1/2
[r039c06s08:44947] jobdir: /scratch_local/slurm_job.845610/openmpi-sessions-29530@r039c06s08_0/38362/1
[r039c06s08:44947] top: openmpi-sessions-29530@r039c06s08_0
[r039c06s08:44947] tmp: /scratch_local/slurm_job.845610
  MPIR_being_debugged = 0
  MPIR_debug_state = 1
  MPIR_partial_attach_ok = 1
  MPIR_i_am_starter = 0
  MPIR_forward_output = 0
  MPIR_proctable_size = 12
  MPIR_proctable:
    (i, host, exe, pid) = (0, r039c06s08, /cineca/prod/opt/applications/orca/4.0.1/binary/bin/orca_gtoint_mpi, 44942)
    (i, host, exe, pid) = (1, r039c06s08, /cineca/prod/opt/applications/orca/4.0.1/binary/bin/orca_gtoint_mpi, 44945)
    (i, host, exe, pid) = (2, r039c06s08, /cineca/prod/opt/applications/orca/4.0.1/binary/bin/orca_gtoint_mpi, 44947)
    (i, host, exe, pid) = (3, r039c06s08, /cineca/prod/opt/applications/orca/4.0.1/binary/bin/orca_gtoint_mpi, 44950)
    (i, host, exe, pid) = (4, r039c06s08, /cineca/prod/opt/applications/orca/4.0.1/binary/bin/orca_gtoint_mpi, 44953)
    (i, host, exe, pid) = (5, r039c06s08, /cineca/prod/opt/applications/orca/4.0.1/binary/bin/orca_gtoint_mpi, 44956)
    (i, host, exe, pid) = (6, r039c06s08, /cineca/prod/opt/applications/orca/4.0.1/binary/bin/orca_gtoint_mpi, 44960)
    (i, host, exe, pid) = (7, r039c06s08, /cineca/prod/opt/applications/orca/4.0.1/binary/bin/orca_gtoint_mpi, 44963)
    (i, host, exe, pid) = (8, r039c06s08, /cineca/prod/opt/applications/orca/4.0.1/binary/bin/orca_gtoint_mpi, 44966)
    (i, host, exe, pid) = (9, r039c06s08, /cineca/prod/opt/applications/orca/4.0.1/binary/bin/orca_gtoint_mpi, 44969)
    (i, host, exe, pid) = (10, r039c06s08, /cineca/prod/opt/applications/orca/4.0.1/binary/bin/orca_gtoint_mpi, 44972)
    (i, host, exe, pid) = (11, r039c06s08, /cineca/prod/opt/applications/orca/4.0.1/binary/bin/orca_gtoint_mpi, 44975)
MPIR_executable_path: NULL
MPIR_server_arguments: NULL
[r039c06s08:44942] procdir: /scratch_local/slurm_job.845610/openmpi-sessions-29530@r039c06s08_0/38362/1/0
[r039c06s08:44942] jobdir: /scratch_local/slurm_job.845610/openmpi-sessions-29530@r039c06s08_0/38362/1
[r039c06s08:44942] top: openmpi-sessions-29530@r039c06s08_0
[r039c06s08:44942] tmp: /scratch_local/slurm_job.845610
[r039c06s08:44950] procdir: /scratch_local/slurm_job.845610/openmpi-sessions-29530@r039c06s08_0/38362/1/3
[r039c06s08:44950] jobdir: /scratch_local/slurm_job.845610/openmpi-sessions-29530@r039c06s08_0/38362/1
[r039c06s08:44950] top: openmpi-sessions-29530@r039c06s08_0
[r039c06s08:44950] tmp: /scratch_local/slurm_job.845610
[r039c06s08:44953] procdir: /scratch_local/slurm_job.845610/openmpi-sessions-29530@r039c06s08_0/38362/1/4
[r039c06s08:44953] jobdir: /scratch_local/slurm_job.845610/openmpi-sessions-29530@r039c06s08_0/38362/1
[r039c06s08:44953] top: openmpi-sessions-29530@r039c06s08_0
[r039c06s08:44953] tmp: /scratch_local/slurm_job.845610
[r039c06s08:44956] procdir: /scratch_local/slurm_job.845610/openmpi-sessions-29530@r039c06s08_0/38362/1/5
[r039c06s08:44956] jobdir: /scratch_local/slurm_job.845610/openmpi-sessions-29530@r039c06s08_0/38362/1
[r039c06s08:44956] top: openmpi-sessions-29530@r039c06s08_0
[r039c06s08:44956] tmp: /scratch_local/slurm_job.845610
[r039c06s08:44960] procdir: /scratch_local/slurm_job.845610/openmpi-sessions-29530@r039c06s08_0/38362/1/6
[r039c06s08:44960] jobdir: /scratch_local/slurm_job.845610/openmpi-sessions-29530@r039c06s08_0/38362/1
[r039c06s08:44960] top: openmpi-sessions-29530@r039c06s08_0
[r039c06s08:44960] tmp: /scratch_local/slurm_job.845610
[r039c06s08:44963] procdir: /scratch_local/slurm_job.845610/openmpi-sessions-29530@r039c06s08_0/38362/1/7
[r039c06s08:44963] jobdir: /scratch_local/slurm_job.845610/openmpi-sessions-29530@r039c06s08_0/38362/1
[r039c06s08:44963] top: openmpi-sessions-29530@r039c06s08_0
[r039c06s08:44963] tmp: /scratch_local/slurm_job.845610
[r039c06s08:44969] procdir: /scratch_local/slurm_job.845610/openmpi-sessions-29530@r039c06s08_0/38362/1/9
[r039c06s08:44969] jobdir: /scratch_local/slurm_job.845610/openmpi-sessions-29530@r039c06s08_0/38362/1
[r039c06s08:44969] top: openmpi-sessions-29530@r039c06s08_0
[r039c06s08:44969] tmp: /scratch_local/slurm_job.845610
[r039c06s08:44972] procdir: /scratch_local/slurm_job.845610/openmpi-sessions-29530@r039c06s08_0/38362/1/10
[r039c06s08:44972] jobdir: /scratch_local/slurm_job.845610/openmpi-sessions-29530@r039c06s08_0/38362/1
[r039c06s08:44972] top: openmpi-sessions-29530@r039c06s08_0
[r039c06s08:44972] tmp: /scratch_local/slurm_job.845610
[r039c06s08:44942] sess_dir_finalize: proc session dir does not exist
[r039c06s08:44960] sess_dir_finalize: proc session dir does not exist
[r039c06s08:44926] sess_dir_finalize: proc session dir does not exist
[r039c06s08:44926] sess_dir_finalize: proc session dir does not exist
[r039c06s08:44966] sess_dir_finalize: proc session dir does not exist
[r039c06s08:44953] sess_dir_finalize: proc session dir does not exist
[r039c06s08:44926] sess_dir_finalize: proc session dir does not exist
[r039c06s08:44926] sess_dir_finalize: proc session dir does not exist
[r039c06s08:44972] sess_dir_finalize: proc session dir does not exist
[r039c06s08:44926] sess_dir_finalize: proc session dir does not exist
[r039c06s08:44947] sess_dir_finalize: proc session dir does not exist
[r039c06s08:44975] sess_dir_finalize: proc session dir does not exist
[r039c06s08:44926] sess_dir_finalize: proc session dir does not exist
[r039c06s08:44926] sess_dir_finalize: proc session dir does not exist
[r039c06s08:44950] sess_dir_finalize: proc session dir does not exist
[r039c06s08:44956] sess_dir_finalize: proc session dir does not exist
[r039c06s08:44969] sess_dir_finalize: proc session dir does not exist
[r039c06s08:44926] sess_dir_finalize: proc session dir does not exist
[r039c06s08:44926] sess_dir_finalize: proc session dir does not exist
[r039c06s08:44926] sess_dir_finalize: proc session dir does not exist
[r039c06s08:44963] sess_dir_finalize: proc session dir does not exist
[r039c06s08:44945] sess_dir_finalize: proc session dir does not exist
[r039c06s08:44926] sess_dir_finalize: proc session dir does not exist
[r039c06s08:44926] sess_dir_finalize: proc session dir does not exist
[r039c06s08:44926] sess_dir_finalize: proc session dir does not exist
[r039c06s08:44926] sess_dir_cleanup: job session dir does not exist
exiting with status 0
[r039c06s08:45056] procdir: /scratch_local/slurm_job.845610/openmpi-sessions-29530@r039c06s08_0/35492/0/0
[r039c06s08:45056] jobdir: /scratch_local/slurm_job.845610/openmpi-sessions-29530@r039c06s08_0/35492/0
[r039c06s08:45056] top: openmpi-sessions-29530@r039c06s08_0
[r039c06s08:45056] tmp: /scratch_local/slurm_job.845610
[r039c06s08:45056] sess_dir_cleanup: job session dir does not exist
[r039c06s08:45056] procdir: /scratch_local/slurm_job.845610/openmpi-sessions-29530@r039c06s08_0/35492/0/0
[r039c06s08:45056] jobdir: /scratch_local/slurm_job.845610/openmpi-sessions-29530@r039c06s08_0/35492/0
[r039c06s08:45056] top: openmpi-sessions-29530@r039c06s08_0
[r039c06s08:45056] tmp: /scratch_local/slurm_job.845610
[r039c06s08:45056] mpirun: reset PATH: /cineca/prod/opt/compilers/openmpi/2.1.1/gnu--7.3.0/bin:/cineca/prod/opt/applications/orca/4.0.1/binary/bin:/cineca/prod/opt/compilers/openmpi/2.1.1/gnu--7.3.0/bin:/cineca/prod/opt/compilers/gnu/7.3.0/none/bin:/marconi/home/userexternal/fcappel1/.pyenv/shims:/marconi/home/userexternal/fcappel1/.pyenv/bin:/marconi_work/Pra14_3574/Francesco/bin/orca_4_0_0_linux_x86-64/:/marconi/home/userexternal/fcappel1/ase/bin:/marconi_work/Pra14_3574/LAMMPS/Francesco/lammps/exe:/marconi/home/userexternal/fcappel1/cp2k/exe/Linux-x86-64-gfortran:marconi/home/userexternal/fcappel1/bin:/marconi_work/Pra14_3574/Francesco/bin:/cineca/bin:/usr/lib64/qt-3.3/bin:/cineca/sysprod/pbs/default/bin:/usr/local/bin:/usr/bin:/usr/local/sbin:/usr/sbin:/marconi/home/userexternal/fcappel1/.local/bin:/marconi/home/userexternal/fcappel1/bin
[r039c06s08:45056] mpirun: reset LD_LIBRARY_PATH: /cineca/prod/opt/compilers/openmpi/2.1.1/gnu--7.3.0/lib:/cineca/prod/opt/compilers/openmpi/2.1.1/gnu--7.3.0/lib:/cineca/prod/opt/compilers/gnu/7.3.0/none/lib64
[r039c06s08:45056] [[35492,0],0] Releasing job data for [INVALID]
[r039c06s08:45077] procdir: /scratch_local/slurm_job.845610/openmpi-sessions-29530@r039c06s08_0/35492/1/2
[r039c06s08:45077] jobdir: /scratch_local/slurm_job.845610/openmpi-sessions-29530@r039c06s08_0/35492/1
[r039c06s08:45077] top: openmpi-sessions-29530@r039c06s08_0
[r039c06s08:45077] tmp: /scratch_local/slurm_job.845610
[r039c06s08:45100] procdir: /scratch_local/slurm_job.845610/openmpi-sessions-29530@r039c06s08_0/35492/1/9
[r039c06s08:45100] jobdir: /scratch_local/slurm_job.845610/openmpi-sessions-29530@r039c06s08_0/35492/1
[r039c06s08:45100] top: openmpi-sessions-29530@r039c06s08_0
[r039c06s08:45100] tmp: /scratch_local/slurm_job.845610
[r039c06s08:45083] procdir: /scratch_local/slurm_job.845610/openmpi-sessions-29530@r039c06s08_0/35492/1/4
[r039c06s08:45083] jobdir: /scratch_local/slurm_job.845610/openmpi-sessions-29530@r039c06s08_0/35492/1
[r039c06s08:45083] top: openmpi-sessions-29530@r039c06s08_0
[r039c06s08:45083] tmp: /scratch_local/slurm_job.845610
[r039c06s08:45071] procdir: /scratch_local/slurm_job.845610/openmpi-sessions-29530@r039c06s08_0/35492/1/0
[r039c06s08:45071] jobdir: /scratch_local/slurm_job.845610/openmpi-sessions-29530@r039c06s08_0/35492/1
[r039c06s08:45071] top: openmpi-sessions-29530@r039c06s08_0
[r039c06s08:45071] tmp: /scratch_local/slurm_job.845610
[r039c06s08:45080] procdir: /scratch_local/slurm_job.845610/openmpi-sessions-29530@r039c06s08_0/35492/1/3
[r039c06s08:45080] jobdir: /scratch_local/slurm_job.845610/openmpi-sessions-29530@r039c06s08_0/35492/1
[r039c06s08:45080] top: openmpi-sessions-29530@r039c06s08_0
[r039c06s08:45080] tmp: /scratch_local/slurm_job.845610
[r039c06s08:45097] procdir: /scratch_local/slurm_job.845610/openmpi-sessions-29530@r039c06s08_0/35492/1/8
[r039c06s08:45097] jobdir: /scratch_local/slurm_job.845610/openmpi-sessions-29530@r039c06s08_0/35492/1
[r039c06s08:45097] top: openmpi-sessions-29530@r039c06s08_0
[r039c06s08:45097] tmp: /scratch_local/slurm_job.845610
[r039c06s08:45090] procdir: /scratch_local/slurm_job.845610/openmpi-sessions-29530@r039c06s08_0/35492/1/6
[r039c06s08:45090] jobdir: /scratch_local/slurm_job.845610/openmpi-sessions-29530@r039c06s08_0/35492/1
[r039c06s08:45090] top: openmpi-sessions-29530@r039c06s08_0
[r039c06s08:45090] tmp: /scratch_local/slurm_job.845610
[r039c06s08:45105] procdir: /scratch_local/slurm_job.845610/openmpi-sessions-29530@r039c06s08_0/35492/1/11
[r039c06s08:45105] jobdir: /scratch_local/slurm_job.845610/openmpi-sessions-29530@r039c06s08_0/35492/1
[r039c06s08:45105] top: openmpi-sessions-29530@r039c06s08_0
[r039c06s08:45105] tmp: /scratch_local/slurm_job.845610
[r039c06s08:45087] procdir: /scratch_local/slurm_job.845610/openmpi-sessions-29530@r039c06s08_0/35492/1/5
[r039c06s08:45087] jobdir: /scratch_local/slurm_job.845610/openmpi-sessions-29530@r039c06s08_0/35492/1
[r039c06s08:45087] top: openmpi-sessions-29530@r039c06s08_0
[r039c06s08:45087] tmp: /scratch_local/slurm_job.845610
  MPIR_being_debugged = 0
  MPIR_debug_state = 1
  MPIR_partial_attach_ok = 1
  MPIR_i_am_starter = 0
  MPIR_forward_output = 0
  MPIR_proctable_size = 12
  MPIR_proctable:
    (i, host, exe, pid) = (0, r039c06s08, /cineca/prod/opt/applications/orca/4.0.1/binary/bin/orca_scf_mpi, 45071)
    (i, host, exe, pid) = (1, r039c06s08, /cineca/prod/opt/applications/orca/4.0.1/binary/bin/orca_scf_mpi, 45074)
    (i, host, exe, pid) = (2, r039c06s08, /cineca/prod/opt/applications/orca/4.0.1/binary/bin/orca_scf_mpi, 45077)
    (i, host, exe, pid) = (3, r039c06s08, /cineca/prod/opt/applications/orca/4.0.1/binary/bin/orca_scf_mpi, 45080)
    (i, host, exe, pid) = (4, r039c06s08, /cineca/prod/opt/applications/orca/4.0.1/binary/bin/orca_scf_mpi, 45083)
    (i, host, exe, pid) = (5, r039c06s08, /cineca/prod/opt/applications/orca/4.0.1/binary/bin/orca_scf_mpi, 45087)
    (i, host, exe, pid) = (6, r039c06s08, /cineca/prod/opt/applications/orca/4.0.1/binary/bin/orca_scf_mpi, 45090)
    (i, host, exe, pid) = (7, r039c06s08, /cineca/prod/opt/applications/orca/4.0.1/binary/bin/orca_scf_mpi, 45095)
    (i, host, exe, pid) = (8, r039c06s08, /cineca/prod/opt/applications/orca/4.0.1/binary/bin/orca_scf_mpi, 45097)
    (i, host, exe, pid) = (9, r039c06s08, /cineca/prod/opt/applications/orca/4.0.1/binary/bin/orca_scf_mpi, 45100)
    (i, host, exe, pid) = (10, r039c06s08, /cineca/prod/opt/applications/orca/4.0.1/binary/bin/orca_scf_mpi, 45102)
    (i, host, exe, pid) = (11, r039c06s08, /cineca/prod/opt/applications/orca/4.0.1/binary/bin/orca_scf_mpi, 45105)
MPIR_executable_path: NULL
MPIR_server_arguments: NULL
[r039c06s08:45102] procdir: /scratch_local/slurm_job.845610/openmpi-sessions-29530@r039c06s08_0/35492/1/10
[r039c06s08:45102] jobdir: /scratch_local/slurm_job.845610/openmpi-sessions-29530@r039c06s08_0/35492/1
[r039c06s08:45102] top: openmpi-sessions-29530@r039c06s08_0
[r039c06s08:45102] tmp: /scratch_local/slurm_job.845610
[r039c06s08:45095] procdir: /scratch_local/slurm_job.845610/openmpi-sessions-29530@r039c06s08_0/35492/1/7
[r039c06s08:45095] jobdir: /scratch_local/slurm_job.845610/openmpi-sessions-29530@r039c06s08_0/35492/1
[r039c06s08:45095] top: openmpi-sessions-29530@r039c06s08_0
[r039c06s08:45095] tmp: /scratch_local/slurm_job.845610
[r039c06s08:45074] procdir: /scratch_local/slurm_job.845610/openmpi-sessions-29530@r039c06s08_0/35492/1/1
[r039c06s08:45074] jobdir: /scratch_local/slurm_job.845610/openmpi-sessions-29530@r039c06s08_0/35492/1
[r039c06s08:45074] top: openmpi-sessions-29530@r039c06s08_0
[r039c06s08:45074] tmp: /scratch_local/slurm_job.845610
[r039c06s08:45097] sess_dir_finalize: proc session dir does not exist
[r039c06s08:45071] sess_dir_finalize: proc session dir does not exist
[r039c06s08:45056] sess_dir_finalize: proc session dir does not exist
[r039c06s08:45056] sess_dir_finalize: proc session dir does not exist
[r039c06s08:45102] sess_dir_finalize: proc session dir does not exist
[r039c06s08:45100] sess_dir_finalize: proc session dir does not exist
[r039c06s08:45056] sess_dir_finalize: proc session dir does not exist
[r039c06s08:45056] sess_dir_finalize: proc session dir does not exist
[r039c06s08:45095] sess_dir_finalize: proc session dir does not exist
[r039c06s08:45087] sess_dir_finalize: proc session dir does not exist
[r039c06s08:45056] sess_dir_finalize: proc session dir does not exist
[r039c06s08:45056] sess_dir_finalize: proc session dir does not exist
[r039c06s08:45080] sess_dir_finalize: proc session dir does not exist
[r039c06s08:45056] sess_dir_finalize: proc session dir does not exist
[r039c06s08:45090] sess_dir_finalize: proc session dir does not exist
[r039c06s08:45056] sess_dir_finalize: proc session dir does not exist
[r039c06s08:45074] sess_dir_finalize: proc session dir does not exist
[r039c06s08:45105] sess_dir_finalize: proc session dir does not exist
[r039c06s08:45056] sess_dir_finalize: proc session dir does not exist
[r039c06s08:45083] sess_dir_finalize: proc session dir does not exist
[r039c06s08:45056] sess_dir_finalize: proc session dir does not exist
[r039c06s08:45056] sess_dir_finalize: proc session dir does not exist
[r039c06s08:45077] sess_dir_finalize: proc session dir does not exist
[r039c06s08:45056] sess_dir_finalize: proc session dir does not exist
[r039c06s08:45056] sess_dir_finalize: proc session dir does not exist
[r039c06s08:45056] sess_dir_cleanup: job session dir does not exist
exiting with status 0
[r039c06s08:52559] procdir: /scratch_local/slurm_job.845610/openmpi-sessions-29530@r039c06s08_0/63467/0/0
[r039c06s08:52559] jobdir: /scratch_local/slurm_job.845610/openmpi-sessions-29530@r039c06s08_0/63467/0
[r039c06s08:52559] top: openmpi-sessions-29530@r039c06s08_0
[r039c06s08:52559] tmp: /scratch_local/slurm_job.845610
[r039c06s08:52559] sess_dir_cleanup: job session dir does not exist
[r039c06s08:52559] procdir: /scratch_local/slurm_job.845610/openmpi-sessions-29530@r039c06s08_0/63467/0/0
[r039c06s08:52559] jobdir: /scratch_local/slurm_job.845610/openmpi-sessions-29530@r039c06s08_0/63467/0
[r039c06s08:52559] top: openmpi-sessions-29530@r039c06s08_0
[r039c06s08:52559] tmp: /scratch_local/slurm_job.845610
[r039c06s08:52559] mpirun: reset PATH: /cineca/prod/opt/compilers/openmpi/2.1.1/gnu--7.3.0/bin:/cineca/prod/opt/applications/orca/4.0.1/binary/bin:/cineca/prod/opt/compilers/openmpi/2.1.1/gnu--7.3.0/bin:/cineca/prod/opt/compilers/gnu/7.3.0/none/bin:/marconi/home/userexternal/fcappel1/.pyenv/shims:/marconi/home/userexternal/fcappel1/.pyenv/bin:/marconi_work/Pra14_3574/Francesco/bin/orca_4_0_0_linux_x86-64/:/marconi/home/userexternal/fcappel1/ase/bin:/marconi_work/Pra14_3574/LAMMPS/Francesco/lammps/exe:/marconi/home/userexternal/fcappel1/cp2k/exe/Linux-x86-64-gfortran:marconi/home/userexternal/fcappel1/bin:/marconi_work/Pra14_3574/Francesco/bin:/cineca/bin:/usr/lib64/qt-3.3/bin:/cineca/sysprod/pbs/default/bin:/usr/local/bin:/usr/bin:/usr/local/sbin:/usr/sbin:/marconi/home/userexternal/fcappel1/.local/bin:/marconi/home/userexternal/fcappel1/bin
[r039c06s08:52559] mpirun: reset LD_LIBRARY_PATH: /cineca/prod/opt/compilers/openmpi/2.1.1/gnu--7.3.0/lib:/cineca/prod/opt/compilers/openmpi/2.1.1/gnu--7.3.0/lib:/cineca/prod/opt/compilers/gnu/7.3.0/none/lib64
[r039c06s08:52559] [[63467,0],0] Releasing job data for [INVALID]
[r039c06s08:52566] procdir: /scratch_local/slurm_job.845610/openmpi-sessions-29530@r039c06s08_0/63467/1/2
[r039c06s08:52566] jobdir: /scratch_local/slurm_job.845610/openmpi-sessions-29530@r039c06s08_0/63467/1
[r039c06s08:52566] top: openmpi-sessions-29530@r039c06s08_0
[r039c06s08:52566] tmp: /scratch_local/slurm_job.845610
[r039c06s08:52565] procdir: /scratch_local/slurm_job.845610/openmpi-sessions-29530@r039c06s08_0/63467/1/1
[r039c06s08:52565] jobdir: /scratch_local/slurm_job.845610/openmpi-sessions-29530@r039c06s08_0/63467/1
[r039c06s08:52565] top: openmpi-sessions-29530@r039c06s08_0
[r039c06s08:52565] tmp: /scratch_local/slurm_job.845610
[r039c06s08:52564] procdir: /scratch_local/slurm_job.845610/openmpi-sessions-29530@r039c06s08_0/63467/1/0
[r039c06s08:52564] jobdir: /scratch_local/slurm_job.845610/openmpi-sessions-29530@r039c06s08_0/63467/1
[r039c06s08:52564] top: openmpi-sessions-29530@r039c06s08_0
[r039c06s08:52564] tmp: /scratch_local/slurm_job.845610
[r039c06s08:52574] procdir: /scratch_local/slurm_job.845610/openmpi-sessions-29530@r039c06s08_0/63467/1/10
[r039c06s08:52574] jobdir: /scratch_local/slurm_job.845610/openmpi-sessions-29530@r039c06s08_0/63467/1
[r039c06s08:52574] top: openmpi-sessions-29530@r039c06s08_0
[r039c06s08:52574] tmp: /scratch_local/slurm_job.845610
[r039c06s08:52569] procdir: /scratch_local/slurm_job.845610/openmpi-sessions-29530@r039c06s08_0/63467/1/5
[r039c06s08:52569] jobdir: /scratch_local/slurm_job.845610/openmpi-sessions-29530@r039c06s08_0/63467/1
[r039c06s08:52569] top: openmpi-sessions-29530@r039c06s08_0
[r039c06s08:52569] tmp: /scratch_local/slurm_job.845610
  MPIR_being_debugged = 0
  MPIR_debug_state = 1
  MPIR_partial_attach_ok = 1
  MPIR_i_am_starter = 0
  MPIR_forward_output = 0
  MPIR_proctable_size = 12
  MPIR_proctable:
    (i, host, exe, pid) = (0, r039c06s08, /cineca/prod/opt/applications/orca/4.0.1/binary/bin/orca_scfgrad_mpi, 52564)
    (i, host, exe, pid) = (1, r039c06s08, /cineca/prod/opt/applications/orca/4.0.1/binary/bin/orca_scfgrad_mpi, 52565)
    (i, host, exe, pid) = (2, r039c06s08, /cineca/prod/opt/applications/orca/4.0.1/binary/bin/orca_scfgrad_mpi, 52566)
    (i, host, exe, pid) = (3, r039c06s08, /cineca/prod/opt/applications/orca/4.0.1/binary/bin/orca_scfgrad_mpi, 52567)
    (i, host, exe, pid) = (4, r039c06s08, /cineca/prod/opt/applications/orca/4.0.1/binary/bin/orca_scfgrad_mpi, 52568)
    (i, host, exe, pid) = (5, r039c06s08, /cineca/prod/opt/applications/orca/4.0.1/binary/bin/orca_scfgrad_mpi, 52569)
    (i, host, exe, pid) = (6, r039c06s08, /cineca/prod/opt/applications/orca/4.0.1/binary/bin/orca_scfgrad_mpi, 52570)
    (i, host, exe, pid) = (7, r039c06s08, /cineca/prod/opt/applications/orca/4.0.1/binary/bin/orca_scfgrad_mpi, 52571)
    (i, host, exe, pid) = (8, r039c06s08, /cineca/prod/opt/applications/orca/4.0.1/binary/bin/orca_scfgrad_mpi, 52572)
    (i, host, exe, pid) = (9, r039c06s08, /cineca/prod/opt/applications/orca/4.0.1/binary/bin/orca_scfgrad_mpi, 52573)
    (i, host, exe, pid) = (10, r039c06s08, /cineca/prod/opt/applications/orca/4.0.1/binary/bin/orca_scfgrad_mpi, 52574)
    (i, host, exe, pid) = (11, r039c06s08, /cineca/prod/opt/applications/orca/4.0.1/binary/bin/orca_scfgrad_mpi, 52575)
MPIR_executable_path: NULL
MPIR_server_arguments: NULL
[r039c06s08:52570] procdir: /scratch_local/slurm_job.845610/openmpi-sessions-29530@r039c06s08_0/63467/1/6
[r039c06s08:52570] jobdir: /scratch_local/slurm_job.845610/openmpi-sessions-29530@r039c06s08_0/63467/1
[r039c06s08:52570] top: openmpi-sessions-29530@r039c06s08_0
[r039c06s08:52570] tmp: /scratch_local/slurm_job.845610
[r039c06s08:52568] procdir: /scratch_local/slurm_job.845610/openmpi-sessions-29530@r039c06s08_0/63467/1/4
[r039c06s08:52568] jobdir: /scratch_local/slurm_job.845610/openmpi-sessions-29530@r039c06s08_0/63467/1
[r039c06s08:52568] top: openmpi-sessions-29530@r039c06s08_0
[r039c06s08:52568] tmp: /scratch_local/slurm_job.845610
[r039c06s08:52567] procdir: /scratch_local/slurm_job.845610/openmpi-sessions-29530@r039c06s08_0/63467/1/3
[r039c06s08:52567] jobdir: /scratch_local/slurm_job.845610/openmpi-sessions-29530@r039c06s08_0/63467/1
[r039c06s08:52567] top: openmpi-sessions-29530@r039c06s08_0
[r039c06s08:52567] tmp: /scratch_local/slurm_job.845610
[r039c06s08:52572] procdir: /scratch_local/slurm_job.845610/openmpi-sessions-29530@r039c06s08_0/63467/1/8
[r039c06s08:52572] jobdir: /scratch_local/slurm_job.845610/openmpi-sessions-29530@r039c06s08_0/63467/1
[r039c06s08:52572] top: openmpi-sessions-29530@r039c06s08_0
[r039c06s08:52572] tmp: /scratch_local/slurm_job.845610
[r039c06s08:52571] procdir: /scratch_local/slurm_job.845610/openmpi-sessions-29530@r039c06s08_0/63467/1/7
[r039c06s08:52571] jobdir: /scratch_local/slurm_job.845610/openmpi-sessions-29530@r039c06s08_0/63467/1
[r039c06s08:52571] top: openmpi-sessions-29530@r039c06s08_0
[r039c06s08:52571] tmp: /scratch_local/slurm_job.845610
[r039c06s08:52575] procdir: /scratch_local/slurm_job.845610/openmpi-sessions-29530@r039c06s08_0/63467/1/11
[r039c06s08:52575] jobdir: /scratch_local/slurm_job.845610/openmpi-sessions-29530@r039c06s08_0/63467/1
[r039c06s08:52575] top: openmpi-sessions-29530@r039c06s08_0
[r039c06s08:52575] tmp: /scratch_local/slurm_job.845610
[r039c06s08:52573] procdir: /scratch_local/slurm_job.845610/openmpi-sessions-29530@r039c06s08_0/63467/1/9
[r039c06s08:52573] jobdir: /scratch_local/slurm_job.845610/openmpi-sessions-29530@r039c06s08_0/63467/1
[r039c06s08:52573] top: openmpi-sessions-29530@r039c06s08_0
[r039c06s08:52573] tmp: /scratch_local/slurm_job.845610
[r039c06s08:52564] sess_dir_finalize: proc session dir does not exist
[r039c06s08:52566] sess_dir_finalize: proc session dir does not exist
[r039c06s08:52568] sess_dir_finalize: proc session dir does not exist
[r039c06s08:52574] sess_dir_finalize: proc session dir does not exist
[r039c06s08:52570] sess_dir_finalize: proc session dir does not exist
[r039c06s08:52559] sess_dir_finalize: proc session dir does not exist
[r039c06s08:52571] sess_dir_finalize: proc session dir does not exist
[r039c06s08:52569] sess_dir_finalize: proc session dir does not exist
[r039c06s08:52572] sess_dir_finalize: proc session dir does not exist
[r039c06s08:52559] sess_dir_finalize: proc session dir does not exist
[r039c06s08:52559] sess_dir_finalize: proc session dir does not exist
[r039c06s08:52559] sess_dir_finalize: proc session dir does not exist
[r039c06s08:52559] sess_dir_finalize: proc session dir does not exist
[r039c06s08:52559] sess_dir_finalize: proc session dir does not exist
[r039c06s08:52559] sess_dir_finalize: proc session dir does not exist
[r039c06s08:52575] sess_dir_finalize: proc session dir does not exist
[r039c06s08:52559] sess_dir_finalize: proc session dir does not exist
[r039c06s08:52565] sess_dir_finalize: proc session dir does not exist
[r039c06s08:52559] sess_dir_finalize: proc session dir does not exist
[r039c06s08:52559] sess_dir_finalize: proc session dir does not exist
[r039c06s08:52567] sess_dir_finalize: proc session dir does not exist
[r039c06s08:52559] sess_dir_finalize: proc session dir does not exist
[r039c06s08:52573] sess_dir_finalize: proc session dir does not exist
[r039c06s08:52559] sess_dir_finalize: proc session dir does not exist
[r039c06s08:52559] sess_dir_finalize: proc session dir does not exist
[r039c06s08:52559] sess_dir_cleanup: job session dir does not exist
exiting with status 0
[r039c06s08:52670] procdir: /scratch_local/slurm_job.845610/openmpi-sessions-29530@r039c06s08_0/63258/0/0
[r039c06s08:52670] jobdir: /scratch_local/slurm_job.845610/openmpi-sessions-29530@r039c06s08_0/63258/0
[r039c06s08:52670] top: openmpi-sessions-29530@r039c06s08_0
[r039c06s08:52670] tmp: /scratch_local/slurm_job.845610
[r039c06s08:52670] sess_dir_cleanup: job session dir does not exist
[r039c06s08:52670] procdir: /scratch_local/slurm_job.845610/openmpi-sessions-29530@r039c06s08_0/63258/0/0
[r039c06s08:52670] jobdir: /scratch_local/slurm_job.845610/openmpi-sessions-29530@r039c06s08_0/63258/0
[r039c06s08:52670] top: openmpi-sessions-29530@r039c06s08_0
[r039c06s08:52670] tmp: /scratch_local/slurm_job.845610
[r039c06s08:52670] mpirun: reset PATH: /cineca/prod/opt/compilers/openmpi/2.1.1/gnu--7.3.0/bin:/cineca/prod/opt/applications/orca/4.0.1/binary/bin:/cineca/prod/opt/compilers/openmpi/2.1.1/gnu--7.3.0/bin:/cineca/prod/opt/compilers/gnu/7.3.0/none/bin:/marconi/home/userexternal/fcappel1/.pyenv/shims:/marconi/home/userexternal/fcappel1/.pyenv/bin:/marconi_work/Pra14_3574/Francesco/bin/orca_4_0_0_linux_x86-64/:/marconi/home/userexternal/fcappel1/ase/bin:/marconi_work/Pra14_3574/LAMMPS/Francesco/lammps/exe:/marconi/home/userexternal/fcappel1/cp2k/exe/Linux-x86-64-gfortran:marconi/home/userexternal/fcappel1/bin:/marconi_work/Pra14_3574/Francesco/bin:/cineca/bin:/usr/lib64/qt-3.3/bin:/cineca/sysprod/pbs/default/bin:/usr/local/bin:/usr/bin:/usr/local/sbin:/usr/sbin:/marconi/home/userexternal/fcappel1/.local/bin:/marconi/home/userexternal/fcappel1/bin
[r039c06s08:52670] mpirun: reset LD_LIBRARY_PATH: /cineca/prod/opt/compilers/openmpi/2.1.1/gnu--7.3.0/lib:/cineca/prod/opt/compilers/openmpi/2.1.1/gnu--7.3.0/lib:/cineca/prod/opt/compilers/gnu/7.3.0/none/lib64
[r039c06s08:52670] [[63258,0],0] Releasing job data for [INVALID]
[r039c06s08:52677] procdir: /scratch_local/slurm_job.845610/openmpi-sessions-29530@r039c06s08_0/63258/1/2
[r039c06s08:52677] jobdir: /scratch_local/slurm_job.845610/openmpi-sessions-29530@r039c06s08_0/63258/1
[r039c06s08:52677] top: openmpi-sessions-29530@r039c06s08_0
[r039c06s08:52677] tmp: /scratch_local/slurm_job.845610
[r039c06s08:52676] procdir: /scratch_local/slurm_job.845610/openmpi-sessions-29530@r039c06s08_0/63258/1/1
[r039c06s08:52676] jobdir: /scratch_local/slurm_job.845610/openmpi-sessions-29530@r039c06s08_0/63258/1
[r039c06s08:52676] top: openmpi-sessions-29530@r039c06s08_0
[r039c06s08:52676] tmp: /scratch_local/slurm_job.845610
[r039c06s08:52675] procdir: /scratch_local/slurm_job.845610/openmpi-sessions-29530@r039c06s08_0/63258/1/0
[r039c06s08:52675] jobdir: /scratch_local/slurm_job.845610/openmpi-sessions-29530@r039c06s08_0/63258/1
[r039c06s08:52675] top: openmpi-sessions-29530@r039c06s08_0
[r039c06s08:52675] tmp: /scratch_local/slurm_job.845610
[r039c06s08:52680] procdir: /scratch_local/slurm_job.845610/openmpi-sessions-29530@r039c06s08_0/63258/1/5
[r039c06s08:52680] jobdir: /scratch_local/slurm_job.845610/openmpi-sessions-29530@r039c06s08_0/63258/1
[r039c06s08:52680] top: openmpi-sessions-29530@r039c06s08_0
[r039c06s08:52680] tmp: /scratch_local/slurm_job.845610
[r039c06s08:52685] procdir: /scratch_local/slurm_job.845610/openmpi-sessions-29530@r039c06s08_0/63258/1/10
[r039c06s08:52685] jobdir: /scratch_local/slurm_job.845610/openmpi-sessions-29530@r039c06s08_0/63258/1
[r039c06s08:52685] top: openmpi-sessions-29530@r039c06s08_0
[r039c06s08:52685] tmp: /scratch_local/slurm_job.845610
[r039c06s08:52681] procdir: /scratch_local/slurm_job.845610/openmpi-sessions-29530@r039c06s08_0/63258/1/6
[r039c06s08:52681] jobdir: /scratch_local/slurm_job.845610/openmpi-sessions-29530@r039c06s08_0/63258/1
[r039c06s08:52681] top: openmpi-sessions-29530@r039c06s08_0
[r039c06s08:52681] tmp: /scratch_local/slurm_job.845610
[r039c06s08:52683] procdir: /scratch_local/slurm_job.845610/openmpi-sessions-29530@r039c06s08_0/63258/1/8
[r039c06s08:52683] jobdir: /scratch_local/slurm_job.845610/openmpi-sessions-29530@r039c06s08_0/63258/1
[r039c06s08:52683] top: openmpi-sessions-29530@r039c06s08_0
[r039c06s08:52683] tmp: /scratch_local/slurm_job.845610
[r039c06s08:52679] procdir: /scratch_local/slurm_job.845610/openmpi-sessions-29530@r039c06s08_0/63258/1/4
[r039c06s08:52679] jobdir: /scratch_local/slurm_job.845610/openmpi-sessions-29530@r039c06s08_0/63258/1
[r039c06s08:52679] top: openmpi-sessions-29530@r039c06s08_0
[r039c06s08:52679] tmp: /scratch_local/slurm_job.845610
[r039c06s08:52678] procdir: /scratch_local/slurm_job.845610/openmpi-sessions-29530@r039c06s08_0/63258/1/3
[r039c06s08:52678] jobdir: /scratch_local/slurm_job.845610/openmpi-sessions-29530@r039c06s08_0/63258/1
[r039c06s08:52678] top: openmpi-sessions-29530@r039c06s08_0
[r039c06s08:52678] tmp: /scratch_local/slurm_job.845610
[r039c06s08:52686] procdir: /scratch_local/slurm_job.845610/openmpi-sessions-29530@r039c06s08_0/63258/1/11
[r039c06s08:52686] jobdir: /scratch_local/slurm_job.845610/openmpi-sessions-29530@r039c06s08_0/63258/1
[r039c06s08:52686] top: openmpi-sessions-29530@r039c06s08_0
[r039c06s08:52686] tmp: /scratch_local/slurm_job.845610
[r039c06s08:52682] procdir: /scratch_local/slurm_job.845610/openmpi-sessions-29530@r039c06s08_0/63258/1/7
[r039c06s08:52682] jobdir: /scratch_local/slurm_job.845610/openmpi-sessions-29530@r039c06s08_0/63258/1
[r039c06s08:52682] top: openmpi-sessions-29530@r039c06s08_0
[r039c06s08:52682] tmp: /scratch_local/slurm_job.845610
  MPIR_being_debugged = 0
  MPIR_debug_state = 1
  MPIR_partial_attach_ok = 1
  MPIR_i_am_starter = 0
  MPIR_forward_output = 0
  MPIR_proctable_size = 12
  MPIR_proctable:
    (i, host, exe, pid) = (0, r039c06s08, /cineca/prod/opt/applications/orca/4.0.1/binary/bin/orca_cleanup_mpi, 52675)
    (i, host, exe, pid) = (1, r039c06s08, /cineca/prod/opt/applications/orca/4.0.1/binary/bin/orca_cleanup_mpi, 52676)
    (i, host, exe, pid) = (2, r039c06s08, /cineca/prod/opt/applications/orca/4.0.1/binary/bin/orca_cleanup_mpi, 52677)
    (i, host, exe, pid) = (3, r039c06s08, /cineca/prod/opt/applications/orca/4.0.1/binary/bin/orca_cleanup_mpi, 52678)
    (i, host, exe, pid) = (4, r039c06s08, /cineca/prod/opt/applications/orca/4.0.1/binary/bin/orca_cleanup_mpi, 52679)
    (i, host, exe, pid) = (5, r039c06s08, /cineca/prod/opt/applications/orca/4.0.1/binary/bin/orca_cleanup_mpi, 52680)
    (i, host, exe, pid) = (6, r039c06s08, /cineca/prod/opt/applications/orca/4.0.1/binary/bin/orca_cleanup_mpi, 52681)
    (i, host, exe, pid) = (7, r039c06s08, /cineca/prod/opt/applications/orca/4.0.1/binary/bin/orca_cleanup_mpi, 52682)
    (i, host, exe, pid) = (8, r039c06s08, /cineca/prod/opt/applications/orca/4.0.1/binary/bin/orca_cleanup_mpi, 52683)
    (i, host, exe, pid) = (9, r039c06s08, /cineca/prod/opt/applications/orca/4.0.1/binary/bin/orca_cleanup_mpi, 52684)
    (i, host, exe, pid) = (10, r039c06s08, /cineca/prod/opt/applications/orca/4.0.1/binary/bin/orca_cleanup_mpi, 52685)
    (i, host, exe, pid) = (11, r039c06s08, /cineca/prod/opt/applications/orca/4.0.1/binary/bin/orca_cleanup_mpi, 52686)
MPIR_executable_path: NULL
MPIR_server_arguments: NULL
[r039c06s08:52684] procdir: /scratch_local/slurm_job.845610/openmpi-sessions-29530@r039c06s08_0/63258/1/9
[r039c06s08:52684] jobdir: /scratch_local/slurm_job.845610/openmpi-sessions-29530@r039c06s08_0/63258/1
[r039c06s08:52684] top: openmpi-sessions-29530@r039c06s08_0
[r039c06s08:52684] tmp: /scratch_local/slurm_job.845610
[r039c06s08:52681] sess_dir_finalize: proc session dir does not exist
[r039c06s08:52678] sess_dir_finalize: proc session dir does not exist
[r039c06s08:52670] sess_dir_finalize: proc session dir does not exist
[r039c06s08:52679] sess_dir_finalize: proc session dir does not exist
[r039c06s08:52685] sess_dir_finalize: proc session dir does not exist
[r039c06s08:52677] sess_dir_finalize: proc session dir does not exist
[r039c06s08:52683] sess_dir_finalize: proc session dir does not exist
[r039c06s08:52675] sess_dir_finalize: proc session dir does not exist
[r039c06s08:52670] sess_dir_finalize: proc session dir does not exist
[r039c06s08:52670] sess_dir_finalize: proc session dir does not exist
[r039c06s08:52670] sess_dir_finalize: proc session dir does not exist
[r039c06s08:52670] sess_dir_finalize: proc session dir does not exist
[r039c06s08:52670] sess_dir_finalize: proc session dir does not exist
[r039c06s08:52670] sess_dir_finalize: proc session dir does not exist
[r039c06s08:52676] sess_dir_finalize: proc session dir does not exist
[r039c06s08:52682] sess_dir_finalize: proc session dir does not exist
[r039c06s08:52684] sess_dir_finalize: proc session dir does not exist
[r039c06s08:52680] sess_dir_finalize: proc session dir does not exist
[r039c06s08:52686] sess_dir_finalize: proc session dir does not exist
[r039c06s08:52670] sess_dir_finalize: proc session dir does not exist
[r039c06s08:52670] sess_dir_finalize: proc session dir does not exist
[r039c06s08:52670] sess_dir_finalize: proc session dir does not exist
[r039c06s08:52670] sess_dir_finalize: proc session dir does not exist
[r039c06s08:52670] sess_dir_finalize: proc session dir does not exist
[r039c06s08:52670] sess_dir_finalize: proc session dir does not exist
[r039c06s08:52670] sess_dir_cleanup: job session dir does not exist
exiting with status 0
